2023-03-19 19:53:50 [scrapy.utils.log] INFO: Scrapy 2.7.1 started (bot: ACG)
2023-03-19 19:53:50 [scrapy.utils.log] INFO: Versions: lxml 4.9.2.0, libxml2 2.9.12, cssselect 1.2.0, parsel 1.7.0, w3lib 2.1.1, Twisted 22.10.0, Python 3.9.6 (tags/v3.9.6:db3ff76, Jun 28 2021, 15:26:21) [MSC v.1929 64 bit (AMD64)], pyOpenSSL 22.0.0 (OpenSSL 1.1.1n  15 Mar 2022), cryptography 36.0.2, Platform Windows-10-10.0.22621-SP0
2023-03-19 19:53:50 [scrapy.crawler] INFO: Overridden settings:
{'BOT_NAME': 'ACG',
 'LOG_FILE': 'log/scrapy_2023_3_19.log',
 'NEWSPIDER_MODULE': 'ACG.spiders',
 'REQUEST_FINGERPRINTER_IMPLEMENTATION': '2.7',
 'SPIDER_MODULES': ['ACG.spiders'],
 'TWISTED_REACTOR': 'twisted.internet.asyncioreactor.AsyncioSelectorReactor'}
2023-03-19 19:53:50 [asyncio] DEBUG: Using selector: SelectSelector
2023-03-19 19:53:50 [scrapy.utils.log] DEBUG: Using reactor: twisted.internet.asyncioreactor.AsyncioSelectorReactor
2023-03-19 19:53:50 [scrapy.utils.log] DEBUG: Using asyncio event loop: asyncio.windows_events._WindowsSelectorEventLoop
2023-03-19 19:53:50 [scrapy.extensions.telnet] INFO: Telnet Password: 4abd71e65c5fea1e
2023-03-19 19:53:50 [scrapy.middleware] INFO: Enabled extensions:
['scrapy.extensions.corestats.CoreStats',
 'scrapy.extensions.telnet.TelnetConsole',
 'scrapy.extensions.logstats.LogStats']
2023-03-19 19:53:51 [scrapy.middleware] INFO: Enabled downloader middlewares:
['ACG.middlewares.DelayedRequestsMiddleware',
 'scrapy.downloadermiddlewares.httpauth.HttpAuthMiddleware',
 'scrapy.downloadermiddlewares.downloadtimeout.DownloadTimeoutMiddleware',
 'scrapy.downloadermiddlewares.defaultheaders.DefaultHeadersMiddleware',
 'scrapy.downloadermiddlewares.useragent.UserAgentMiddleware',
 'scrapy.downloadermiddlewares.retry.RetryMiddleware',
 'scrapy.downloadermiddlewares.redirect.MetaRefreshMiddleware',
 'scrapy.downloadermiddlewares.httpcompression.HttpCompressionMiddleware',
 'scrapy.downloadermiddlewares.redirect.RedirectMiddleware',
 'scrapy.downloadermiddlewares.cookies.CookiesMiddleware',
 'scrapy.downloadermiddlewares.httpproxy.HttpProxyMiddleware',
 'scrapy.downloadermiddlewares.stats.DownloaderStats']
2023-03-19 19:53:51 [scrapy.middleware] INFO: Enabled spider middlewares:
['scrapy.spidermiddlewares.httperror.HttpErrorMiddleware',
 'scrapy.spidermiddlewares.offsite.OffsiteMiddleware',
 'scrapy.spidermiddlewares.referer.RefererMiddleware',
 'scrapy.spidermiddlewares.urllength.UrlLengthMiddleware',
 'scrapy.spidermiddlewares.depth.DepthMiddleware']
2023-03-19 19:53:51 [scrapy.middleware] INFO: Enabled item pipelines:
[]
2023-03-19 19:53:51 [scrapy.core.engine] INFO: Spider opened
2023-03-19 19:53:51 [scrapy.extensions.logstats] INFO: Crawled 0 pages (at 0 pages/min), scraped 0 items (at 0 items/min)
2023-03-19 19:53:51 [scrapy.extensions.telnet] INFO: Telnet console listening on 127.0.0.1:6023
2023-03-19 19:53:52 [scrapy.core.engine] DEBUG: Crawled (404) <GET http://2302--2700.0227.world.chickengotogo.com:1223/o/> (referer: None)
2023-03-19 19:53:52 [filelock] DEBUG: Attempting to acquire lock 1284189583536 on D:\Python\lib\site-packages\tldextract\.suffix_cache/publicsuffix.org-tlds\de84b5ca2167d4c83e38fb162f2e8738.tldextract.json.lock
2023-03-19 19:53:52 [filelock] DEBUG: Lock 1284189583536 acquired on D:\Python\lib\site-packages\tldextract\.suffix_cache/publicsuffix.org-tlds\de84b5ca2167d4c83e38fb162f2e8738.tldextract.json.lock
2023-03-19 19:53:52 [filelock] DEBUG: Attempting to release lock 1284189583536 on D:\Python\lib\site-packages\tldextract\.suffix_cache/publicsuffix.org-tlds\de84b5ca2167d4c83e38fb162f2e8738.tldextract.json.lock
2023-03-19 19:53:52 [filelock] DEBUG: Lock 1284189583536 released on D:\Python\lib\site-packages\tldextract\.suffix_cache/publicsuffix.org-tlds\de84b5ca2167d4c83e38fb162f2e8738.tldextract.json.lock
2023-03-19 19:53:52 [scrapy.core.engine] DEBUG: Crawled (200) <GET https://www.dec.ys20230308.com/> (referer: http://2302--2700.0227.world.chickengotogo.com:1223/o/)
2023-03-19 19:53:53 [scrapy.core.engine] DEBUG: Crawled (200) <POST https://www.dec.ys20230308.com/member.php?mod=logging&action=login&loginsubmit=yes&infloat=yes&lssubmit=yes> (referer: https://www.dec.ys20230308.com/)
2023-03-19 19:53:54 [scrapy.core.engine] DEBUG: Crawled (200) <GET https://www.dec.ys20230308.com/> (referer: https://www.dec.ys20230308.com/member.php?mod=logging&action=login&loginsubmit=yes&infloat=yes&lssubmit=yes)
2023-03-19 19:53:54 [scrapy.core.engine] INFO: Closing spider (登录失败)
2023-03-19 19:53:54 [scrapy.statscollectors] INFO: Dumping Scrapy stats:
{'downloader/request_bytes': 2207,
 'downloader/request_count': 4,
 'downloader/request_method_count/GET': 3,
 'downloader/request_method_count/POST': 1,
 'downloader/response_bytes': 25030,
 'downloader/response_count': 4,
 'downloader/response_status_count/200': 3,
 'downloader/response_status_count/404': 1,
 'elapsed_time_seconds': 2.865641,
 'finish_reason': '登录失败',
 'finish_time': datetime.datetime(2023, 3, 19, 11, 53, 54, 174711),
 'httpcompression/response_bytes': 77573,
 'httpcompression/response_count': 4,
 'log_count/DEBUG': 11,
 'log_count/INFO': 10,
 'request_depth_max': 3,
 'response_received_count': 4,
 'scheduler/dequeued': 4,
 'scheduler/dequeued/memory': 4,
 'scheduler/enqueued': 4,
 'scheduler/enqueued/memory': 4,
 'start_time': datetime.datetime(2023, 3, 19, 11, 53, 51, 309070)}
2023-03-19 19:53:54 [scrapy.core.engine] INFO: Spider closed (登录失败)
