2023-03-24 20:11:32 [scrapy.utils.log] INFO: Scrapy 2.7.1 started (bot: ACG)
2023-03-24 20:11:32 [scrapy.utils.log] INFO: Versions: lxml 4.9.2.0, libxml2 2.9.12, cssselect 1.2.0, parsel 1.7.0, w3lib 2.1.1, Twisted 22.10.0, Python 3.9.6 (tags/v3.9.6:db3ff76, Jun 28 2021, 15:26:21) [MSC v.1929 64 bit (AMD64)], pyOpenSSL 22.0.0 (OpenSSL 1.1.1n  15 Mar 2022), cryptography 36.0.2, Platform Windows-10-10.0.22621-SP0
2023-03-24 20:11:32 [scrapy.crawler] INFO: Overridden settings:
{'BOT_NAME': 'ACG',
 'LOG_FILE': 'log/scrapy_2023_3_24.log',
 'NEWSPIDER_MODULE': 'ACG.spiders',
 'REQUEST_FINGERPRINTER_IMPLEMENTATION': '2.7',
 'SPIDER_MODULES': ['ACG.spiders'],
 'TWISTED_REACTOR': 'twisted.internet.asyncioreactor.AsyncioSelectorReactor'}
2023-03-24 20:11:32 [asyncio] DEBUG: Using selector: SelectSelector
2023-03-24 20:11:32 [scrapy.utils.log] DEBUG: Using reactor: twisted.internet.asyncioreactor.AsyncioSelectorReactor
2023-03-24 20:11:32 [scrapy.utils.log] DEBUG: Using asyncio event loop: asyncio.windows_events._WindowsSelectorEventLoop
2023-03-24 20:11:32 [scrapy.extensions.telnet] INFO: Telnet Password: f414c7e40148036e
2023-03-24 20:11:32 [scrapy.middleware] INFO: Enabled extensions:
['scrapy.extensions.corestats.CoreStats',
 'scrapy.extensions.telnet.TelnetConsole',
 'scrapy.extensions.logstats.LogStats']
2023-03-24 20:11:33 [scrapy.middleware] INFO: Enabled downloader middlewares:
['ACG.middlewares.DelayedRequestsMiddleware',
 'scrapy.downloadermiddlewares.httpauth.HttpAuthMiddleware',
 'scrapy.downloadermiddlewares.downloadtimeout.DownloadTimeoutMiddleware',
 'scrapy.downloadermiddlewares.defaultheaders.DefaultHeadersMiddleware',
 'scrapy.downloadermiddlewares.useragent.UserAgentMiddleware',
 'scrapy.downloadermiddlewares.retry.RetryMiddleware',
 'scrapy.downloadermiddlewares.redirect.MetaRefreshMiddleware',
 'scrapy.downloadermiddlewares.httpcompression.HttpCompressionMiddleware',
 'scrapy.downloadermiddlewares.redirect.RedirectMiddleware',
 'scrapy.downloadermiddlewares.cookies.CookiesMiddleware',
 'scrapy.downloadermiddlewares.httpproxy.HttpProxyMiddleware',
 'scrapy.downloadermiddlewares.stats.DownloaderStats']
2023-03-24 20:11:33 [scrapy.middleware] INFO: Enabled spider middlewares:
['scrapy.spidermiddlewares.httperror.HttpErrorMiddleware',
 'scrapy.spidermiddlewares.offsite.OffsiteMiddleware',
 'scrapy.spidermiddlewares.referer.RefererMiddleware',
 'scrapy.spidermiddlewares.urllength.UrlLengthMiddleware',
 'scrapy.spidermiddlewares.depth.DepthMiddleware']
2023-03-24 20:11:33 [scrapy.middleware] INFO: Enabled item pipelines:
[]
2023-03-24 20:11:33 [scrapy.core.engine] INFO: Spider opened
2023-03-24 20:11:33 [scrapy.extensions.logstats] INFO: Crawled 0 pages (at 0 pages/min), scraped 0 items (at 0 items/min)
2023-03-24 20:11:33 [scrapy.extensions.telnet] INFO: Telnet console listening on 127.0.0.1:6023
2023-03-24 20:12:07 [scrapy.core.engine] DEBUG: Crawled (404) <GET http://2302--2700.0227.world.chickengotogo.com:1223/o/> (referer: None)
2023-03-24 20:12:33 [scrapy.extensions.logstats] INFO: Crawled 1 pages (at 1 pages/min), scraped 0 items (at 0 items/min)
2023-03-24 20:13:01 [filelock] DEBUG: Attempting to acquire lock 2001660430272 on D:\Python\lib\site-packages\tldextract\.suffix_cache/publicsuffix.org-tlds\de84b5ca2167d4c83e38fb162f2e8738.tldextract.json.lock
2023-03-24 20:13:01 [filelock] DEBUG: Lock 2001660430272 acquired on D:\Python\lib\site-packages\tldextract\.suffix_cache/publicsuffix.org-tlds\de84b5ca2167d4c83e38fb162f2e8738.tldextract.json.lock
2023-03-24 20:13:01 [filelock] DEBUG: Attempting to release lock 2001660430272 on D:\Python\lib\site-packages\tldextract\.suffix_cache/publicsuffix.org-tlds\de84b5ca2167d4c83e38fb162f2e8738.tldextract.json.lock
2023-03-24 20:13:01 [filelock] DEBUG: Lock 2001660430272 released on D:\Python\lib\site-packages\tldextract\.suffix_cache/publicsuffix.org-tlds\de84b5ca2167d4c83e38fb162f2e8738.tldextract.json.lock
2023-03-24 20:13:01 [scrapy.core.engine] DEBUG: Crawled (200) <GET https://www.dec.ys20230308.com/> (referer: http://2302--2700.0227.world.chickengotogo.com:1223/o/)
2023-03-24 20:13:09 [scrapy.downloadermiddlewares.redirect] DEBUG: Redirecting (301) to <POST https://www.dec.ys20230308.com/> from <POST https://www.dec.ys20230308.com/member.php?mod=logging&action=login&loginsubmit=yes&infloat=yes&lssubmit=yes>
2023-03-24 20:13:17 [scrapy.core.engine] DEBUG: Crawled (200) <POST https://www.dec.ys20230308.com/> (referer: https://www.dec.ys20230308.com/)
2023-03-24 20:13:33 [scrapy.extensions.logstats] INFO: Crawled 3 pages (at 2 pages/min), scraped 0 items (at 0 items/min)
2023-03-24 20:13:34 [scrapy.core.engine] DEBUG: Crawled (200) <GET https://www.dec.ys20230308.com/> (referer: https://www.dec.ys20230308.com/)
2023-03-24 20:14:12 [scrapy.core.engine] DEBUG: Crawled (200) <GET https://www.dec.ys20230308.com/forum.php?mod=viewthread&tid=887145&extra=> (referer: https://www.dec.ys20230308.com/)
2023-03-24 20:14:20 [scrapy.core.engine] DEBUG: Crawled (200) <GET https://www.dec.ys20230308.com/home.php?mod=spacecp&ac=credit&showcredit=1> (referer: https://www.dec.ys20230308.com/)
2023-03-24 20:14:20 [scrapy.core.engine] DEBUG: Crawled (200) <GET https://www.dec.ys20230308.com/home.php?mod=space&uid=2059673&do=doing&view=me&from=space> (referer: https://www.dec.ys20230308.com/)
2023-03-24 20:14:22 [scrapy.core.engine] DEBUG: Crawled (301) <POST https://www.dec.ys20230308.com/forum.php?mod=post&action=reply&fid=40&tid=887145&extra=&replysubmit=yes&infloat=yes&handlekey=fastpost> (referer: https://www.dec.ys20230308.com/forum.php?mod=viewthread&tid=887145&extra=)
2023-03-24 20:14:22 [scrapy.spidermiddlewares.httperror] INFO: Ignoring response <301 https://www.dec.ys20230308.com/forum.php?mod=post&action=reply&fid=40&tid=887145&extra=&replysubmit=yes&infloat=yes&handlekey=fastpost>: HTTP status code is not handled or not allowed
2023-03-24 20:14:30 [scrapy.core.engine] DEBUG: Crawled (200) <POST https://www.dec.ys20230308.com/home.php?mod=spacecp&ac=doing&view=me> (referer: https://www.dec.ys20230308.com/home.php?mod=space&uid=2059673&do=doing&view=me&from=space)
2023-03-24 20:14:33 [scrapy.extensions.logstats] INFO: Crawled 9 pages (at 6 pages/min), scraped 0 items (at 0 items/min)
2023-03-24 20:15:03 [scrapy.core.engine] DEBUG: Crawled (200) <GET https://www.dec.ys20230308.com/forum.php?mod=viewthread&tid=887132&extra=> (referer: https://www.dec.ys20230308.com/)
2023-03-24 20:15:13 [scrapy.core.engine] DEBUG: Crawled (200) <POST https://www.dec.ys20230308.com/forum.php?mod=post&action=reply&fid=40&tid=887132&extra=&replysubmit=yes&infloat=yes&handlekey=fastpost> (referer: https://www.dec.ys20230308.com/forum.php?mod=viewthread&tid=887132&extra=)
2023-03-24 20:15:29 [scrapy.downloadermiddlewares.retry] DEBUG: Retrying <POST https://www.dec.ys20230308.com/home.php?mod=spacecp&ac=doing&view=me> (failed 1 times): [<twisted.python.failure.Failure twisted.internet.error.ConnectionDone: Connection was closed cleanly.>]
2023-03-24 20:15:33 [scrapy.extensions.logstats] INFO: Crawled 11 pages (at 2 pages/min), scraped 0 items (at 0 items/min)
2023-03-24 20:16:33 [scrapy.extensions.logstats] INFO: Crawled 11 pages (at 0 pages/min), scraped 0 items (at 0 items/min)
2023-03-24 20:16:37 [scrapy.core.engine] DEBUG: Crawled (200) <GET https://www.dec.ys20230308.com/forum.php?mod=viewthread&tid=887130&extra=> (referer: https://www.dec.ys20230308.com/)
2023-03-24 20:16:49 [scrapy.core.engine] DEBUG: Crawled (301) <POST https://www.dec.ys20230308.com/forum.php?mod=post&action=reply&fid=40&tid=887130&extra=&replysubmit=yes&infloat=yes&handlekey=fastpost> (referer: https://www.dec.ys20230308.com/forum.php?mod=viewthread&tid=887130&extra=)
2023-03-24 20:16:49 [scrapy.spidermiddlewares.httperror] INFO: Ignoring response <301 https://www.dec.ys20230308.com/forum.php?mod=post&action=reply&fid=40&tid=887130&extra=&replysubmit=yes&infloat=yes&handlekey=fastpost>: HTTP status code is not handled or not allowed
2023-03-24 20:17:11 [scrapy.core.engine] DEBUG: Crawled (200) <POST https://www.dec.ys20230308.com/home.php?mod=spacecp&ac=doing&view=me> (referer: https://www.dec.ys20230308.com/home.php?mod=space&uid=2059673&do=doing&view=me&from=space)
2023-03-24 20:17:20 [scrapy.core.engine] DEBUG: Crawled (200) <POST https://www.dec.ys20230308.com/home.php?mod=spacecp&ac=doing&view=me> (referer: https://www.dec.ys20230308.com/home.php?mod=space&uid=2059673&do=doing&view=me&from=space)
2023-03-24 20:17:33 [scrapy.extensions.logstats] INFO: Crawled 15 pages (at 4 pages/min), scraped 0 items (at 0 items/min)
2023-03-24 20:17:37 [scrapy.core.engine] DEBUG: Crawled (200) <POST https://www.dec.ys20230308.com/home.php?mod=spacecp&ac=doing&view=me> (referer: https://www.dec.ys20230308.com/home.php?mod=space&uid=2059673&do=doing&view=me&from=space)
2023-03-24 20:18:33 [scrapy.extensions.logstats] INFO: Crawled 16 pages (at 1 pages/min), scraped 0 items (at 0 items/min)
2023-03-24 20:18:36 [scrapy.downloadermiddlewares.retry] DEBUG: Retrying <POST https://www.dec.ys20230308.com/home.php?mod=spacecp&ac=doing&view=me> (failed 1 times): [<twisted.python.failure.Failure twisted.internet.error.ConnectionDone: Connection was closed cleanly.>]
2023-03-24 20:19:33 [scrapy.extensions.logstats] INFO: Crawled 16 pages (at 0 pages/min), scraped 0 items (at 0 items/min)
2023-03-24 20:20:33 [scrapy.extensions.logstats] INFO: Crawled 16 pages (at 0 pages/min), scraped 0 items (at 0 items/min)
2023-03-24 20:21:33 [scrapy.extensions.logstats] INFO: Crawled 16 pages (at 0 pages/min), scraped 0 items (at 0 items/min)
2023-03-24 20:22:33 [scrapy.extensions.logstats] INFO: Crawled 16 pages (at 0 pages/min), scraped 0 items (at 0 items/min)
2023-03-24 20:23:05 [scrapy.downloadermiddlewares.retry] DEBUG: Retrying <POST https://www.dec.ys20230308.com/home.php?mod=spacecp&ac=doing&view=me> (failed 2 times): TCP connection timed out: 10060: 由于连接方在一段时间后没有正确答复或连接的主机没有反应，连接尝试失败。.
2023-03-24 20:23:33 [scrapy.extensions.logstats] INFO: Crawled 16 pages (at 0 pages/min), scraped 0 items (at 0 items/min)
2023-03-24 20:24:33 [scrapy.extensions.logstats] INFO: Crawled 16 pages (at 0 pages/min), scraped 0 items (at 0 items/min)
2023-03-24 20:25:33 [scrapy.extensions.logstats] INFO: Crawled 16 pages (at 0 pages/min), scraped 0 items (at 0 items/min)
2023-03-24 20:26:33 [scrapy.extensions.logstats] INFO: Crawled 16 pages (at 0 pages/min), scraped 0 items (at 0 items/min)
2023-03-24 20:27:33 [scrapy.extensions.logstats] INFO: Crawled 16 pages (at 0 pages/min), scraped 0 items (at 0 items/min)
2023-03-24 20:27:35 [scrapy.downloadermiddlewares.retry] ERROR: Gave up retrying <POST https://www.dec.ys20230308.com/home.php?mod=spacecp&ac=doing&view=me> (failed 3 times): TCP connection timed out: 10060: 由于连接方在一段时间后没有正确答复或连接的主机没有反应，连接尝试失败。.
2023-03-24 20:27:35 [scrapy.core.scraper] ERROR: Error downloading <POST https://www.dec.ys20230308.com/home.php?mod=spacecp&ac=doing&view=me>
Traceback (most recent call last):
  File "D:\Python\lib\site-packages\scrapy\core\downloader\middleware.py", line 49, in process_request
    return (yield download_func(request=request, spider=spider))
twisted.internet.error.TCPTimedOutError: TCP connection timed out: 10060: 由于连接方在一段时间后没有正确答复或连接的主机没有反应，连接尝试失败。.
2023-03-24 20:27:35 [py.warnings] WARNING: E:\Github_Local\Python_Application\Scrapy\ACG\ACG\spiders\sbook.py:105: ScrapyDeprecationWarning: Passing a 'spider' argument to ExecutionEngine.crawl is deprecated
  self.crawler.engine.crawl(req, spider)

2023-03-24 20:27:56 [scrapy.downloadermiddlewares.retry] DEBUG: Retrying <GET https://www.dec.ys20230308.com/home.php?mod=spacecp&ac=credit&showcredit=1> (failed 1 times): TCP connection timed out: 10060: 由于连接方在一段时间后没有正确答复或连接的主机没有反应，连接尝试失败。.
2023-03-24 20:28:17 [scrapy.downloadermiddlewares.retry] DEBUG: Retrying <GET https://www.dec.ys20230308.com/home.php?mod=spacecp&ac=credit&showcredit=1> (failed 2 times): TCP connection timed out: 10060: 由于连接方在一段时间后没有正确答复或连接的主机没有反应，连接尝试失败。.
2023-03-24 20:28:33 [scrapy.extensions.logstats] INFO: Crawled 16 pages (at 0 pages/min), scraped 0 items (at 0 items/min)
2023-03-24 20:28:34 [scrapy.downloadermiddlewares.retry] ERROR: Gave up retrying <GET https://www.dec.ys20230308.com/home.php?mod=spacecp&ac=credit&showcredit=1> (failed 3 times): An error occurred while connecting: 10053: 你的主机中的软件中止了一个已建立的连接。.
2023-03-24 20:28:34 [scrapy.core.scraper] ERROR: Error downloading <GET https://www.dec.ys20230308.com/home.php?mod=spacecp&ac=credit&showcredit=1>
Traceback (most recent call last):
  File "D:\Python\lib\site-packages\scrapy\core\downloader\middleware.py", line 49, in process_request
    return (yield download_func(request=request, spider=spider))
twisted.internet.error.ConnectError: An error occurred while connecting: 10053: 你的主机中的软件中止了一个已建立的连接。.
2023-03-24 20:28:34 [scrapy.dupefilters] DEBUG: Filtered duplicate request: <GET https://www.dec.ys20230308.com/home.php?mod=spacecp&ac=credit&showcredit=1> - no more duplicates will be shown (see DUPEFILTER_DEBUG to show all duplicates)
2023-03-24 20:28:34 [scrapy.core.engine] INFO: Closing spider (finished)
2023-03-24 20:28:34 [scrapy.statscollectors] INFO: Dumping Scrapy stats:
{'downloader/exception_count': 7,
 'downloader/exception_type_count/twisted.internet.error.ConnectError': 1,
 'downloader/exception_type_count/twisted.internet.error.TCPTimedOutError': 4,
 'downloader/exception_type_count/twisted.web._newclient.ResponseNeverReceived': 2,
 'downloader/request_bytes': 30204,
 'downloader/request_count': 24,
 'downloader/request_method_count/GET': 11,
 'downloader/request_method_count/POST': 13,
 'downloader/response_bytes': 148505,
 'downloader/response_count': 17,
 'downloader/response_status_count/200': 13,
 'downloader/response_status_count/301': 3,
 'downloader/response_status_count/404': 1,
 'dupefilter/filtered': 1,
 'elapsed_time_seconds': 1021.461388,
 'finish_reason': 'finished',
 'finish_time': datetime.datetime(2023, 3, 24, 12, 28, 34, 964115),
 'httpcompression/response_bytes': 524856,
 'httpcompression/response_count': 14,
 'httperror/response_ignored_count': 2,
 'httperror/response_ignored_status_count/301': 2,
 'log_count/DEBUG': 30,
 'log_count/ERROR': 4,
 'log_count/INFO': 29,
 'log_count/WARNING': 1,
 'request_depth_max': 5,
 'response_received_count': 16,
 'retry/count': 5,
 'retry/max_reached': 2,
 'retry/reason_count/twisted.internet.error.TCPTimedOutError': 3,
 'retry/reason_count/twisted.web._newclient.ResponseNeverReceived': 2,
 'scheduler/dequeued': 24,
 'scheduler/dequeued/memory': 24,
 'scheduler/enqueued': 24,
 'scheduler/enqueued/memory': 24,
 'start_time': datetime.datetime(2023, 3, 24, 12, 11, 33, 502727)}
2023-03-24 20:28:34 [scrapy.core.engine] INFO: Spider closed (finished)
