2023-03-23 20:07:11 [scrapy.utils.log] INFO: Scrapy 2.7.1 started (bot: ACG)
2023-03-23 20:07:11 [scrapy.utils.log] INFO: Versions: lxml 4.9.2.0, libxml2 2.9.12, cssselect 1.2.0, parsel 1.7.0, w3lib 2.1.1, Twisted 22.10.0, Python 3.9.6 (tags/v3.9.6:db3ff76, Jun 28 2021, 15:26:21) [MSC v.1929 64 bit (AMD64)], pyOpenSSL 22.0.0 (OpenSSL 1.1.1n  15 Mar 2022), cryptography 36.0.2, Platform Windows-10-10.0.22621-SP0
2023-03-23 20:07:11 [scrapy.crawler] INFO: Overridden settings:
{'BOT_NAME': 'ACG',
 'LOG_FILE': 'log/scrapy_2023_3_23.log',
 'NEWSPIDER_MODULE': 'ACG.spiders',
 'REQUEST_FINGERPRINTER_IMPLEMENTATION': '2.7',
 'SPIDER_MODULES': ['ACG.spiders'],
 'TWISTED_REACTOR': 'twisted.internet.asyncioreactor.AsyncioSelectorReactor'}
2023-03-23 20:07:11 [asyncio] DEBUG: Using selector: SelectSelector
2023-03-23 20:07:11 [scrapy.utils.log] DEBUG: Using reactor: twisted.internet.asyncioreactor.AsyncioSelectorReactor
2023-03-23 20:07:11 [scrapy.utils.log] DEBUG: Using asyncio event loop: asyncio.windows_events._WindowsSelectorEventLoop
2023-03-23 20:07:11 [scrapy.extensions.telnet] INFO: Telnet Password: d646c3ed8e158ca5
2023-03-23 20:07:11 [scrapy.middleware] INFO: Enabled extensions:
['scrapy.extensions.corestats.CoreStats',
 'scrapy.extensions.telnet.TelnetConsole',
 'scrapy.extensions.logstats.LogStats']
2023-03-23 20:07:12 [scrapy.middleware] INFO: Enabled downloader middlewares:
['ACG.middlewares.DelayedRequestsMiddleware',
 'scrapy.downloadermiddlewares.httpauth.HttpAuthMiddleware',
 'scrapy.downloadermiddlewares.downloadtimeout.DownloadTimeoutMiddleware',
 'scrapy.downloadermiddlewares.defaultheaders.DefaultHeadersMiddleware',
 'scrapy.downloadermiddlewares.useragent.UserAgentMiddleware',
 'scrapy.downloadermiddlewares.retry.RetryMiddleware',
 'scrapy.downloadermiddlewares.redirect.MetaRefreshMiddleware',
 'scrapy.downloadermiddlewares.httpcompression.HttpCompressionMiddleware',
 'scrapy.downloadermiddlewares.redirect.RedirectMiddleware',
 'scrapy.downloadermiddlewares.cookies.CookiesMiddleware',
 'scrapy.downloadermiddlewares.httpproxy.HttpProxyMiddleware',
 'scrapy.downloadermiddlewares.stats.DownloaderStats']
2023-03-23 20:07:12 [scrapy.middleware] INFO: Enabled spider middlewares:
['scrapy.spidermiddlewares.httperror.HttpErrorMiddleware',
 'scrapy.spidermiddlewares.offsite.OffsiteMiddleware',
 'scrapy.spidermiddlewares.referer.RefererMiddleware',
 'scrapy.spidermiddlewares.urllength.UrlLengthMiddleware',
 'scrapy.spidermiddlewares.depth.DepthMiddleware']
2023-03-23 20:07:12 [scrapy.middleware] INFO: Enabled item pipelines:
[]
2023-03-23 20:07:12 [scrapy.core.engine] INFO: Spider opened
2023-03-23 20:07:12 [scrapy.extensions.logstats] INFO: Crawled 0 pages (at 0 pages/min), scraped 0 items (at 0 items/min)
2023-03-23 20:07:12 [scrapy.extensions.telnet] INFO: Telnet console listening on 127.0.0.1:6023
2023-03-23 20:07:13 [scrapy.core.engine] DEBUG: Crawled (404) <GET http://2302--2700.0227.world.chickengotogo.com:1223/o/> (referer: None)
2023-03-23 20:07:14 [filelock] DEBUG: Attempting to acquire lock 2470776870368 on D:\Python\lib\site-packages\tldextract\.suffix_cache/publicsuffix.org-tlds\de84b5ca2167d4c83e38fb162f2e8738.tldextract.json.lock
2023-03-23 20:07:14 [filelock] DEBUG: Lock 2470776870368 acquired on D:\Python\lib\site-packages\tldextract\.suffix_cache/publicsuffix.org-tlds\de84b5ca2167d4c83e38fb162f2e8738.tldextract.json.lock
2023-03-23 20:07:14 [filelock] DEBUG: Attempting to release lock 2470776870368 on D:\Python\lib\site-packages\tldextract\.suffix_cache/publicsuffix.org-tlds\de84b5ca2167d4c83e38fb162f2e8738.tldextract.json.lock
2023-03-23 20:07:14 [filelock] DEBUG: Lock 2470776870368 released on D:\Python\lib\site-packages\tldextract\.suffix_cache/publicsuffix.org-tlds\de84b5ca2167d4c83e38fb162f2e8738.tldextract.json.lock
2023-03-23 20:07:14 [scrapy.core.engine] DEBUG: Crawled (200) <GET https://www.dec.ys20230308.com/> (referer: http://2302--2700.0227.world.chickengotogo.com:1223/o/)
2023-03-23 20:07:16 [scrapy.downloadermiddlewares.redirect] DEBUG: Redirecting (301) to <POST https://www.dec.ys20230308.com/> from <POST https://www.dec.ys20230308.com/member.php?mod=logging&action=login&loginsubmit=yes&infloat=yes&lssubmit=yes>
2023-03-23 20:07:16 [scrapy.core.engine] DEBUG: Crawled (200) <POST https://www.dec.ys20230308.com/> (referer: https://www.dec.ys20230308.com/)
2023-03-23 20:07:18 [scrapy.core.engine] DEBUG: Crawled (200) <GET https://www.dec.ys20230308.com/> (referer: https://www.dec.ys20230308.com/)
2023-03-23 20:07:20 [scrapy.core.engine] DEBUG: Crawled (200) <GET https://www.dec.ys20230308.com/forum.php?mod=viewthread&tid=887145&extra=> (referer: https://www.dec.ys20230308.com/)
2023-03-23 20:07:20 [scrapy.core.engine] DEBUG: Crawled (200) <GET https://www.dec.ys20230308.com/home.php?mod=spacecp&ac=credit&showcredit=1> (referer: https://www.dec.ys20230308.com/)
2023-03-23 20:07:20 [scrapy.core.engine] DEBUG: Crawled (200) <GET https://www.dec.ys20230308.com/home.php?mod=space&uid=2059673&do=doing&view=me&from=space> (referer: https://www.dec.ys20230308.com/)
2023-03-23 20:07:22 [scrapy.core.engine] DEBUG: Crawled (301) <POST https://www.dec.ys20230308.com/forum.php?mod=post&action=reply&fid=40&tid=887145&extra=&replysubmit=yes&infloat=yes&handlekey=fastpost> (referer: https://www.dec.ys20230308.com/forum.php?mod=viewthread&tid=887145&extra=)
2023-03-23 20:07:22 [scrapy.spidermiddlewares.httperror] INFO: Ignoring response <301 https://www.dec.ys20230308.com/forum.php?mod=post&action=reply&fid=40&tid=887145&extra=&replysubmit=yes&infloat=yes&handlekey=fastpost>: HTTP status code is not handled or not allowed
2023-03-23 20:07:23 [scrapy.core.engine] DEBUG: Crawled (200) <POST https://www.dec.ys20230308.com/home.php?mod=spacecp&ac=doing&view=me> (referer: https://www.dec.ys20230308.com/home.php?mod=space&uid=2059673&do=doing&view=me&from=space)
2023-03-23 20:08:12 [scrapy.extensions.logstats] INFO: Crawled 9 pages (at 9 pages/min), scraped 0 items (at 0 items/min)
2023-03-23 20:08:25 [scrapy.core.engine] DEBUG: Crawled (200) <GET https://www.dec.ys20230308.com/forum.php?mod=viewthread&tid=887142&extra=> (referer: https://www.dec.ys20230308.com/)
2023-03-23 20:08:25 [scrapy.core.engine] DEBUG: Crawled (301) <POST https://www.dec.ys20230308.com/home.php?mod=spacecp&ac=doing&view=me> (referer: https://www.dec.ys20230308.com/home.php?mod=space&uid=2059673&do=doing&view=me&from=space)
2023-03-23 20:08:25 [scrapy.spidermiddlewares.httperror] INFO: Ignoring response <301 https://www.dec.ys20230308.com/home.php?mod=spacecp&ac=doing&view=me>: HTTP status code is not handled or not allowed
2023-03-23 20:08:25 [scrapy.core.engine] DEBUG: Crawled (301) <POST https://www.dec.ys20230308.com/forum.php?mod=post&action=reply&fid=40&tid=887142&extra=&replysubmit=yes&infloat=yes&handlekey=fastpost> (referer: https://www.dec.ys20230308.com/forum.php?mod=viewthread&tid=887142&extra=)
2023-03-23 20:08:25 [scrapy.spidermiddlewares.httperror] INFO: Ignoring response <301 https://www.dec.ys20230308.com/forum.php?mod=post&action=reply&fid=40&tid=887142&extra=&replysubmit=yes&infloat=yes&handlekey=fastpost>: HTTP status code is not handled or not allowed
2023-03-23 20:09:12 [scrapy.extensions.logstats] INFO: Crawled 12 pages (at 3 pages/min), scraped 0 items (at 0 items/min)
2023-03-23 20:09:24 [scrapy.core.engine] DEBUG: Crawled (200) <GET https://www.dec.ys20230308.com/forum.php?mod=viewthread&tid=887132&extra=> (referer: https://www.dec.ys20230308.com/)
2023-03-23 20:09:24 [scrapy.core.engine] DEBUG: Crawled (200) <POST https://www.dec.ys20230308.com/forum.php?mod=post&action=reply&fid=40&tid=887132&extra=&replysubmit=yes&infloat=yes&handlekey=fastpost> (referer: https://www.dec.ys20230308.com/forum.php?mod=viewthread&tid=887132&extra=)
2023-03-23 20:09:26 [scrapy.core.engine] DEBUG: Crawled (301) <POST https://www.dec.ys20230308.com/home.php?mod=spacecp&ac=doing&view=me> (referer: https://www.dec.ys20230308.com/home.php?mod=space&uid=2059673&do=doing&view=me&from=space)
2023-03-23 20:09:26 [scrapy.spidermiddlewares.httperror] INFO: Ignoring response <301 https://www.dec.ys20230308.com/home.php?mod=spacecp&ac=doing&view=me>: HTTP status code is not handled or not allowed
2023-03-23 20:10:12 [scrapy.extensions.logstats] INFO: Crawled 15 pages (at 3 pages/min), scraped 0 items (at 0 items/min)
2023-03-23 20:10:28 [scrapy.core.engine] DEBUG: Crawled (301) <POST https://www.dec.ys20230308.com/home.php?mod=spacecp&ac=doing&view=me> (referer: https://www.dec.ys20230308.com/home.php?mod=space&uid=2059673&do=doing&view=me&from=space)
2023-03-23 20:10:28 [scrapy.spidermiddlewares.httperror] INFO: Ignoring response <301 https://www.dec.ys20230308.com/home.php?mod=spacecp&ac=doing&view=me>: HTTP status code is not handled or not allowed
2023-03-23 20:11:12 [scrapy.extensions.logstats] INFO: Crawled 16 pages (at 1 pages/min), scraped 0 items (at 0 items/min)
2023-03-23 20:11:30 [scrapy.core.engine] DEBUG: Crawled (301) <POST https://www.dec.ys20230308.com/home.php?mod=spacecp&ac=doing&view=me> (referer: https://www.dec.ys20230308.com/home.php?mod=space&uid=2059673&do=doing&view=me&from=space)
2023-03-23 20:11:30 [scrapy.spidermiddlewares.httperror] INFO: Ignoring response <301 https://www.dec.ys20230308.com/home.php?mod=spacecp&ac=doing&view=me>: HTTP status code is not handled or not allowed
2023-03-23 20:11:30 [py.warnings] WARNING: E:\Github_Local\Python_Application\Scrapy\ACG\ACG\spiders\sbook.py:105: ScrapyDeprecationWarning: Passing a 'spider' argument to ExecutionEngine.crawl is deprecated
  self.crawler.engine.crawl(req, spider)

2023-03-23 20:11:30 [scrapy.core.engine] DEBUG: Crawled (200) <GET https://www.dec.ys20230308.com/home.php?mod=spacecp&ac=credit&showcredit=1> (referer: None)
2023-03-23 20:11:31 [scrapy.dupefilters] DEBUG: Filtered duplicate request: <GET https://www.dec.ys20230308.com/home.php?mod=spacecp&ac=credit&showcredit=1> - no more duplicates will be shown (see DUPEFILTER_DEBUG to show all duplicates)
2023-03-23 20:11:31 [scrapy.core.engine] INFO: Closing spider (finished)
2023-03-23 20:11:31 [scrapy.statscollectors] INFO: Dumping Scrapy stats:
{'downloader/request_bytes': 22055,
 'downloader/request_count': 19,
 'downloader/request_method_count/GET': 9,
 'downloader/request_method_count/POST': 10,
 'downloader/response_bytes': 145625,
 'downloader/response_count': 19,
 'downloader/response_status_count/200': 11,
 'downloader/response_status_count/301': 7,
 'downloader/response_status_count/404': 1,
 'dupefilter/filtered': 1,
 'elapsed_time_seconds': 258.368129,
 'finish_reason': 'finished',
 'finish_time': datetime.datetime(2023, 3, 23, 12, 11, 31, 39009),
 'httpcompression/response_bytes': 506789,
 'httpcompression/response_count': 12,
 'httperror/response_ignored_count': 6,
 'httperror/response_ignored_status_count/301': 6,
 'log_count/DEBUG': 27,
 'log_count/INFO': 20,
 'log_count/WARNING': 1,
 'request_depth_max': 5,
 'response_received_count': 18,
 'scheduler/dequeued': 19,
 'scheduler/dequeued/memory': 19,
 'scheduler/enqueued': 19,
 'scheduler/enqueued/memory': 19,
 'start_time': datetime.datetime(2023, 3, 23, 12, 7, 12, 670880)}
2023-03-23 20:11:31 [scrapy.core.engine] INFO: Spider closed (finished)
