2023-03-08 18:59:31 [scrapy.utils.log] INFO: Scrapy 2.7.1 started (bot: ACG)
2023-03-08 18:59:32 [scrapy.utils.log] INFO: Versions: lxml 4.9.2.0, libxml2 2.9.12, cssselect 1.2.0, parsel 1.7.0, w3lib 2.1.1, Twisted 22.10.0, Python 3.9.6 (tags/v3.9.6:db3ff76, Jun 28 2021, 15:26:21) [MSC v.1929 64 bit (AMD64)], pyOpenSSL 22.0.0 (OpenSSL 1.1.1n  15 Mar 2022), cryptography 36.0.2, Platform Windows-10-10.0.22621-SP0
2023-03-08 18:59:32 [scrapy.crawler] INFO: Overridden settings:
{'BOT_NAME': 'ACG',
 'LOG_FILE': 'log/scrapy_2023_3_8.log',
 'NEWSPIDER_MODULE': 'ACG.spiders',
 'REQUEST_FINGERPRINTER_IMPLEMENTATION': '2.7',
 'SPIDER_MODULES': ['ACG.spiders'],
 'TWISTED_REACTOR': 'twisted.internet.asyncioreactor.AsyncioSelectorReactor'}
2023-03-08 18:59:32 [asyncio] DEBUG: Using selector: SelectSelector
2023-03-08 18:59:32 [scrapy.utils.log] DEBUG: Using reactor: twisted.internet.asyncioreactor.AsyncioSelectorReactor
2023-03-08 18:59:32 [scrapy.utils.log] DEBUG: Using asyncio event loop: asyncio.windows_events._WindowsSelectorEventLoop
2023-03-08 18:59:32 [scrapy.extensions.telnet] INFO: Telnet Password: 45274fa2b5b4ab0a
2023-03-08 18:59:32 [scrapy.middleware] INFO: Enabled extensions:
['scrapy.extensions.corestats.CoreStats',
 'scrapy.extensions.telnet.TelnetConsole',
 'scrapy.extensions.logstats.LogStats']
2023-03-08 18:59:33 [scrapy.middleware] INFO: Enabled downloader middlewares:
['ACG.middlewares.DelayedRequestsMiddleware',
 'scrapy.downloadermiddlewares.httpauth.HttpAuthMiddleware',
 'scrapy.downloadermiddlewares.downloadtimeout.DownloadTimeoutMiddleware',
 'scrapy.downloadermiddlewares.defaultheaders.DefaultHeadersMiddleware',
 'scrapy.downloadermiddlewares.useragent.UserAgentMiddleware',
 'scrapy.downloadermiddlewares.retry.RetryMiddleware',
 'scrapy.downloadermiddlewares.redirect.MetaRefreshMiddleware',
 'scrapy.downloadermiddlewares.httpcompression.HttpCompressionMiddleware',
 'scrapy.downloadermiddlewares.redirect.RedirectMiddleware',
 'scrapy.downloadermiddlewares.cookies.CookiesMiddleware',
 'scrapy.downloadermiddlewares.httpproxy.HttpProxyMiddleware',
 'scrapy.downloadermiddlewares.stats.DownloaderStats']
2023-03-08 18:59:33 [scrapy.middleware] INFO: Enabled spider middlewares:
['scrapy.spidermiddlewares.httperror.HttpErrorMiddleware',
 'scrapy.spidermiddlewares.offsite.OffsiteMiddleware',
 'scrapy.spidermiddlewares.referer.RefererMiddleware',
 'scrapy.spidermiddlewares.urllength.UrlLengthMiddleware',
 'scrapy.spidermiddlewares.depth.DepthMiddleware']
2023-03-08 18:59:33 [scrapy.middleware] INFO: Enabled item pipelines:
[]
2023-03-08 18:59:33 [scrapy.core.engine] INFO: Spider opened
2023-03-08 18:59:34 [scrapy.extensions.logstats] INFO: Crawled 0 pages (at 0 pages/min), scraped 0 items (at 0 items/min)
2023-03-08 18:59:34 [scrapy.extensions.telnet] INFO: Telnet console listening on 127.0.0.1:6023
2023-03-08 18:59:36 [scrapy.downloadermiddlewares.retry] DEBUG: Retrying <GET http://2302--2700.0227.world.chickengotogo.com:1223/o/> (failed 1 times): Connection was refused by other side: 10061: 由于目标计算机积极拒绝，无法连接。.
2023-03-08 18:59:38 [scrapy.downloadermiddlewares.retry] DEBUG: Retrying <GET http://2302--2700.0227.world.chickengotogo.com:1223/o/> (failed 2 times): Connection was refused by other side: 10061: 由于目标计算机积极拒绝，无法连接。.
2023-03-08 18:59:40 [scrapy.downloadermiddlewares.retry] ERROR: Gave up retrying <GET http://2302--2700.0227.world.chickengotogo.com:1223/o/> (failed 3 times): Connection was refused by other side: 10061: 由于目标计算机积极拒绝，无法连接。.
2023-03-08 18:59:40 [scrapy.core.scraper] ERROR: Error downloading <GET http://2302--2700.0227.world.chickengotogo.com:1223/o/>
Traceback (most recent call last):
  File "D:\Python\lib\site-packages\scrapy\core\downloader\middleware.py", line 49, in process_request
    return (yield download_func(request=request, spider=spider))
twisted.internet.error.ConnectionRefusedError: Connection was refused by other side: 10061: 由于目标计算机积极拒绝，无法连接。.
2023-03-08 18:59:40 [scrapy.utils.signal] ERROR: Error caught on signal handler: <bound method SbookSpider.spider_idle of <SbookSpider 'sbook' at 0x1f6bcf26640>>
Traceback (most recent call last):
  File "D:\Python\lib\site-packages\scrapy\utils\signal.py", line 30, in send_catch_log
    response = robustApply(receiver, signal=signal, sender=sender, *arguments, **named)
  File "D:\Python\lib\site-packages\pydispatch\robustapply.py", line 55, in robustApply
    return receiver(*arguments, **named)
  File "E:\Github_Local\Python_Application\Scrapy\ACG\ACG\spiders\sbook.py", line 104, in spider_idle
    req = scrapy.Request(self.coinurl, callback=self.parseCoin,headers=self.coinheader)
AttributeError: 'SbookSpider' object has no attribute 'coinurl'
2023-03-08 18:59:40 [scrapy.core.engine] INFO: Closing spider (finished)
2023-03-08 18:59:40 [scrapy.statscollectors] INFO: Dumping Scrapy stats:
{'downloader/exception_count': 3,
 'downloader/exception_type_count/twisted.internet.error.ConnectionRefusedError': 3,
 'downloader/request_bytes': 1128,
 'downloader/request_count': 3,
 'downloader/request_method_count/GET': 3,
 'elapsed_time_seconds': 6.317647,
 'finish_reason': 'finished',
 'finish_time': datetime.datetime(2023, 3, 8, 10, 59, 40, 865812),
 'log_count/DEBUG': 5,
 'log_count/ERROR': 3,
 'log_count/INFO': 10,
 'retry/count': 2,
 'retry/max_reached': 1,
 'retry/reason_count/twisted.internet.error.ConnectionRefusedError': 2,
 'scheduler/dequeued': 3,
 'scheduler/dequeued/memory': 3,
 'scheduler/enqueued': 3,
 'scheduler/enqueued/memory': 3,
 'start_time': datetime.datetime(2023, 3, 8, 10, 59, 34, 548165)}
2023-03-08 18:59:40 [scrapy.core.engine] INFO: Spider closed (finished)
2023-03-08 18:59:52 [scrapy.utils.log] INFO: Scrapy 2.7.1 started (bot: ACG)
2023-03-08 18:59:52 [scrapy.utils.log] INFO: Versions: lxml 4.9.2.0, libxml2 2.9.12, cssselect 1.2.0, parsel 1.7.0, w3lib 2.1.1, Twisted 22.10.0, Python 3.9.6 (tags/v3.9.6:db3ff76, Jun 28 2021, 15:26:21) [MSC v.1929 64 bit (AMD64)], pyOpenSSL 22.0.0 (OpenSSL 1.1.1n  15 Mar 2022), cryptography 36.0.2, Platform Windows-10-10.0.22621-SP0
2023-03-08 18:59:52 [scrapy.crawler] INFO: Overridden settings:
{'BOT_NAME': 'ACG',
 'LOG_FILE': 'log/scrapy_2023_3_8.log',
 'NEWSPIDER_MODULE': 'ACG.spiders',
 'REQUEST_FINGERPRINTER_IMPLEMENTATION': '2.7',
 'SPIDER_MODULES': ['ACG.spiders'],
 'TWISTED_REACTOR': 'twisted.internet.asyncioreactor.AsyncioSelectorReactor'}
2023-03-08 18:59:52 [asyncio] DEBUG: Using selector: SelectSelector
2023-03-08 18:59:52 [scrapy.utils.log] DEBUG: Using reactor: twisted.internet.asyncioreactor.AsyncioSelectorReactor
2023-03-08 18:59:52 [scrapy.utils.log] DEBUG: Using asyncio event loop: asyncio.windows_events._WindowsSelectorEventLoop
2023-03-08 18:59:52 [scrapy.extensions.telnet] INFO: Telnet Password: 8e2ccc2ae361aedb
2023-03-08 18:59:52 [scrapy.middleware] INFO: Enabled extensions:
['scrapy.extensions.corestats.CoreStats',
 'scrapy.extensions.telnet.TelnetConsole',
 'scrapy.extensions.logstats.LogStats']
2023-03-08 18:59:53 [scrapy.middleware] INFO: Enabled downloader middlewares:
['ACG.middlewares.DelayedRequestsMiddleware',
 'scrapy.downloadermiddlewares.httpauth.HttpAuthMiddleware',
 'scrapy.downloadermiddlewares.downloadtimeout.DownloadTimeoutMiddleware',
 'scrapy.downloadermiddlewares.defaultheaders.DefaultHeadersMiddleware',
 'scrapy.downloadermiddlewares.useragent.UserAgentMiddleware',
 'scrapy.downloadermiddlewares.retry.RetryMiddleware',
 'scrapy.downloadermiddlewares.redirect.MetaRefreshMiddleware',
 'scrapy.downloadermiddlewares.httpcompression.HttpCompressionMiddleware',
 'scrapy.downloadermiddlewares.redirect.RedirectMiddleware',
 'scrapy.downloadermiddlewares.cookies.CookiesMiddleware',
 'scrapy.downloadermiddlewares.httpproxy.HttpProxyMiddleware',
 'scrapy.downloadermiddlewares.stats.DownloaderStats']
2023-03-08 18:59:53 [scrapy.middleware] INFO: Enabled spider middlewares:
['scrapy.spidermiddlewares.httperror.HttpErrorMiddleware',
 'scrapy.spidermiddlewares.offsite.OffsiteMiddleware',
 'scrapy.spidermiddlewares.referer.RefererMiddleware',
 'scrapy.spidermiddlewares.urllength.UrlLengthMiddleware',
 'scrapy.spidermiddlewares.depth.DepthMiddleware']
2023-03-08 18:59:53 [scrapy.middleware] INFO: Enabled item pipelines:
[]
2023-03-08 18:59:53 [scrapy.core.engine] INFO: Spider opened
2023-03-08 18:59:53 [scrapy.extensions.logstats] INFO: Crawled 0 pages (at 0 pages/min), scraped 0 items (at 0 items/min)
2023-03-08 18:59:53 [scrapy.extensions.telnet] INFO: Telnet console listening on 127.0.0.1:6023
2023-03-08 18:59:55 [scrapy.downloadermiddlewares.retry] DEBUG: Retrying <GET http://2302--2700.0227.world.chickengotogo.com:1223/o/> (failed 1 times): Connection was refused by other side: 10061: 由于目标计算机积极拒绝，无法连接。.
2023-03-08 18:59:57 [scrapy.downloadermiddlewares.retry] DEBUG: Retrying <GET http://2302--2700.0227.world.chickengotogo.com:1223/o/> (failed 2 times): Connection was refused by other side: 10061: 由于目标计算机积极拒绝，无法连接。.
2023-03-08 18:59:59 [scrapy.downloadermiddlewares.retry] ERROR: Gave up retrying <GET http://2302--2700.0227.world.chickengotogo.com:1223/o/> (failed 3 times): Connection was refused by other side: 10061: 由于目标计算机积极拒绝，无法连接。.
2023-03-08 18:59:59 [scrapy.core.scraper] ERROR: Error downloading <GET http://2302--2700.0227.world.chickengotogo.com:1223/o/>
Traceback (most recent call last):
  File "D:\Python\lib\site-packages\scrapy\core\downloader\middleware.py", line 49, in process_request
    return (yield download_func(request=request, spider=spider))
twisted.internet.error.ConnectionRefusedError: Connection was refused by other side: 10061: 由于目标计算机积极拒绝，无法连接。.
2023-03-08 18:59:59 [scrapy.utils.signal] ERROR: Error caught on signal handler: <bound method SbookSpider.spider_idle of <SbookSpider 'sbook' at 0x119c6785520>>
Traceback (most recent call last):
  File "D:\Python\lib\site-packages\scrapy\utils\signal.py", line 30, in send_catch_log
    response = robustApply(receiver, signal=signal, sender=sender, *arguments, **named)
  File "D:\Python\lib\site-packages\pydispatch\robustapply.py", line 55, in robustApply
    return receiver(*arguments, **named)
  File "E:\Github_Local\Python_Application\Scrapy\ACG\ACG\spiders\sbook.py", line 104, in spider_idle
    req = scrapy.Request(self.coinurl, callback=self.parseCoin,headers=self.coinheader)
AttributeError: 'SbookSpider' object has no attribute 'coinurl'
2023-03-08 18:59:59 [scrapy.core.engine] INFO: Closing spider (finished)
2023-03-08 18:59:59 [scrapy.statscollectors] INFO: Dumping Scrapy stats:
{'downloader/exception_count': 3,
 'downloader/exception_type_count/twisted.internet.error.ConnectionRefusedError': 3,
 'downloader/request_bytes': 1128,
 'downloader/request_count': 3,
 'downloader/request_method_count/GET': 3,
 'elapsed_time_seconds': 6.328584,
 'finish_reason': 'finished',
 'finish_time': datetime.datetime(2023, 3, 8, 10, 59, 59, 540145),
 'log_count/DEBUG': 5,
 'log_count/ERROR': 3,
 'log_count/INFO': 10,
 'retry/count': 2,
 'retry/max_reached': 1,
 'retry/reason_count/twisted.internet.error.ConnectionRefusedError': 2,
 'scheduler/dequeued': 3,
 'scheduler/dequeued/memory': 3,
 'scheduler/enqueued': 3,
 'scheduler/enqueued/memory': 3,
 'start_time': datetime.datetime(2023, 3, 8, 10, 59, 53, 211561)}
2023-03-08 18:59:59 [scrapy.core.engine] INFO: Spider closed (finished)
2023-03-08 19:00:49 [scrapy.utils.log] INFO: Scrapy 2.7.1 started (bot: ACG)
2023-03-08 19:00:49 [scrapy.utils.log] INFO: Versions: lxml 4.9.2.0, libxml2 2.9.12, cssselect 1.2.0, parsel 1.7.0, w3lib 2.1.1, Twisted 22.10.0, Python 3.9.6 (tags/v3.9.6:db3ff76, Jun 28 2021, 15:26:21) [MSC v.1929 64 bit (AMD64)], pyOpenSSL 22.0.0 (OpenSSL 1.1.1n  15 Mar 2022), cryptography 36.0.2, Platform Windows-10-10.0.22621-SP0
2023-03-08 19:00:49 [scrapy.crawler] INFO: Overridden settings:
{'BOT_NAME': 'ACG',
 'LOG_FILE': 'log/scrapy_2023_3_8.log',
 'NEWSPIDER_MODULE': 'ACG.spiders',
 'REQUEST_FINGERPRINTER_IMPLEMENTATION': '2.7',
 'SPIDER_MODULES': ['ACG.spiders'],
 'TWISTED_REACTOR': 'twisted.internet.asyncioreactor.AsyncioSelectorReactor'}
2023-03-08 19:00:49 [asyncio] DEBUG: Using selector: SelectSelector
2023-03-08 19:00:49 [scrapy.utils.log] DEBUG: Using reactor: twisted.internet.asyncioreactor.AsyncioSelectorReactor
2023-03-08 19:00:49 [scrapy.utils.log] DEBUG: Using asyncio event loop: asyncio.windows_events._WindowsSelectorEventLoop
2023-03-08 19:00:49 [scrapy.extensions.telnet] INFO: Telnet Password: 4c97ceeb547f1590
2023-03-08 19:00:49 [scrapy.middleware] INFO: Enabled extensions:
['scrapy.extensions.corestats.CoreStats',
 'scrapy.extensions.telnet.TelnetConsole',
 'scrapy.extensions.logstats.LogStats']
2023-03-08 19:00:49 [scrapy.middleware] INFO: Enabled downloader middlewares:
['ACG.middlewares.DelayedRequestsMiddleware',
 'scrapy.downloadermiddlewares.httpauth.HttpAuthMiddleware',
 'scrapy.downloadermiddlewares.downloadtimeout.DownloadTimeoutMiddleware',
 'scrapy.downloadermiddlewares.defaultheaders.DefaultHeadersMiddleware',
 'scrapy.downloadermiddlewares.useragent.UserAgentMiddleware',
 'scrapy.downloadermiddlewares.retry.RetryMiddleware',
 'scrapy.downloadermiddlewares.redirect.MetaRefreshMiddleware',
 'scrapy.downloadermiddlewares.httpcompression.HttpCompressionMiddleware',
 'scrapy.downloadermiddlewares.redirect.RedirectMiddleware',
 'scrapy.downloadermiddlewares.cookies.CookiesMiddleware',
 'scrapy.downloadermiddlewares.httpproxy.HttpProxyMiddleware',
 'scrapy.downloadermiddlewares.stats.DownloaderStats']
2023-03-08 19:00:49 [scrapy.middleware] INFO: Enabled spider middlewares:
['scrapy.spidermiddlewares.httperror.HttpErrorMiddleware',
 'scrapy.spidermiddlewares.offsite.OffsiteMiddleware',
 'scrapy.spidermiddlewares.referer.RefererMiddleware',
 'scrapy.spidermiddlewares.urllength.UrlLengthMiddleware',
 'scrapy.spidermiddlewares.depth.DepthMiddleware']
2023-03-08 19:00:49 [scrapy.middleware] INFO: Enabled item pipelines:
[]
2023-03-08 19:00:49 [scrapy.core.engine] INFO: Spider opened
2023-03-08 19:00:49 [scrapy.extensions.logstats] INFO: Crawled 0 pages (at 0 pages/min), scraped 0 items (at 0 items/min)
2023-03-08 19:00:49 [scrapy.extensions.telnet] INFO: Telnet console listening on 127.0.0.1:6023
2023-03-08 19:00:51 [scrapy.downloadermiddlewares.retry] DEBUG: Retrying <GET http://2302--2700.0227.world.chickengotogo.com:1223/o/> (failed 1 times): Connection was refused by other side: 10061: 由于目标计算机积极拒绝，无法连接。.
2023-03-08 19:00:53 [scrapy.downloadermiddlewares.retry] DEBUG: Retrying <GET http://2302--2700.0227.world.chickengotogo.com:1223/o/> (failed 2 times): Connection was refused by other side: 10061: 由于目标计算机积极拒绝，无法连接。.
2023-03-08 19:00:55 [scrapy.downloadermiddlewares.retry] ERROR: Gave up retrying <GET http://2302--2700.0227.world.chickengotogo.com:1223/o/> (failed 3 times): Connection was refused by other side: 10061: 由于目标计算机积极拒绝，无法连接。.
2023-03-08 19:00:56 [scrapy.core.scraper] ERROR: Error downloading <GET http://2302--2700.0227.world.chickengotogo.com:1223/o/>
Traceback (most recent call last):
  File "D:\Python\lib\site-packages\scrapy\core\downloader\middleware.py", line 49, in process_request
    return (yield download_func(request=request, spider=spider))
twisted.internet.error.ConnectionRefusedError: Connection was refused by other side: 10061: 由于目标计算机积极拒绝，无法连接。.
2023-03-08 19:00:56 [scrapy.utils.signal] ERROR: Error caught on signal handler: <bound method SbookSpider.spider_idle of <SbookSpider 'sbook' at 0x25e21e66520>>
Traceback (most recent call last):
  File "D:\Python\lib\site-packages\scrapy\utils\signal.py", line 30, in send_catch_log
    response = robustApply(receiver, signal=signal, sender=sender, *arguments, **named)
  File "D:\Python\lib\site-packages\pydispatch\robustapply.py", line 55, in robustApply
    return receiver(*arguments, **named)
  File "E:\Github_Local\Python_Application\Scrapy\ACG\ACG\spiders\sbook.py", line 104, in spider_idle
    req = scrapy.Request(self.coinurl, callback=self.parseCoin,headers=self.coinheader)
AttributeError: 'SbookSpider' object has no attribute 'coinurl'
2023-03-08 19:00:56 [scrapy.core.engine] INFO: Closing spider (finished)
2023-03-08 19:00:56 [scrapy.statscollectors] INFO: Dumping Scrapy stats:
{'downloader/exception_count': 3,
 'downloader/exception_type_count/twisted.internet.error.ConnectionRefusedError': 3,
 'downloader/request_bytes': 1128,
 'downloader/request_count': 3,
 'downloader/request_method_count/GET': 3,
 'elapsed_time_seconds': 6.316867,
 'finish_reason': 'finished',
 'finish_time': datetime.datetime(2023, 3, 8, 11, 0, 56, 219413),
 'log_count/DEBUG': 5,
 'log_count/ERROR': 3,
 'log_count/INFO': 10,
 'retry/count': 2,
 'retry/max_reached': 1,
 'retry/reason_count/twisted.internet.error.ConnectionRefusedError': 2,
 'scheduler/dequeued': 3,
 'scheduler/dequeued/memory': 3,
 'scheduler/enqueued': 3,
 'scheduler/enqueued/memory': 3,
 'start_time': datetime.datetime(2023, 3, 8, 11, 0, 49, 902546)}
2023-03-08 19:00:56 [scrapy.core.engine] INFO: Spider closed (finished)
2023-03-08 19:09:35 [scrapy.utils.log] INFO: Scrapy 2.7.1 started (bot: ACG)
2023-03-08 19:09:35 [scrapy.utils.log] INFO: Versions: lxml 4.9.2.0, libxml2 2.9.12, cssselect 1.2.0, parsel 1.7.0, w3lib 2.1.1, Twisted 22.10.0, Python 3.9.6 (tags/v3.9.6:db3ff76, Jun 28 2021, 15:26:21) [MSC v.1929 64 bit (AMD64)], pyOpenSSL 22.0.0 (OpenSSL 1.1.1n  15 Mar 2022), cryptography 36.0.2, Platform Windows-10-10.0.22621-SP0
2023-03-08 19:09:35 [scrapy.crawler] INFO: Overridden settings:
{'BOT_NAME': 'ACG',
 'LOG_FILE': 'log/scrapy_2023_3_8.log',
 'NEWSPIDER_MODULE': 'ACG.spiders',
 'REQUEST_FINGERPRINTER_IMPLEMENTATION': '2.7',
 'SPIDER_MODULES': ['ACG.spiders'],
 'TWISTED_REACTOR': 'twisted.internet.asyncioreactor.AsyncioSelectorReactor'}
2023-03-08 19:09:35 [asyncio] DEBUG: Using selector: SelectSelector
2023-03-08 19:09:35 [scrapy.utils.log] DEBUG: Using reactor: twisted.internet.asyncioreactor.AsyncioSelectorReactor
2023-03-08 19:09:35 [scrapy.utils.log] DEBUG: Using asyncio event loop: asyncio.windows_events._WindowsSelectorEventLoop
2023-03-08 19:09:35 [scrapy.extensions.telnet] INFO: Telnet Password: 62610b4b4c2ba097
2023-03-08 19:09:35 [scrapy.middleware] INFO: Enabled extensions:
['scrapy.extensions.corestats.CoreStats',
 'scrapy.extensions.telnet.TelnetConsole',
 'scrapy.extensions.logstats.LogStats']
2023-03-08 19:09:36 [scrapy.middleware] INFO: Enabled downloader middlewares:
['ACG.middlewares.DelayedRequestsMiddleware',
 'scrapy.downloadermiddlewares.httpauth.HttpAuthMiddleware',
 'scrapy.downloadermiddlewares.downloadtimeout.DownloadTimeoutMiddleware',
 'scrapy.downloadermiddlewares.defaultheaders.DefaultHeadersMiddleware',
 'scrapy.downloadermiddlewares.useragent.UserAgentMiddleware',
 'scrapy.downloadermiddlewares.retry.RetryMiddleware',
 'scrapy.downloadermiddlewares.redirect.MetaRefreshMiddleware',
 'scrapy.downloadermiddlewares.httpcompression.HttpCompressionMiddleware',
 'scrapy.downloadermiddlewares.redirect.RedirectMiddleware',
 'scrapy.downloadermiddlewares.cookies.CookiesMiddleware',
 'scrapy.downloadermiddlewares.httpproxy.HttpProxyMiddleware',
 'scrapy.downloadermiddlewares.stats.DownloaderStats']
2023-03-08 19:09:36 [scrapy.middleware] INFO: Enabled spider middlewares:
['scrapy.spidermiddlewares.httperror.HttpErrorMiddleware',
 'scrapy.spidermiddlewares.offsite.OffsiteMiddleware',
 'scrapy.spidermiddlewares.referer.RefererMiddleware',
 'scrapy.spidermiddlewares.urllength.UrlLengthMiddleware',
 'scrapy.spidermiddlewares.depth.DepthMiddleware']
2023-03-08 19:09:36 [scrapy.middleware] INFO: Enabled item pipelines:
[]
2023-03-08 19:09:36 [scrapy.core.engine] INFO: Spider opened
2023-03-08 19:09:36 [scrapy.extensions.logstats] INFO: Crawled 0 pages (at 0 pages/min), scraped 0 items (at 0 items/min)
2023-03-08 19:09:36 [scrapy.extensions.telnet] INFO: Telnet console listening on 127.0.0.1:6023
2023-03-08 19:09:41 [scrapy.core.engine] DEBUG: Crawled (404) <GET http://2302--2700.0227.world.chickengotogo.com:1223/o/> (referer: None)
2023-03-08 19:09:48 [filelock] DEBUG: Attempting to acquire lock 3057612100320 on D:\Python\lib\site-packages\tldextract\.suffix_cache/publicsuffix.org-tlds\de84b5ca2167d4c83e38fb162f2e8738.tldextract.json.lock
2023-03-08 19:09:48 [filelock] DEBUG: Lock 3057612100320 acquired on D:\Python\lib\site-packages\tldextract\.suffix_cache/publicsuffix.org-tlds\de84b5ca2167d4c83e38fb162f2e8738.tldextract.json.lock
2023-03-08 19:09:48 [filelock] DEBUG: Attempting to release lock 3057612100320 on D:\Python\lib\site-packages\tldextract\.suffix_cache/publicsuffix.org-tlds\de84b5ca2167d4c83e38fb162f2e8738.tldextract.json.lock
2023-03-08 19:09:48 [filelock] DEBUG: Lock 3057612100320 released on D:\Python\lib\site-packages\tldextract\.suffix_cache/publicsuffix.org-tlds\de84b5ca2167d4c83e38fb162f2e8738.tldextract.json.lock
2023-03-08 19:09:48 [scrapy.core.engine] DEBUG: Crawled (200) <GET https://www.jan.mmss888.com/> (referer: http://2302--2700.0227.world.chickengotogo.com:1223/o/)
2023-03-08 19:09:49 [scrapy.downloadermiddlewares.redirect] DEBUG: Redirecting (301) to <POST https://www.jan.mmss888.com/> from <POST https://www.jan.mmss888.com/member.php?mod=logging&action=login&loginsubmit=yes&infloat=yes&lssubmit=yes>
2023-03-08 19:09:49 [scrapy.core.engine] DEBUG: Crawled (200) <POST https://www.jan.mmss888.com/> (referer: https://www.jan.mmss888.com/)
2023-03-08 19:09:50 [scrapy.core.engine] DEBUG: Crawled (200) <GET https://www.jan.mmss888.com/> (referer: https://www.jan.mmss888.com/)
2023-03-08 19:09:53 [scrapy.core.engine] DEBUG: Crawled (200) <GET https://www.jan.mmss888.com/forum.php?mod=viewthread&tid=876213&extra=> (referer: https://www.jan.mmss888.com/)
2023-03-08 19:09:53 [scrapy.core.engine] DEBUG: Crawled (200) <GET https://www.jan.mmss888.com/home.php?mod=space&uid=2059673&do=doing&view=me&from=space> (referer: https://www.jan.mmss888.com/)
2023-03-08 19:09:53 [scrapy.core.engine] DEBUG: Crawled (200) <GET https://www.jan.mmss888.com/home.php?mod=spacecp&ac=credit&showcredit=1> (referer: https://www.jan.mmss888.com/)
2023-03-08 19:09:54 [scrapy.core.engine] DEBUG: Crawled (301) <POST https://www.jan.mmss888.com/forum.php?mod=post&action=reply&fid=40&tid=876213&extra=&replysubmit=yes&infloat=yes&handlekey=fastpost> (referer: https://www.jan.mmss888.com/forum.php?mod=viewthread&tid=876213&extra=)
2023-03-08 19:09:54 [scrapy.core.engine] DEBUG: Crawled (200) <POST https://www.jan.mmss888.com/home.php?mod=spacecp&ac=doing&view=me> (referer: https://www.jan.mmss888.com/home.php?mod=space&uid=2059673&do=doing&view=me&from=space)
2023-03-08 19:09:54 [scrapy.spidermiddlewares.httperror] INFO: Ignoring response <301 https://www.jan.mmss888.com/forum.php?mod=post&action=reply&fid=40&tid=876213&extra=&replysubmit=yes&infloat=yes&handlekey=fastpost>: HTTP status code is not handled or not allowed
2023-03-08 19:10:36 [scrapy.extensions.logstats] INFO: Crawled 9 pages (at 9 pages/min), scraped 0 items (at 0 items/min)
2023-03-08 19:10:54 [scrapy.core.engine] DEBUG: Crawled (200) <GET https://www.jan.mmss888.com/forum.php?mod=viewthread&tid=876204&extra=> (referer: https://www.jan.mmss888.com/)
2023-03-08 19:10:54 [scrapy.core.engine] DEBUG: Crawled (301) <POST https://www.jan.mmss888.com/forum.php?mod=post&action=reply&fid=72&tid=876204&extra=&replysubmit=yes&infloat=yes&handlekey=fastpost> (referer: https://www.jan.mmss888.com/forum.php?mod=viewthread&tid=876204&extra=)
2023-03-08 19:10:54 [scrapy.spidermiddlewares.httperror] INFO: Ignoring response <301 https://www.jan.mmss888.com/forum.php?mod=post&action=reply&fid=72&tid=876204&extra=&replysubmit=yes&infloat=yes&handlekey=fastpost>: HTTP status code is not handled or not allowed
2023-03-08 19:10:56 [scrapy.core.engine] DEBUG: Crawled (200) <POST https://www.jan.mmss888.com/home.php?mod=spacecp&ac=doing&view=me> (referer: https://www.jan.mmss888.com/home.php?mod=space&uid=2059673&do=doing&view=me&from=space)
2023-03-08 19:11:36 [scrapy.extensions.logstats] INFO: Crawled 12 pages (at 3 pages/min), scraped 0 items (at 0 items/min)
2023-03-08 19:11:56 [scrapy.core.engine] DEBUG: Crawled (200) <GET https://www.jan.mmss888.com/forum.php?mod=viewthread&tid=876201&extra=> (referer: https://www.jan.mmss888.com/)
2023-03-08 19:11:56 [scrapy.core.engine] DEBUG: Crawled (301) <POST https://www.jan.mmss888.com/forum.php?mod=post&action=reply&fid=72&tid=876201&extra=&replysubmit=yes&infloat=yes&handlekey=fastpost> (referer: https://www.jan.mmss888.com/forum.php?mod=viewthread&tid=876201&extra=)
2023-03-08 19:11:56 [scrapy.spidermiddlewares.httperror] INFO: Ignoring response <301 https://www.jan.mmss888.com/forum.php?mod=post&action=reply&fid=72&tid=876201&extra=&replysubmit=yes&infloat=yes&handlekey=fastpost>: HTTP status code is not handled or not allowed
2023-03-08 19:11:58 [scrapy.core.engine] DEBUG: Crawled (200) <POST https://www.jan.mmss888.com/home.php?mod=spacecp&ac=doing&view=me> (referer: https://www.jan.mmss888.com/home.php?mod=space&uid=2059673&do=doing&view=me&from=space)
2023-03-08 19:12:36 [scrapy.extensions.logstats] INFO: Crawled 15 pages (at 3 pages/min), scraped 0 items (at 0 items/min)
2023-03-08 19:13:01 [scrapy.core.engine] DEBUG: Crawled (301) <POST https://www.jan.mmss888.com/home.php?mod=spacecp&ac=doing&view=me> (referer: https://www.jan.mmss888.com/home.php?mod=space&uid=2059673&do=doing&view=me&from=space)
2023-03-08 19:13:01 [scrapy.spidermiddlewares.httperror] INFO: Ignoring response <301 https://www.jan.mmss888.com/home.php?mod=spacecp&ac=doing&view=me>: HTTP status code is not handled or not allowed
2023-03-08 19:13:36 [scrapy.extensions.logstats] INFO: Crawled 16 pages (at 1 pages/min), scraped 0 items (at 0 items/min)
2023-03-08 19:14:03 [scrapy.core.engine] DEBUG: Crawled (301) <POST https://www.jan.mmss888.com/home.php?mod=spacecp&ac=doing&view=me> (referer: https://www.jan.mmss888.com/home.php?mod=space&uid=2059673&do=doing&view=me&from=space)
2023-03-08 19:14:03 [scrapy.spidermiddlewares.httperror] INFO: Ignoring response <301 https://www.jan.mmss888.com/home.php?mod=spacecp&ac=doing&view=me>: HTTP status code is not handled or not allowed
2023-03-08 19:14:03 [py.warnings] WARNING: E:\Github_Local\Python_Application\Scrapy\ACG\ACG\spiders\sbook.py:105: ScrapyDeprecationWarning: Passing a 'spider' argument to ExecutionEngine.crawl is deprecated
  self.crawler.engine.crawl(req, spider)

2023-03-08 19:14:03 [scrapy.core.engine] DEBUG: Crawled (200) <GET https://www.jan.mmss888.com/home.php?mod=spacecp&ac=credit&showcredit=1> (referer: None)
2023-03-08 19:14:03 [scrapy.dupefilters] DEBUG: Filtered duplicate request: <GET https://www.jan.mmss888.com/home.php?mod=spacecp&ac=credit&showcredit=1> - no more duplicates will be shown (see DUPEFILTER_DEBUG to show all duplicates)
2023-03-08 19:14:03 [scrapy.core.engine] INFO: Closing spider (finished)
2023-03-08 19:14:03 [scrapy.statscollectors] INFO: Dumping Scrapy stats:
{'downloader/request_bytes': 23175,
 'downloader/request_count': 19,
 'downloader/request_method_count/GET': 9,
 'downloader/request_method_count/POST': 10,
 'downloader/response_bytes': 144104,
 'downloader/response_count': 19,
 'downloader/response_status_count/200': 12,
 'downloader/response_status_count/301': 6,
 'downloader/response_status_count/404': 1,
 'dupefilter/filtered': 1,
 'elapsed_time_seconds': 267.376832,
 'finish_reason': 'finished',
 'finish_time': datetime.datetime(2023, 3, 8, 11, 14, 3, 755311),
 'httpcompression/response_bytes': 507304,
 'httpcompression/response_count': 13,
 'httperror/response_ignored_count': 5,
 'httperror/response_ignored_status_count/301': 5,
 'log_count/DEBUG': 27,
 'log_count/INFO': 19,
 'log_count/WARNING': 1,
 'request_depth_max': 5,
 'response_received_count': 18,
 'scheduler/dequeued': 19,
 'scheduler/dequeued/memory': 19,
 'scheduler/enqueued': 19,
 'scheduler/enqueued/memory': 19,
 'start_time': datetime.datetime(2023, 3, 8, 11, 9, 36, 378479)}
2023-03-08 19:14:03 [scrapy.core.engine] INFO: Spider closed (finished)
