2023-03-15 19:40:33 [scrapy.utils.log] INFO: Scrapy 2.7.1 started (bot: ACG)
2023-03-15 19:40:33 [scrapy.utils.log] INFO: Versions: lxml 4.9.2.0, libxml2 2.9.12, cssselect 1.2.0, parsel 1.7.0, w3lib 2.1.1, Twisted 22.10.0, Python 3.9.6 (tags/v3.9.6:db3ff76, Jun 28 2021, 15:26:21) [MSC v.1929 64 bit (AMD64)], pyOpenSSL 22.0.0 (OpenSSL 1.1.1n  15 Mar 2022), cryptography 36.0.2, Platform Windows-10-10.0.22621-SP0
2023-03-15 19:40:33 [scrapy.crawler] INFO: Overridden settings:
{'BOT_NAME': 'ACG',
 'LOG_FILE': 'log/scrapy_2023_3_15.log',
 'NEWSPIDER_MODULE': 'ACG.spiders',
 'REQUEST_FINGERPRINTER_IMPLEMENTATION': '2.7',
 'SPIDER_MODULES': ['ACG.spiders'],
 'TWISTED_REACTOR': 'twisted.internet.asyncioreactor.AsyncioSelectorReactor'}
2023-03-15 19:40:33 [asyncio] DEBUG: Using selector: SelectSelector
2023-03-15 19:40:33 [scrapy.utils.log] DEBUG: Using reactor: twisted.internet.asyncioreactor.AsyncioSelectorReactor
2023-03-15 19:40:33 [scrapy.utils.log] DEBUG: Using asyncio event loop: asyncio.windows_events._WindowsSelectorEventLoop
2023-03-15 19:40:33 [scrapy.extensions.telnet] INFO: Telnet Password: 327171df0f30507a
2023-03-15 19:40:33 [scrapy.middleware] INFO: Enabled extensions:
['scrapy.extensions.corestats.CoreStats',
 'scrapy.extensions.telnet.TelnetConsole',
 'scrapy.extensions.logstats.LogStats']
2023-03-15 19:40:33 [scrapy.middleware] INFO: Enabled downloader middlewares:
['ACG.middlewares.DelayedRequestsMiddleware',
 'scrapy.downloadermiddlewares.httpauth.HttpAuthMiddleware',
 'scrapy.downloadermiddlewares.downloadtimeout.DownloadTimeoutMiddleware',
 'scrapy.downloadermiddlewares.defaultheaders.DefaultHeadersMiddleware',
 'scrapy.downloadermiddlewares.useragent.UserAgentMiddleware',
 'scrapy.downloadermiddlewares.retry.RetryMiddleware',
 'scrapy.downloadermiddlewares.redirect.MetaRefreshMiddleware',
 'scrapy.downloadermiddlewares.httpcompression.HttpCompressionMiddleware',
 'scrapy.downloadermiddlewares.redirect.RedirectMiddleware',
 'scrapy.downloadermiddlewares.cookies.CookiesMiddleware',
 'scrapy.downloadermiddlewares.httpproxy.HttpProxyMiddleware',
 'scrapy.downloadermiddlewares.stats.DownloaderStats']
2023-03-15 19:40:33 [scrapy.middleware] INFO: Enabled spider middlewares:
['scrapy.spidermiddlewares.httperror.HttpErrorMiddleware',
 'scrapy.spidermiddlewares.offsite.OffsiteMiddleware',
 'scrapy.spidermiddlewares.referer.RefererMiddleware',
 'scrapy.spidermiddlewares.urllength.UrlLengthMiddleware',
 'scrapy.spidermiddlewares.depth.DepthMiddleware']
2023-03-15 19:40:33 [scrapy.middleware] INFO: Enabled item pipelines:
[]
2023-03-15 19:40:33 [scrapy.core.engine] INFO: Spider opened
2023-03-15 19:40:34 [scrapy.extensions.logstats] INFO: Crawled 0 pages (at 0 pages/min), scraped 0 items (at 0 items/min)
2023-03-15 19:40:34 [scrapy.extensions.telnet] INFO: Telnet console listening on 127.0.0.1:6023
2023-03-15 19:40:34 [scrapy.core.engine] DEBUG: Crawled (404) <GET http://2302--2700.0227.world.chickengotogo.com:1223/o/> (referer: None)
2023-03-15 19:40:35 [filelock] DEBUG: Attempting to acquire lock 3127988924672 on D:\Python\lib\site-packages\tldextract\.suffix_cache/publicsuffix.org-tlds\de84b5ca2167d4c83e38fb162f2e8738.tldextract.json.lock
2023-03-15 19:40:35 [filelock] DEBUG: Lock 3127988924672 acquired on D:\Python\lib\site-packages\tldextract\.suffix_cache/publicsuffix.org-tlds\de84b5ca2167d4c83e38fb162f2e8738.tldextract.json.lock
2023-03-15 19:40:35 [filelock] DEBUG: Attempting to release lock 3127988924672 on D:\Python\lib\site-packages\tldextract\.suffix_cache/publicsuffix.org-tlds\de84b5ca2167d4c83e38fb162f2e8738.tldextract.json.lock
2023-03-15 19:40:35 [filelock] DEBUG: Lock 3127988924672 released on D:\Python\lib\site-packages\tldextract\.suffix_cache/publicsuffix.org-tlds\de84b5ca2167d4c83e38fb162f2e8738.tldextract.json.lock
2023-03-15 19:40:35 [scrapy.core.engine] DEBUG: Crawled (200) <GET https://www.jan.mmss888.com/> (referer: http://2302--2700.0227.world.chickengotogo.com:1223/o/)
2023-03-15 19:40:35 [scrapy.core.scraper] ERROR: Spider error processing <GET https://www.jan.mmss888.com/> (referer: http://2302--2700.0227.world.chickengotogo.com:1223/o/)
Traceback (most recent call last):
  File "D:\Python\lib\site-packages\scrapy\utils\defer.py", line 240, in iter_errback
    yield next(it)
  File "D:\Python\lib\site-packages\scrapy\utils\python.py", line 338, in __next__
    return next(self.data)
  File "D:\Python\lib\site-packages\scrapy\utils\python.py", line 338, in __next__
    return next(self.data)
  File "D:\Python\lib\site-packages\scrapy\core\spidermw.py", line 79, in process_sync
    for r in iterable:
  File "D:\Python\lib\site-packages\scrapy\spidermiddlewares\offsite.py", line 29, in <genexpr>
    return (r for r in result or () if self._filter(r, spider))
  File "D:\Python\lib\site-packages\scrapy\core\spidermw.py", line 79, in process_sync
    for r in iterable:
  File "D:\Python\lib\site-packages\scrapy\spidermiddlewares\referer.py", line 336, in <genexpr>
    return (self._set_referer(r, response) for r in result or ())
  File "D:\Python\lib\site-packages\scrapy\core\spidermw.py", line 79, in process_sync
    for r in iterable:
  File "D:\Python\lib\site-packages\scrapy\spidermiddlewares\urllength.py", line 28, in <genexpr>
    return (r for r in result or () if self._filter(r, spider))
  File "D:\Python\lib\site-packages\scrapy\core\spidermw.py", line 79, in process_sync
    for r in iterable:
  File "D:\Python\lib\site-packages\scrapy\spidermiddlewares\depth.py", line 32, in <genexpr>
    return (r for r in result or () if self._filter(r, response, spider))
  File "D:\Python\lib\site-packages\scrapy\core\spidermw.py", line 79, in process_sync
    for r in iterable:
  File "E:\Github_Local\Python_Application\Scrapy\ACG\ACG\spiders\sbook.py", line 33, in login
    yield scrapy.FormRequest.from_response(response,formdata=form_data,callback=self.after_login)
  File "D:\Python\lib\site-packages\scrapy\http\request\form.py", line 64, in from_response
    form = _get_form(response, formname, formid, formnumber, formxpath)
  File "D:\Python\lib\site-packages\scrapy\http\request\form.py", line 104, in _get_form
    raise ValueError(f"No <form> element found in {response}")
ValueError: No <form> element found in <200 https://www.jan.mmss888.com/>
2023-03-15 19:40:35 [scrapy.utils.signal] ERROR: Error caught on signal handler: <bound method SbookSpider.spider_idle of <SbookSpider 'sbook' at 0x2d84a4c65b0>>
Traceback (most recent call last):
  File "D:\Python\lib\site-packages\scrapy\utils\signal.py", line 30, in send_catch_log
    response = robustApply(receiver, signal=signal, sender=sender, *arguments, **named)
  File "D:\Python\lib\site-packages\pydispatch\robustapply.py", line 55, in robustApply
    return receiver(*arguments, **named)
  File "E:\Github_Local\Python_Application\Scrapy\ACG\ACG\spiders\sbook.py", line 104, in spider_idle
    req = scrapy.Request(self.coinurl, callback=self.parseCoin,headers=self.coinheader)
AttributeError: 'SbookSpider' object has no attribute 'coinurl'
2023-03-15 19:40:35 [scrapy.core.engine] INFO: Closing spider (finished)
2023-03-15 19:40:35 [scrapy.statscollectors] INFO: Dumping Scrapy stats:
{'downloader/request_bytes': 795,
 'downloader/request_count': 2,
 'downloader/request_method_count/GET': 2,
 'downloader/response_bytes': 3526,
 'downloader/response_count': 2,
 'downloader/response_status_count/200': 1,
 'downloader/response_status_count/404': 1,
 'elapsed_time_seconds': 1.607922,
 'finish_reason': 'finished',
 'finish_time': datetime.datetime(2023, 3, 15, 11, 40, 35, 971631),
 'httpcompression/response_bytes': 7144,
 'httpcompression/response_count': 2,
 'log_count/DEBUG': 9,
 'log_count/ERROR': 2,
 'log_count/INFO': 10,
 'request_depth_max': 1,
 'response_received_count': 2,
 'scheduler/dequeued': 2,
 'scheduler/dequeued/memory': 2,
 'scheduler/enqueued': 2,
 'scheduler/enqueued/memory': 2,
 'spider_exceptions/ValueError': 1,
 'start_time': datetime.datetime(2023, 3, 15, 11, 40, 34, 363709)}
2023-03-15 19:40:35 [scrapy.core.engine] INFO: Spider closed (finished)
