2023-03-01 16:56:56 [scrapy.utils.log] INFO: Scrapy 2.7.1 started (bot: ACG)
2023-03-01 16:56:56 [scrapy.utils.log] INFO: Versions: lxml 4.9.2.0, libxml2 2.9.12, cssselect 1.2.0, parsel 1.7.0, w3lib 2.1.1, Twisted 22.10.0, Python 3.9.6 (tags/v3.9.6:db3ff76, Jun 28 2021, 15:26:21) [MSC v.1929 64 bit (AMD64)], pyOpenSSL 22.0.0 (OpenSSL 1.1.1n  15 Mar 2022), cryptography 36.0.2, Platform Windows-10-10.0.22621-SP0
2023-03-01 16:56:56 [scrapy.crawler] INFO: Overridden settings:
{'BOT_NAME': 'ACG',
 'DUPEFILTER_CLASS': 'scrapy.dupefilters.BaseDupeFilter',
 'LOGSTATS_INTERVAL': 0,
 'LOG_FILE': 'log/scrapy_2023_3_1.log',
 'NEWSPIDER_MODULE': 'ACG.spiders',
 'REQUEST_FINGERPRINTER_IMPLEMENTATION': '2.7',
 'SPIDER_MODULES': ['ACG.spiders'],
 'TWISTED_REACTOR': 'twisted.internet.asyncioreactor.AsyncioSelectorReactor'}
2023-03-01 16:56:56 [asyncio] DEBUG: Using selector: SelectSelector
2023-03-01 16:56:56 [scrapy.utils.log] DEBUG: Using reactor: twisted.internet.asyncioreactor.AsyncioSelectorReactor
2023-03-01 16:56:56 [scrapy.utils.log] DEBUG: Using asyncio event loop: asyncio.windows_events._WindowsSelectorEventLoop
2023-03-01 16:56:56 [scrapy.extensions.telnet] INFO: Telnet Password: 8754fe603f997a86
2023-03-01 16:56:56 [scrapy.middleware] INFO: Enabled extensions:
['scrapy.extensions.corestats.CoreStats',
 'scrapy.extensions.telnet.TelnetConsole']
2023-03-01 16:56:56 [scrapy.middleware] INFO: Enabled downloader middlewares:
['ACG.middlewares.DelayedRequestsMiddleware',
 'scrapy.downloadermiddlewares.httpauth.HttpAuthMiddleware',
 'scrapy.downloadermiddlewares.downloadtimeout.DownloadTimeoutMiddleware',
 'scrapy.downloadermiddlewares.defaultheaders.DefaultHeadersMiddleware',
 'scrapy.downloadermiddlewares.useragent.UserAgentMiddleware',
 'scrapy.downloadermiddlewares.retry.RetryMiddleware',
 'scrapy.downloadermiddlewares.redirect.MetaRefreshMiddleware',
 'scrapy.downloadermiddlewares.httpcompression.HttpCompressionMiddleware',
 'scrapy.downloadermiddlewares.redirect.RedirectMiddleware',
 'scrapy.downloadermiddlewares.cookies.CookiesMiddleware',
 'scrapy.downloadermiddlewares.httpproxy.HttpProxyMiddleware',
 'scrapy.downloadermiddlewares.stats.DownloaderStats']
2023-03-01 16:56:56 [scrapy.middleware] INFO: Enabled spider middlewares:
['scrapy.spidermiddlewares.httperror.HttpErrorMiddleware',
 'scrapy.spidermiddlewares.offsite.OffsiteMiddleware',
 'scrapy.spidermiddlewares.referer.RefererMiddleware',
 'scrapy.spidermiddlewares.urllength.UrlLengthMiddleware',
 'scrapy.spidermiddlewares.depth.DepthMiddleware']
2023-03-01 16:56:56 [scrapy.middleware] INFO: Enabled item pipelines:
[]
2023-03-01 16:56:56 [scrapy.extensions.telnet] INFO: Telnet console listening on 127.0.0.1:6023
2023-03-01 16:56:56 [scrapy.core.engine] INFO: Spider opened
2023-03-01 16:56:57 [scrapy.core.engine] DEBUG: Crawled (200) <GET https://yhdm6.top/index.php/vod/detail/id/2877.html> (referer: None)
2023-03-01 16:56:57 [scrapy.core.scraper] ERROR: Spider error processing <GET https://yhdm6.top/index.php/vod/detail/id/2877.html> (referer: None)
Traceback (most recent call last):
  File "D:\Python\lib\site-packages\twisted\internet\defer.py", line 892, in _runCallbacks
    current.result = callback(  # type: ignore[misc]
  File "D:\Python\lib\site-packages\scrapy\utils\defer.py", line 285, in f
    return deferred_from_coro(coro_f(*coro_args, **coro_kwargs))
  File "D:\Python\lib\site-packages\scrapy\utils\defer.py", line 272, in deferred_from_coro
    event_loop = get_asyncio_event_loop_policy().get_event_loop()
  File "D:\Python\lib\asyncio\events.py", line 642, in get_event_loop
    raise RuntimeError('There is no current event loop in thread %r.'
RuntimeError: There is no current event loop in thread 'Thread-1'.
2023-03-01 16:56:57 [py.warnings] WARNING: D:\Python\lib\site-packages\twisted\internet\defer.py:892: RuntimeWarning: coroutine 'SpiderMiddlewareManager.scrape_response.<locals>.process_callback_output' was never awaited
  current.result = callback(  # type: ignore[misc]

2023-03-01 16:56:57 [asyncio] DEBUG: Using selector: SelectSelector
2023-03-01 16:57:19 [parso.cache] DEBUG: pickle loaded: D:\Python\lib\site-packages\jedi\third_party\typeshed\stdlib\2and3\builtins.pyi
2023-03-01 16:57:19 [parso.cache] DEBUG: pickle loaded: D:\Python\lib\site-packages\jedi\third_party\typeshed\stdlib\3\sys.pyi
2023-03-01 16:59:02 [parso.python.diff] DEBUG: diff parser start
2023-03-01 16:59:02 [parso.python.diff] DEBUG: line_lengths old: 1; new: 1
2023-03-01 16:59:02 [parso.python.diff] DEBUG: -> code[replace] old[1:1] new[1:1]
2023-03-01 16:59:02 [parso.python.diff] DEBUG: parse_part from 1 to 1 (to 0 in part parser)
2023-03-01 16:59:02 [parso.python.diff] DEBUG: diff parser end
2023-03-01 16:59:06 [parso.python.diff] DEBUG: diff parser start
2023-03-01 16:59:06 [parso.python.diff] DEBUG: line_lengths old: 1; new: 1
2023-03-01 16:59:06 [parso.python.diff] DEBUG: -> code[replace] old[1:1] new[1:1]
2023-03-01 16:59:06 [parso.python.diff] DEBUG: parse_part from 1 to 1 (to 0 in part parser)
2023-03-01 16:59:06 [parso.python.diff] DEBUG: diff parser end
2023-03-01 22:29:09 [scrapy.utils.log] INFO: Scrapy 2.7.1 started (bot: ACG)
2023-03-01 22:29:09 [scrapy.utils.log] INFO: Versions: lxml 4.9.2.0, libxml2 2.9.12, cssselect 1.2.0, parsel 1.7.0, w3lib 2.1.1, Twisted 22.10.0, Python 3.9.6 (tags/v3.9.6:db3ff76, Jun 28 2021, 15:26:21) [MSC v.1929 64 bit (AMD64)], pyOpenSSL 22.0.0 (OpenSSL 1.1.1n  15 Mar 2022), cryptography 36.0.2, Platform Windows-10-10.0.22621-SP0
2023-03-01 22:29:09 [scrapy.crawler] INFO: Overridden settings:
{'BOT_NAME': 'ACG',
 'LOG_FILE': 'log/scrapy_2023_3_1.log',
 'NEWSPIDER_MODULE': 'ACG.spiders',
 'REQUEST_FINGERPRINTER_IMPLEMENTATION': '2.7',
 'SPIDER_MODULES': ['ACG.spiders'],
 'TWISTED_REACTOR': 'twisted.internet.asyncioreactor.AsyncioSelectorReactor'}
2023-03-01 22:29:09 [asyncio] DEBUG: Using selector: SelectSelector
2023-03-01 22:29:09 [scrapy.utils.log] DEBUG: Using reactor: twisted.internet.asyncioreactor.AsyncioSelectorReactor
2023-03-01 22:29:09 [scrapy.utils.log] DEBUG: Using asyncio event loop: asyncio.windows_events._WindowsSelectorEventLoop
2023-03-01 22:29:10 [scrapy.extensions.telnet] INFO: Telnet Password: 141a03e9fb3303a0
2023-03-01 22:29:10 [scrapy.middleware] INFO: Enabled extensions:
['scrapy.extensions.corestats.CoreStats',
 'scrapy.extensions.telnet.TelnetConsole',
 'scrapy.extensions.logstats.LogStats']
2023-03-01 22:29:10 [scrapy.middleware] INFO: Enabled downloader middlewares:
['ACG.middlewares.DelayedRequestsMiddleware',
 'scrapy.downloadermiddlewares.httpauth.HttpAuthMiddleware',
 'scrapy.downloadermiddlewares.downloadtimeout.DownloadTimeoutMiddleware',
 'scrapy.downloadermiddlewares.defaultheaders.DefaultHeadersMiddleware',
 'scrapy.downloadermiddlewares.useragent.UserAgentMiddleware',
 'scrapy.downloadermiddlewares.retry.RetryMiddleware',
 'scrapy.downloadermiddlewares.redirect.MetaRefreshMiddleware',
 'scrapy.downloadermiddlewares.httpcompression.HttpCompressionMiddleware',
 'scrapy.downloadermiddlewares.redirect.RedirectMiddleware',
 'scrapy.downloadermiddlewares.cookies.CookiesMiddleware',
 'scrapy.downloadermiddlewares.httpproxy.HttpProxyMiddleware',
 'scrapy.downloadermiddlewares.stats.DownloaderStats']
2023-03-01 22:29:10 [scrapy.middleware] INFO: Enabled spider middlewares:
['scrapy.spidermiddlewares.httperror.HttpErrorMiddleware',
 'scrapy.spidermiddlewares.offsite.OffsiteMiddleware',
 'scrapy.spidermiddlewares.referer.RefererMiddleware',
 'scrapy.spidermiddlewares.urllength.UrlLengthMiddleware',
 'scrapy.spidermiddlewares.depth.DepthMiddleware']
2023-03-01 22:29:10 [scrapy.middleware] INFO: Enabled item pipelines:
[]
2023-03-01 22:29:10 [scrapy.core.engine] INFO: Spider opened
2023-03-01 22:29:10 [scrapy.extensions.logstats] INFO: Crawled 0 pages (at 0 pages/min), scraped 0 items (at 0 items/min)
2023-03-01 22:29:10 [scrapy.extensions.telnet] INFO: Telnet console listening on 127.0.0.1:6024
2023-03-01 22:29:11 [scrapy.core.engine] DEBUG: Crawled (200) <GET https://yhdm6.top/> (referer: None)
2023-03-01 22:29:11 [scrapy.core.scraper] DEBUG: Scraped from <200 https://yhdm6.top/>
{'Fri': [{'img': 'https://pic.wujinpp.com/upload/vod/20230106-1/980a40da063256db004a28260fbe9439.jpg',
 'status': '8',
 'title': '冰剑的魔术师将要统一世界'},
         {'img': 'https://pic.feisuimg.com/upload/vod/20230107-1/ccf3950c8bdcbd0c3990e806b68cdb0e.jpg',
 'status': '8',
 'title': '异世界悠闲农家'},
         {'img': 'https://pic.feisuimg.com/upload/vod/20230107-1/83474bca88593efa43791cb7c319c0b2.jpg',
 'status': '8',
 'title': '英雄传说 闪之轨迹 北方战役'},
         {'img': 'https://pic.feisuimg.com/upload/vod/20230107-1/daf83e0c16b63f6b6b27b39992dd876e.jpg',
 'status': '8',
 'title': '银砂糖师与黑色妖精'},
         {'img': 'https://pic1.zykpic.com/upload/vod/2023-01-06/16730115871.jpg',
 'status': '08',
 'title': 'Love Live！虹咲学园学园偶像同好会 四格漫'},
         {'img': 'https://pic1.zykpic.com/upload/vod/2023-01-19/16741176381.jpg',
 'status': '12',
 'title': '伊藤润二狂热：日本恐怖故事'}],
 'Mon': [{'img': 'https://pic1.zykpic.com/upload/vod/2023-01-11/16733966511.jpg',
 'status': '8',
 'title': '至高之牌'},
         {'img': 'https://pic1.zykpic.com/upload/vod/2023-01-09/16732758911.jpg',
 'status': '08',
 'title': '吸血鬼马上死第二季'},
         {'img': 'https://youku.youkuphoto.com/upload/vod/20221010-1/bf33f87c1143fddb2dd1183d9e5ca329.jpg',
 'status': '18',
 'title': '飙速宅男第五季'},
         {'img': 'https://pic.wujinpp.com/upload/vod/20221024-1/cd47909302ef90cdec846b518d5f7326.jpg',
 'status': '18',
 'title': '致不灭的你第二季'},
         {'img': 'https://pic.wujinpp.com/upload/vod/20221205-1/dd9b8e23a9080d4659eb7473b50a7040.jpg',
 'status': '12',
 'title': '我与机器妹'},
         {'img': 'https://pic1.zykpic.com/upload/vod/2023-01-09/16732245811.jpg',
 'status': '08',
 'title': '再得一胜！'}],
 'Sat': [{'img': 'https://pic.wujinpp.com/upload/vod/20210801-1/6cc25166bb84263c4509d64a76b0f539.jpg',
 'status': '248',
 'title': '斗罗大陆'},
         {'img': 'https://pic.wujinpp.com/upload/vod/20230107-1/6ba0357e1b6a5e34c5c576fa0eddcb06.jpg',
 'status': '8',
 'title': '傲娇恶役大小姐莉泽洛特与实况转播远藤君和解说员小林'},
         {'img': 'https://youku.youkuphoto.com/upload/vod/20230107-1/8bdb0a8c95f3bcd9cdb0976bcf9cf4b2.jpg',
 'status': '8',
 'title': '关于邻家的天使大人不知不觉把我惯成了废人'},
         {'img': 'https://pic.huishij.com/upload/vod/20230108-1/950b84b6a953908dec2f1b4aa17ffb2f.jpg',
 'status': '08',
 'title': '枪神 史丹比特'},
         {'img': 'https://youku.youkuphoto.com/upload/vod/20230107-1/0922f9716f640f462626727cd0e1fb7d.jpg',
 'status': '08',
 'title': '被解雇的暗黑士兵慢生活的第二人生'},
         {'img': 'https://pic1.zykpic.com/upload/vod/2023-01-14/16737049401.jpg',
 'status': '07',
 'title': '狩火之王'},
         {'img': 'https://pic.huishij.com/upload/vod/20220313-1/1859ceebf31e2c9f44f8b384924b18fb.jpg',
 'status': '1132',
 'title': '名侦探柯南日语'},
         {'img': 'https://youku.youkuphoto.com/upload/vod/20221008-1/46d29c3426240694332dec2bfef4a9ab.jpg',
 'status': '20',
 'title': '入间同学入魔了第三季'},
         {'img': 'https://pic.wujinpp.com/upload/vod/20230107-1/6d0aba905a5fc9c00341338fbb75d502.jpg',
 'status': '08',
 'title': '爹地拍档'},
         {'img': 'https://pic.wujinpp.com/upload/vod/20230107-1/f8220308fe1405f517391571d6288dc4.jpg',
 'status': '08',
 'title': '阿鲁斯的巨兽'},
         {'img': 'https://pic.wujinpp.com/upload/vod/20230114-1/15f584b0c0ff4d2f26b6498bd4cb0f23.jpg',
 'status': '07',
 'title': '真・进化之实'},
         {'img': 'https://pic.feisuimg.com/upload/vod/20230114-1/c429dd056502a3c50838e0e093828a10.jpg',
 'status': '02',
 'title': '卡片战斗先导者 overDress 第二季'}],
 'Sun': [{'img': 'https://pic.wujinpp.com/upload/vod/20230110-1/aeaa97876d20db4da649d0b6eb317b5e.jpg',
 'status': '8',
 'title': '万事屋斋藤到异世界'},
         {'img': 'https://pic1.zykpic.com/upload/vod/2023-01-09/16732247191.jpg',
 'status': '08',
 'title': 'D4DJ All Mix'},
         {'img': 'https://pic.huishij.com/upload/vod/20230108-1/188af09f90ddb43272d882ed83709e9b.jpg',
 'status': '8',
 'title': '东京复仇者 圣夜决战篇'},
         {'img': 'https://youku.youkuphoto.com/upload/vod/20230108-1/0429c0e7d82357ce91f688985d4549c2.jpg',
 'status': '8',
 'title': '为了养老金，去异界存八万金'},
         {'img': 'https://pic.feisuimg.com/upload/vod/20230108-1/c762120546ca4f9eaa94480709b860be.jpg',
 'status': '08',
 'title': '被众神捡到的男孩第二季'},
         {'img': 'https://pic1.zykpic.com/upload/vod/2023-01-08/16731924581.jpg',
 'status': '08',
 'title': '虚构推理第二季'},
         {'img': 'https://pic.feisuimg.com/upload/vod/20220220-1/928e05f97512ce08f286ee2c54e3be7f.jpg',
 'status': '289',
 'title': '火影忍者：博人传之次世代继承者'},
         {'img': 'https://pic1.zykpic.com/upload/vod/2023-01-08/16731101811.jpg',
 'status': '05',
 'title': '尼尔：机械纪元动画版'},
         {'img': 'https://pic.wujinpp.com/upload/vod/20230108-1/2210c3a1604718d4580e0aac84ee278e.jpg',
 'status': '09',
 'title': '不要欺负我，长瀞同学第二季'},
         {'img': 'https://youku.youkuphoto.com/upload/vod/20230108-1/30abb383d0467b0de2540e0f329a0e4c.jpg',
 'status': '08',
 'title': '最强阴阳师的异世界转生记'},
         {'img': 'https://pic.wujinpp.com/upload/vod/20221009-1/d4ac5d2a2747509779f4553e22eff760.jpg',
 'status': '20',
 'title': '蓝色监狱'},
         {'img': 'https://pic.wujinpp.com/upload/vod/20230108-1/ec43b56d4f51be98d90425a8656c97bb.jpg',
 'status': '06',
 'title': '魔王学院的不适合者第二季'}],
 'Thr': [{'img': 'https://youku.youkuphoto.com/upload/vod/20230105-1/8b7d9ca13adc04b60dbf64646fb75467.jpg',
 'status': '08',
 'title': '弦音-风舞高中弓道部-第二季'},
         {'img': 'https://youku.youkuphoto.com/upload/vod/20221226-1/001b41dbd315d6f9428269be8fb0dfd0.jpg',
 'status': '08',
 'title': '别当欧尼酱了！'},
         {'img': 'https://pic.feisuimg.com/upload/vod/20230105-1/e3d159c82609ed5ef01a5922d5cb4a6a.jpg',
 'status': '08',
 'title': '生而为狗 我很幸福'},
         {'img': 'https://pic.wujinpp.com/upload/vod/20230105-1/ef1046840b94ae88344b80c7b9de49ae.jpg',
 'status': '8',
 'title': '小智是女孩啦！'},
         {'img': 'https://youku.youkuphoto.com/upload/vod/20230112-1/cea8c6fd8a0570d82c79f6ff4bbe4bbb.jpg',
 'status': '7',
 'title': '大雪海的凯纳'},
         {'img': 'https://pic1.zykpic.com/upload/vod/2023-01-26/16747231491.jpg',
 'status': '10',
 'title': '终末的女武神第二季'}],
 'Tue': [{'img': 'https://pic.wujinpp.com/upload/vod/20230104-1/09dbc985acb1cf0d037604bdf2b794a8.jpg',
 'status': '9',
 'title': '冰属性男子与酷酷女同事'},
         {'img': 'https://pic.wujinpp.com/upload/vod/20230103-1/a869063f99af0bfe64fa7aae95baa560.jpg',
 'status': '09',
 'title': '不相信人类的冒险者们好像要去拯救世界'},
         {'img': 'https://pic1.zykpic.com/upload/vod/2023-01-10/16733121371.jpg',
 'status': '08',
 'title': '冰海战记第二季'},
         {'img': 'https://pic1.zykpic.com/upload/vod/2023-01-10/16733124441.jpg',
 'status': '08',
 'title': '英雄王，为了穷尽武道而转生 ～而后成为世界最强见习骑士♀～'},
         {'img': 'https://pic.wujinpp.com/upload/vod/20230110-1/454cc6cbd3106944715a6fe484995cba.jpg',
 'status': '06',
 'title': '久保同学不放过我'},
         {'img': 'https://pic1.zykpic.com/upload/vod/2023-01-10/16733122251.jpg',
 'status': '04',
 'title': '妖幻三重奏'}],
 'Wed': [{'img': 'https://pic1.zykpic.com/upload/vod/2023-01-11/16733688481.jpg',
 'status': '8',
 'title': '拥有超常技能的异世界流浪美食家'},
         {'img': 'https://youku.youkuphoto.com/upload/vod/20221005-1/a615cf8967baaf02b696849e402d4904.jpg',
 'status': '20',
 'title': '想要成为影之实力者！'},
         {'img': 'https://pic.wujinpp.com/upload/vod/20230110-1/5bdc1e570654c6503b3de5ed5cbea023.jpg',
 'status': '8',
 'title': '复仇者'},
         {'img': 'https://youku.youkuphoto.com/upload/vod/20230105-1/758a45b00c9a5c77614d7a877e281c71.jpg',
 'status': '08',
 'title': '文豪野犬第四季'},
         {'img': 'https://youku.youkuphoto.com/upload/vod/20230104-1/e9a09688e1c8603dfaab7d75aa7e473a.jpg',
 'status': '08',
 'title': '转生王女与天才千金的魔法革命'},
         {'img': 'https://youku.youkuphoto.com/upload/vod/20230112-1/f1dd1d9ca663ac4c2707196daaf3c284.jpg',
 'status': '06',
 'title': '因为太怕痛就全点防御力了第二季'}]}
2023-03-01 22:29:11 [scrapy.core.engine] INFO: Closing spider (finished)
2023-03-01 22:29:11 [scrapy.statscollectors] INFO: Dumping Scrapy stats:
{'downloader/request_bytes': 344,
 'downloader/request_count': 1,
 'downloader/request_method_count/GET': 1,
 'downloader/response_bytes': 37546,
 'downloader/response_count': 1,
 'downloader/response_status_count/200': 1,
 'elapsed_time_seconds': 1.134239,
 'finish_reason': 'finished',
 'finish_time': datetime.datetime(2023, 3, 1, 14, 29, 11, 606493),
 'httpcompression/response_bytes': 191923,
 'httpcompression/response_count': 1,
 'item_scraped_count': 1,
 'log_count/DEBUG': 5,
 'log_count/INFO': 10,
 'response_received_count': 1,
 'scheduler/dequeued': 1,
 'scheduler/dequeued/memory': 1,
 'scheduler/enqueued': 1,
 'scheduler/enqueued/memory': 1,
 'start_time': datetime.datetime(2023, 3, 1, 14, 29, 10, 472254)}
2023-03-01 22:29:11 [scrapy.core.engine] INFO: Spider closed (finished)
2023-03-01 22:31:38 [scrapy.utils.log] INFO: Scrapy 2.7.1 started (bot: ACG)
2023-03-01 22:31:38 [scrapy.utils.log] INFO: Versions: lxml 4.9.2.0, libxml2 2.9.12, cssselect 1.2.0, parsel 1.7.0, w3lib 2.1.1, Twisted 22.10.0, Python 3.9.6 (tags/v3.9.6:db3ff76, Jun 28 2021, 15:26:21) [MSC v.1929 64 bit (AMD64)], pyOpenSSL 22.0.0 (OpenSSL 1.1.1n  15 Mar 2022), cryptography 36.0.2, Platform Windows-10-10.0.22621-SP0
2023-03-01 22:31:38 [scrapy.crawler] INFO: Overridden settings:
{'BOT_NAME': 'ACG',
 'LOG_FILE': 'log/scrapy_2023_3_1.log',
 'NEWSPIDER_MODULE': 'ACG.spiders',
 'REQUEST_FINGERPRINTER_IMPLEMENTATION': '2.7',
 'SPIDER_MODULES': ['ACG.spiders'],
 'TWISTED_REACTOR': 'twisted.internet.asyncioreactor.AsyncioSelectorReactor'}
2023-03-01 22:31:38 [asyncio] DEBUG: Using selector: SelectSelector
2023-03-01 22:31:38 [scrapy.utils.log] DEBUG: Using reactor: twisted.internet.asyncioreactor.AsyncioSelectorReactor
2023-03-01 22:31:38 [scrapy.utils.log] DEBUG: Using asyncio event loop: asyncio.windows_events._WindowsSelectorEventLoop
2023-03-01 22:31:38 [scrapy.extensions.telnet] INFO: Telnet Password: 6c94777312f6e086
2023-03-01 22:31:38 [scrapy.middleware] INFO: Enabled extensions:
['scrapy.extensions.corestats.CoreStats',
 'scrapy.extensions.telnet.TelnetConsole',
 'scrapy.extensions.logstats.LogStats']
2023-03-01 22:31:39 [scrapy.middleware] INFO: Enabled downloader middlewares:
['ACG.middlewares.DelayedRequestsMiddleware',
 'scrapy.downloadermiddlewares.httpauth.HttpAuthMiddleware',
 'scrapy.downloadermiddlewares.downloadtimeout.DownloadTimeoutMiddleware',
 'scrapy.downloadermiddlewares.defaultheaders.DefaultHeadersMiddleware',
 'scrapy.downloadermiddlewares.useragent.UserAgentMiddleware',
 'scrapy.downloadermiddlewares.retry.RetryMiddleware',
 'scrapy.downloadermiddlewares.redirect.MetaRefreshMiddleware',
 'scrapy.downloadermiddlewares.httpcompression.HttpCompressionMiddleware',
 'scrapy.downloadermiddlewares.redirect.RedirectMiddleware',
 'scrapy.downloadermiddlewares.cookies.CookiesMiddleware',
 'scrapy.downloadermiddlewares.httpproxy.HttpProxyMiddleware',
 'scrapy.downloadermiddlewares.stats.DownloaderStats']
2023-03-01 22:31:39 [scrapy.middleware] INFO: Enabled spider middlewares:
['scrapy.spidermiddlewares.httperror.HttpErrorMiddleware',
 'scrapy.spidermiddlewares.offsite.OffsiteMiddleware',
 'scrapy.spidermiddlewares.referer.RefererMiddleware',
 'scrapy.spidermiddlewares.urllength.UrlLengthMiddleware',
 'scrapy.spidermiddlewares.depth.DepthMiddleware']
2023-03-01 22:31:39 [scrapy.middleware] INFO: Enabled item pipelines:
[]
2023-03-01 22:31:39 [scrapy.core.engine] INFO: Spider opened
2023-03-01 22:31:39 [scrapy.extensions.logstats] INFO: Crawled 0 pages (at 0 pages/min), scraped 0 items (at 0 items/min)
2023-03-01 22:31:39 [scrapy.extensions.telnet] INFO: Telnet console listening on 127.0.0.1:6024
2023-03-01 22:31:40 [scrapy.core.engine] DEBUG: Crawled (200) <GET https://yhdm6.top/> (referer: None)
2023-03-01 22:31:40 [scrapy.core.scraper] DEBUG: Scraped from <200 https://yhdm6.top/>
{'Fri': [{'img': 'https://pic.wujinpp.com/upload/vod/20230106-1/980a40da063256db004a28260fbe9439.jpg',
 'status': [<Selector xpath="descendant-or-self::span[@class and contains(concat(' ', normalize-space(@class), ' '), ' pic_text ')]/text()" data='更新8'>],
 'title': '冰剑的魔术师将要统一世界'},
         {'img': 'https://pic.feisuimg.com/upload/vod/20230107-1/ccf3950c8bdcbd0c3990e806b68cdb0e.jpg',
 'status': [<Selector xpath="descendant-or-self::span[@class and contains(concat(' ', normalize-space(@class), ' '), ' pic_text ')]/text()" data='更新8'>],
 'title': '异世界悠闲农家'},
         {'img': 'https://pic.feisuimg.com/upload/vod/20230107-1/83474bca88593efa43791cb7c319c0b2.jpg',
 'status': [<Selector xpath="descendant-or-self::span[@class and contains(concat(' ', normalize-space(@class), ' '), ' pic_text ')]/text()" data='更新8'>],
 'title': '英雄传说 闪之轨迹 北方战役'},
         {'img': 'https://pic.feisuimg.com/upload/vod/20230107-1/daf83e0c16b63f6b6b27b39992dd876e.jpg',
 'status': [<Selector xpath="descendant-or-self::span[@class and contains(concat(' ', normalize-space(@class), ' '), ' pic_text ')]/text()" data='更新8'>],
 'title': '银砂糖师与黑色妖精'},
         {'img': 'https://pic1.zykpic.com/upload/vod/2023-01-06/16730115871.jpg',
 'status': [<Selector xpath="descendant-or-self::span[@class and contains(concat(' ', normalize-space(@class), ' '), ' pic_text ')]/text()" data='更新至08集'>],
 'title': 'Love Live！虹咲学园学园偶像同好会 四格漫'},
         {'img': 'https://pic1.zykpic.com/upload/vod/2023-01-19/16741176381.jpg',
 'status': [<Selector xpath="descendant-or-self::span[@class and contains(concat(' ', normalize-space(@class), ' '), ' pic_text ')]/text()" data='全12集'>],
 'title': '伊藤润二狂热：日本恐怖故事'}],
 'Mon': [{'img': 'https://pic1.zykpic.com/upload/vod/2023-01-11/16733966511.jpg',
 'status': [<Selector xpath="descendant-or-self::span[@class and contains(concat(' ', normalize-space(@class), ' '), ' pic_text ')]/text()" data='更新8'>],
 'title': '至高之牌'},
         {'img': 'https://pic1.zykpic.com/upload/vod/2023-01-09/16732758911.jpg',
 'status': [<Selector xpath="descendant-or-self::span[@class and contains(concat(' ', normalize-space(@class), ' '), ' pic_text ')]/text()" data='更新至08集'>],
 'title': '吸血鬼马上死第二季'},
         {'img': 'https://youku.youkuphoto.com/upload/vod/20221010-1/bf33f87c1143fddb2dd1183d9e5ca329.jpg',
 'status': [<Selector xpath="descendant-or-self::span[@class and contains(concat(' ', normalize-space(@class), ' '), ' pic_text ')]/text()" data='更新至18集'>],
 'title': '飙速宅男第五季'},
         {'img': 'https://pic.wujinpp.com/upload/vod/20221024-1/cd47909302ef90cdec846b518d5f7326.jpg',
 'status': [<Selector xpath="descendant-or-self::span[@class and contains(concat(' ', normalize-space(@class), ' '), ' pic_text ')]/text()" data='更新至18集'>],
 'title': '致不灭的你第二季'},
         {'img': 'https://pic.wujinpp.com/upload/vod/20221205-1/dd9b8e23a9080d4659eb7473b50a7040.jpg',
 'status': [<Selector xpath="descendant-or-self::span[@class and contains(concat(' ', normalize-space(@class), ' '), ' pic_text ')]/text()" data='更新至12集'>],
 'title': '我与机器妹'},
         {'img': 'https://pic1.zykpic.com/upload/vod/2023-01-09/16732245811.jpg',
 'status': [<Selector xpath="descendant-or-self::span[@class and contains(concat(' ', normalize-space(@class), ' '), ' pic_text ')]/text()" data='更新至08集'>],
 'title': '再得一胜！'}],
 'Sat': [{'img': 'https://pic.wujinpp.com/upload/vod/20210801-1/6cc25166bb84263c4509d64a76b0f539.jpg',
 'status': [<Selector xpath="descendant-or-self::span[@class and contains(concat(' ', normalize-space(@class), ' '), ' pic_text ')]/text()" data='更新至248集'>],
 'title': '斗罗大陆'},
         {'img': 'https://pic.wujinpp.com/upload/vod/20230107-1/6ba0357e1b6a5e34c5c576fa0eddcb06.jpg',
 'status': [<Selector xpath="descendant-or-self::span[@class and contains(concat(' ', normalize-space(@class), ' '), ' pic_text ')]/text()" data='更新8'>],
 'title': '傲娇恶役大小姐莉泽洛特与实况转播远藤君和解说员小林'},
         {'img': 'https://youku.youkuphoto.com/upload/vod/20230107-1/8bdb0a8c95f3bcd9cdb0976bcf9cf4b2.jpg',
 'status': [<Selector xpath="descendant-or-self::span[@class and contains(concat(' ', normalize-space(@class), ' '), ' pic_text ')]/text()" data='更新8'>],
 'title': '关于邻家的天使大人不知不觉把我惯成了废人'},
         {'img': 'https://pic.huishij.com/upload/vod/20230108-1/950b84b6a953908dec2f1b4aa17ffb2f.jpg',
 'status': [<Selector xpath="descendant-or-self::span[@class and contains(concat(' ', normalize-space(@class), ' '), ' pic_text ')]/text()" data='更新至08集'>],
 'title': '枪神 史丹比特'},
         {'img': 'https://youku.youkuphoto.com/upload/vod/20230107-1/0922f9716f640f462626727cd0e1fb7d.jpg',
 'status': [<Selector xpath="descendant-or-self::span[@class and contains(concat(' ', normalize-space(@class), ' '), ' pic_text ')]/text()" data='更新至08集'>],
 'title': '被解雇的暗黑士兵慢生活的第二人生'},
         {'img': 'https://pic1.zykpic.com/upload/vod/2023-01-14/16737049401.jpg',
 'status': [<Selector xpath="descendant-or-self::span[@class and contains(concat(' ', normalize-space(@class), ' '), ' pic_text ')]/text()" data='更新至07集'>],
 'title': '狩火之王'},
         {'img': 'https://pic.huishij.com/upload/vod/20220313-1/1859ceebf31e2c9f44f8b384924b18fb.jpg',
 'status': [<Selector xpath="descendant-or-self::span[@class and contains(concat(' ', normalize-space(@class), ' '), ' pic_text ')]/text()" data='更新至1132集'>],
 'title': '名侦探柯南日语'},
         {'img': 'https://youku.youkuphoto.com/upload/vod/20221008-1/46d29c3426240694332dec2bfef4a9ab.jpg',
 'status': [<Selector xpath="descendant-or-self::span[@class and contains(concat(' ', normalize-space(@class), ' '), ' pic_text ')]/text()" data='更新至20集'>],
 'title': '入间同学入魔了第三季'},
         {'img': 'https://pic.wujinpp.com/upload/vod/20230107-1/6d0aba905a5fc9c00341338fbb75d502.jpg',
 'status': [<Selector xpath="descendant-or-self::span[@class and contains(concat(' ', normalize-space(@class), ' '), ' pic_text ')]/text()" data='更新至08集'>],
 'title': '爹地拍档'},
         {'img': 'https://pic.wujinpp.com/upload/vod/20230107-1/f8220308fe1405f517391571d6288dc4.jpg',
 'status': [<Selector xpath="descendant-or-self::span[@class and contains(concat(' ', normalize-space(@class), ' '), ' pic_text ')]/text()" data='更新至08集'>],
 'title': '阿鲁斯的巨兽'},
         {'img': 'https://pic.wujinpp.com/upload/vod/20230114-1/15f584b0c0ff4d2f26b6498bd4cb0f23.jpg',
 'status': [<Selector xpath="descendant-or-self::span[@class and contains(concat(' ', normalize-space(@class), ' '), ' pic_text ')]/text()" data='更新至07集'>],
 'title': '真・进化之实'},
         {'img': 'https://pic.feisuimg.com/upload/vod/20230114-1/c429dd056502a3c50838e0e093828a10.jpg',
 'status': [<Selector xpath="descendant-or-self::span[@class and contains(concat(' ', normalize-space(@class), ' '), ' pic_text ')]/text()" data='更新至02集'>],
 'title': '卡片战斗先导者 overDress 第二季'}],
 'Sun': [{'img': 'https://pic.wujinpp.com/upload/vod/20230110-1/aeaa97876d20db4da649d0b6eb317b5e.jpg',
 'status': [<Selector xpath="descendant-or-self::span[@class and contains(concat(' ', normalize-space(@class), ' '), ' pic_text ')]/text()" data='更新8'>],
 'title': '万事屋斋藤到异世界'},
         {'img': 'https://pic1.zykpic.com/upload/vod/2023-01-09/16732247191.jpg',
 'status': [<Selector xpath="descendant-or-self::span[@class and contains(concat(' ', normalize-space(@class), ' '), ' pic_text ')]/text()" data='更新至08集'>],
 'title': 'D4DJ All Mix'},
         {'img': 'https://pic.huishij.com/upload/vod/20230108-1/188af09f90ddb43272d882ed83709e9b.jpg',
 'status': [<Selector xpath="descendant-or-self::span[@class and contains(concat(' ', normalize-space(@class), ' '), ' pic_text ')]/text()" data='更新8'>],
 'title': '东京复仇者 圣夜决战篇'},
         {'img': 'https://youku.youkuphoto.com/upload/vod/20230108-1/0429c0e7d82357ce91f688985d4549c2.jpg',
 'status': [<Selector xpath="descendant-or-self::span[@class and contains(concat(' ', normalize-space(@class), ' '), ' pic_text ')]/text()" data='更新8'>],
 'title': '为了养老金，去异界存八万金'},
         {'img': 'https://pic.feisuimg.com/upload/vod/20230108-1/c762120546ca4f9eaa94480709b860be.jpg',
 'status': [<Selector xpath="descendant-or-self::span[@class and contains(concat(' ', normalize-space(@class), ' '), ' pic_text ')]/text()" data='更新至08集'>],
 'title': '被众神捡到的男孩第二季'},
         {'img': 'https://pic1.zykpic.com/upload/vod/2023-01-08/16731924581.jpg',
 'status': [<Selector xpath="descendant-or-self::span[@class and contains(concat(' ', normalize-space(@class), ' '), ' pic_text ')]/text()" data='更新至08集'>],
 'title': '虚构推理第二季'},
         {'img': 'https://pic.feisuimg.com/upload/vod/20220220-1/928e05f97512ce08f286ee2c54e3be7f.jpg',
 'status': [<Selector xpath="descendant-or-self::span[@class and contains(concat(' ', normalize-space(@class), ' '), ' pic_text ')]/text()" data='更新289'>],
 'title': '火影忍者：博人传之次世代继承者'},
         {'img': 'https://pic1.zykpic.com/upload/vod/2023-01-08/16731101811.jpg',
 'status': [<Selector xpath="descendant-or-self::span[@class and contains(concat(' ', normalize-space(@class), ' '), ' pic_text ')]/text()" data='更新至05集'>],
 'title': '尼尔：机械纪元动画版'},
         {'img': 'https://pic.wujinpp.com/upload/vod/20230108-1/2210c3a1604718d4580e0aac84ee278e.jpg',
 'status': [<Selector xpath="descendant-or-self::span[@class and contains(concat(' ', normalize-space(@class), ' '), ' pic_text ')]/text()" data='更新至09集'>],
 'title': '不要欺负我，长瀞同学第二季'},
         {'img': 'https://youku.youkuphoto.com/upload/vod/20230108-1/30abb383d0467b0de2540e0f329a0e4c.jpg',
 'status': [<Selector xpath="descendant-or-self::span[@class and contains(concat(' ', normalize-space(@class), ' '), ' pic_text ')]/text()" data='更新至08集'>],
 'title': '最强阴阳师的异世界转生记'},
         {'img': 'https://pic.wujinpp.com/upload/vod/20221009-1/d4ac5d2a2747509779f4553e22eff760.jpg',
 'status': [<Selector xpath="descendant-or-self::span[@class and contains(concat(' ', normalize-space(@class), ' '), ' pic_text ')]/text()" data='更新至20集'>],
 'title': '蓝色监狱'},
         {'img': 'https://pic.wujinpp.com/upload/vod/20230108-1/ec43b56d4f51be98d90425a8656c97bb.jpg',
 'status': [<Selector xpath="descendant-or-self::span[@class and contains(concat(' ', normalize-space(@class), ' '), ' pic_text ')]/text()" data='更新至06集'>],
 'title': '魔王学院的不适合者第二季'}],
 'Thr': [{'img': 'https://youku.youkuphoto.com/upload/vod/20230105-1/8b7d9ca13adc04b60dbf64646fb75467.jpg',
 'status': [<Selector xpath="descendant-or-self::span[@class and contains(concat(' ', normalize-space(@class), ' '), ' pic_text ')]/text()" data='更新至08集'>],
 'title': '弦音-风舞高中弓道部-第二季'},
         {'img': 'https://youku.youkuphoto.com/upload/vod/20221226-1/001b41dbd315d6f9428269be8fb0dfd0.jpg',
 'status': [<Selector xpath="descendant-or-self::span[@class and contains(concat(' ', normalize-space(@class), ' '), ' pic_text ')]/text()" data='更新至08集'>],
 'title': '别当欧尼酱了！'},
         {'img': 'https://pic.feisuimg.com/upload/vod/20230105-1/e3d159c82609ed5ef01a5922d5cb4a6a.jpg',
 'status': [<Selector xpath="descendant-or-self::span[@class and contains(concat(' ', normalize-space(@class), ' '), ' pic_text ')]/text()" data='更新至08集'>],
 'title': '生而为狗 我很幸福'},
         {'img': 'https://pic.wujinpp.com/upload/vod/20230105-1/ef1046840b94ae88344b80c7b9de49ae.jpg',
 'status': [<Selector xpath="descendant-or-self::span[@class and contains(concat(' ', normalize-space(@class), ' '), ' pic_text ')]/text()" data='更新至8集'>],
 'title': '小智是女孩啦！'},
         {'img': 'https://youku.youkuphoto.com/upload/vod/20230112-1/cea8c6fd8a0570d82c79f6ff4bbe4bbb.jpg',
 'status': [<Selector xpath="descendant-or-self::span[@class and contains(concat(' ', normalize-space(@class), ' '), ' pic_text ')]/text()" data='更新7'>],
 'title': '大雪海的凯纳'},
         {'img': 'https://pic1.zykpic.com/upload/vod/2023-01-26/16747231491.jpg',
 'status': [<Selector xpath="descendant-or-self::span[@class and contains(concat(' ', normalize-space(@class), ' '), ' pic_text ')]/text()" data='更新至10集'>],
 'title': '终末的女武神第二季'}],
 'Tue': [{'img': 'https://pic.wujinpp.com/upload/vod/20230104-1/09dbc985acb1cf0d037604bdf2b794a8.jpg',
 'status': [<Selector xpath="descendant-or-self::span[@class and contains(concat(' ', normalize-space(@class), ' '), ' pic_text ')]/text()" data='更新至9集'>],
 'title': '冰属性男子与酷酷女同事'},
         {'img': 'https://pic.wujinpp.com/upload/vod/20230103-1/a869063f99af0bfe64fa7aae95baa560.jpg',
 'status': [<Selector xpath="descendant-or-self::span[@class and contains(concat(' ', normalize-space(@class), ' '), ' pic_text ')]/text()" data='更新至09集'>],
 'title': '不相信人类的冒险者们好像要去拯救世界'},
         {'img': 'https://pic1.zykpic.com/upload/vod/2023-01-10/16733121371.jpg',
 'status': [<Selector xpath="descendant-or-self::span[@class and contains(concat(' ', normalize-space(@class), ' '), ' pic_text ')]/text()" data='更新至08集'>],
 'title': '冰海战记第二季'},
         {'img': 'https://pic1.zykpic.com/upload/vod/2023-01-10/16733124441.jpg',
 'status': [<Selector xpath="descendant-or-self::span[@class and contains(concat(' ', normalize-space(@class), ' '), ' pic_text ')]/text()" data='更新至08集'>],
 'title': '英雄王，为了穷尽武道而转生 ～而后成为世界最强见习骑士♀～'},
         {'img': 'https://pic.wujinpp.com/upload/vod/20230110-1/454cc6cbd3106944715a6fe484995cba.jpg',
 'status': [<Selector xpath="descendant-or-self::span[@class and contains(concat(' ', normalize-space(@class), ' '), ' pic_text ')]/text()" data='更新至06集'>],
 'title': '久保同学不放过我'},
         {'img': 'https://pic1.zykpic.com/upload/vod/2023-01-10/16733122251.jpg',
 'status': [<Selector xpath="descendant-or-self::span[@class and contains(concat(' ', normalize-space(@class), ' '), ' pic_text ')]/text()" data='更新至04集'>],
 'title': '妖幻三重奏'}],
 'Wed': [{'img': 'https://pic1.zykpic.com/upload/vod/2023-01-11/16733688481.jpg',
 'status': [<Selector xpath="descendant-or-self::span[@class and contains(concat(' ', normalize-space(@class), ' '), ' pic_text ')]/text()" data='更新至8集'>],
 'title': '拥有超常技能的异世界流浪美食家'},
         {'img': 'https://youku.youkuphoto.com/upload/vod/20221005-1/a615cf8967baaf02b696849e402d4904.jpg',
 'status': [<Selector xpath="descendant-or-self::span[@class and contains(concat(' ', normalize-space(@class), ' '), ' pic_text ')]/text()" data='更新至20集'>],
 'title': '想要成为影之实力者！'},
         {'img': 'https://pic.wujinpp.com/upload/vod/20230110-1/5bdc1e570654c6503b3de5ed5cbea023.jpg',
 'status': [<Selector xpath="descendant-or-self::span[@class and contains(concat(' ', normalize-space(@class), ' '), ' pic_text ')]/text()" data='更新8'>],
 'title': '复仇者'},
         {'img': 'https://youku.youkuphoto.com/upload/vod/20230105-1/758a45b00c9a5c77614d7a877e281c71.jpg',
 'status': [<Selector xpath="descendant-or-self::span[@class and contains(concat(' ', normalize-space(@class), ' '), ' pic_text ')]/text()" data='更新至08集'>],
 'title': '文豪野犬第四季'},
         {'img': 'https://youku.youkuphoto.com/upload/vod/20230104-1/e9a09688e1c8603dfaab7d75aa7e473a.jpg',
 'status': [<Selector xpath="descendant-or-self::span[@class and contains(concat(' ', normalize-space(@class), ' '), ' pic_text ')]/text()" data='更新至08集'>],
 'title': '转生王女与天才千金的魔法革命'},
         {'img': 'https://youku.youkuphoto.com/upload/vod/20230112-1/f1dd1d9ca663ac4c2707196daaf3c284.jpg',
 'status': [<Selector xpath="descendant-or-self::span[@class and contains(concat(' ', normalize-space(@class), ' '), ' pic_text ')]/text()" data='更新至06集'>],
 'title': '因为太怕痛就全点防御力了第二季'}]}
2023-03-01 22:31:40 [scrapy.core.engine] INFO: Closing spider (finished)
2023-03-01 22:31:40 [scrapy.statscollectors] INFO: Dumping Scrapy stats:
{'downloader/request_bytes': 344,
 'downloader/request_count': 1,
 'downloader/request_method_count/GET': 1,
 'downloader/response_bytes': 37546,
 'downloader/response_count': 1,
 'downloader/response_status_count/200': 1,
 'elapsed_time_seconds': 1.271049,
 'finish_reason': 'finished',
 'finish_time': datetime.datetime(2023, 3, 1, 14, 31, 40, 740031),
 'httpcompression/response_bytes': 191923,
 'httpcompression/response_count': 1,
 'item_scraped_count': 1,
 'log_count/DEBUG': 5,
 'log_count/INFO': 10,
 'response_received_count': 1,
 'scheduler/dequeued': 1,
 'scheduler/dequeued/memory': 1,
 'scheduler/enqueued': 1,
 'scheduler/enqueued/memory': 1,
 'start_time': datetime.datetime(2023, 3, 1, 14, 31, 39, 468982)}
2023-03-01 22:31:40 [scrapy.core.engine] INFO: Spider closed (finished)
2023-03-01 22:31:52 [scrapy.utils.log] INFO: Scrapy 2.7.1 started (bot: ACG)
2023-03-01 22:31:52 [scrapy.utils.log] INFO: Versions: lxml 4.9.2.0, libxml2 2.9.12, cssselect 1.2.0, parsel 1.7.0, w3lib 2.1.1, Twisted 22.10.0, Python 3.9.6 (tags/v3.9.6:db3ff76, Jun 28 2021, 15:26:21) [MSC v.1929 64 bit (AMD64)], pyOpenSSL 22.0.0 (OpenSSL 1.1.1n  15 Mar 2022), cryptography 36.0.2, Platform Windows-10-10.0.22621-SP0
2023-03-01 22:31:52 [scrapy.crawler] INFO: Overridden settings:
{'BOT_NAME': 'ACG',
 'LOG_FILE': 'log/scrapy_2023_3_1.log',
 'NEWSPIDER_MODULE': 'ACG.spiders',
 'REQUEST_FINGERPRINTER_IMPLEMENTATION': '2.7',
 'SPIDER_MODULES': ['ACG.spiders'],
 'TWISTED_REACTOR': 'twisted.internet.asyncioreactor.AsyncioSelectorReactor'}
2023-03-01 22:31:52 [asyncio] DEBUG: Using selector: SelectSelector
2023-03-01 22:31:52 [scrapy.utils.log] DEBUG: Using reactor: twisted.internet.asyncioreactor.AsyncioSelectorReactor
2023-03-01 22:31:52 [scrapy.utils.log] DEBUG: Using asyncio event loop: asyncio.windows_events._WindowsSelectorEventLoop
2023-03-01 22:31:52 [scrapy.extensions.telnet] INFO: Telnet Password: 2ea300d968050766
2023-03-01 22:31:52 [scrapy.middleware] INFO: Enabled extensions:
['scrapy.extensions.corestats.CoreStats',
 'scrapy.extensions.telnet.TelnetConsole',
 'scrapy.extensions.logstats.LogStats']
2023-03-01 22:31:53 [scrapy.middleware] INFO: Enabled downloader middlewares:
['ACG.middlewares.DelayedRequestsMiddleware',
 'scrapy.downloadermiddlewares.httpauth.HttpAuthMiddleware',
 'scrapy.downloadermiddlewares.downloadtimeout.DownloadTimeoutMiddleware',
 'scrapy.downloadermiddlewares.defaultheaders.DefaultHeadersMiddleware',
 'scrapy.downloadermiddlewares.useragent.UserAgentMiddleware',
 'scrapy.downloadermiddlewares.retry.RetryMiddleware',
 'scrapy.downloadermiddlewares.redirect.MetaRefreshMiddleware',
 'scrapy.downloadermiddlewares.httpcompression.HttpCompressionMiddleware',
 'scrapy.downloadermiddlewares.redirect.RedirectMiddleware',
 'scrapy.downloadermiddlewares.cookies.CookiesMiddleware',
 'scrapy.downloadermiddlewares.httpproxy.HttpProxyMiddleware',
 'scrapy.downloadermiddlewares.stats.DownloaderStats']
2023-03-01 22:31:53 [scrapy.middleware] INFO: Enabled spider middlewares:
['scrapy.spidermiddlewares.httperror.HttpErrorMiddleware',
 'scrapy.spidermiddlewares.offsite.OffsiteMiddleware',
 'scrapy.spidermiddlewares.referer.RefererMiddleware',
 'scrapy.spidermiddlewares.urllength.UrlLengthMiddleware',
 'scrapy.spidermiddlewares.depth.DepthMiddleware']
2023-03-01 22:31:53 [scrapy.middleware] INFO: Enabled item pipelines:
[]
2023-03-01 22:31:53 [scrapy.core.engine] INFO: Spider opened
2023-03-01 22:31:53 [scrapy.extensions.logstats] INFO: Crawled 0 pages (at 0 pages/min), scraped 0 items (at 0 items/min)
2023-03-01 22:31:53 [scrapy.extensions.telnet] INFO: Telnet console listening on 127.0.0.1:6024
2023-03-01 22:31:55 [scrapy.core.engine] DEBUG: Crawled (200) <GET https://yhdm6.top/> (referer: None)
2023-03-01 22:31:55 [scrapy.core.scraper] DEBUG: Scraped from <200 https://yhdm6.top/>
{'Fri': [{'img': 'https://pic.wujinpp.com/upload/vod/20230106-1/980a40da063256db004a28260fbe9439.jpg',
 'status': '更新8',
 'title': '冰剑的魔术师将要统一世界'},
         {'img': 'https://pic.feisuimg.com/upload/vod/20230107-1/ccf3950c8bdcbd0c3990e806b68cdb0e.jpg',
 'status': '更新8',
 'title': '异世界悠闲农家'},
         {'img': 'https://pic.feisuimg.com/upload/vod/20230107-1/83474bca88593efa43791cb7c319c0b2.jpg',
 'status': '更新8',
 'title': '英雄传说 闪之轨迹 北方战役'},
         {'img': 'https://pic.feisuimg.com/upload/vod/20230107-1/daf83e0c16b63f6b6b27b39992dd876e.jpg',
 'status': '更新8',
 'title': '银砂糖师与黑色妖精'},
         {'img': 'https://pic1.zykpic.com/upload/vod/2023-01-06/16730115871.jpg',
 'status': '更新至08集',
 'title': 'Love Live！虹咲学园学园偶像同好会 四格漫'},
         {'img': 'https://pic1.zykpic.com/upload/vod/2023-01-19/16741176381.jpg',
 'status': '全12集',
 'title': '伊藤润二狂热：日本恐怖故事'}],
 'Mon': [{'img': 'https://pic1.zykpic.com/upload/vod/2023-01-11/16733966511.jpg',
 'status': '更新8',
 'title': '至高之牌'},
         {'img': 'https://pic1.zykpic.com/upload/vod/2023-01-09/16732758911.jpg',
 'status': '更新至08集',
 'title': '吸血鬼马上死第二季'},
         {'img': 'https://youku.youkuphoto.com/upload/vod/20221010-1/bf33f87c1143fddb2dd1183d9e5ca329.jpg',
 'status': '更新至18集',
 'title': '飙速宅男第五季'},
         {'img': 'https://pic.wujinpp.com/upload/vod/20221024-1/cd47909302ef90cdec846b518d5f7326.jpg',
 'status': '更新至18集',
 'title': '致不灭的你第二季'},
         {'img': 'https://pic.wujinpp.com/upload/vod/20221205-1/dd9b8e23a9080d4659eb7473b50a7040.jpg',
 'status': '更新至12集',
 'title': '我与机器妹'},
         {'img': 'https://pic1.zykpic.com/upload/vod/2023-01-09/16732245811.jpg',
 'status': '更新至08集',
 'title': '再得一胜！'}],
 'Sat': [{'img': 'https://pic.wujinpp.com/upload/vod/20210801-1/6cc25166bb84263c4509d64a76b0f539.jpg',
 'status': '更新至248集',
 'title': '斗罗大陆'},
         {'img': 'https://pic.wujinpp.com/upload/vod/20230107-1/6ba0357e1b6a5e34c5c576fa0eddcb06.jpg',
 'status': '更新8',
 'title': '傲娇恶役大小姐莉泽洛特与实况转播远藤君和解说员小林'},
         {'img': 'https://youku.youkuphoto.com/upload/vod/20230107-1/8bdb0a8c95f3bcd9cdb0976bcf9cf4b2.jpg',
 'status': '更新8',
 'title': '关于邻家的天使大人不知不觉把我惯成了废人'},
         {'img': 'https://pic.huishij.com/upload/vod/20230108-1/950b84b6a953908dec2f1b4aa17ffb2f.jpg',
 'status': '更新至08集',
 'title': '枪神 史丹比特'},
         {'img': 'https://youku.youkuphoto.com/upload/vod/20230107-1/0922f9716f640f462626727cd0e1fb7d.jpg',
 'status': '更新至08集',
 'title': '被解雇的暗黑士兵慢生活的第二人生'},
         {'img': 'https://pic1.zykpic.com/upload/vod/2023-01-14/16737049401.jpg',
 'status': '更新至07集',
 'title': '狩火之王'},
         {'img': 'https://pic.huishij.com/upload/vod/20220313-1/1859ceebf31e2c9f44f8b384924b18fb.jpg',
 'status': '更新至1132集',
 'title': '名侦探柯南日语'},
         {'img': 'https://youku.youkuphoto.com/upload/vod/20221008-1/46d29c3426240694332dec2bfef4a9ab.jpg',
 'status': '更新至20集',
 'title': '入间同学入魔了第三季'},
         {'img': 'https://pic.wujinpp.com/upload/vod/20230107-1/6d0aba905a5fc9c00341338fbb75d502.jpg',
 'status': '更新至08集',
 'title': '爹地拍档'},
         {'img': 'https://pic.wujinpp.com/upload/vod/20230107-1/f8220308fe1405f517391571d6288dc4.jpg',
 'status': '更新至08集',
 'title': '阿鲁斯的巨兽'},
         {'img': 'https://pic.wujinpp.com/upload/vod/20230114-1/15f584b0c0ff4d2f26b6498bd4cb0f23.jpg',
 'status': '更新至07集',
 'title': '真・进化之实'},
         {'img': 'https://pic.feisuimg.com/upload/vod/20230114-1/c429dd056502a3c50838e0e093828a10.jpg',
 'status': '更新至02集',
 'title': '卡片战斗先导者 overDress 第二季'}],
 'Sun': [{'img': 'https://pic.wujinpp.com/upload/vod/20230110-1/aeaa97876d20db4da649d0b6eb317b5e.jpg',
 'status': '更新8',
 'title': '万事屋斋藤到异世界'},
         {'img': 'https://pic1.zykpic.com/upload/vod/2023-01-09/16732247191.jpg',
 'status': '更新至08集',
 'title': 'D4DJ All Mix'},
         {'img': 'https://pic.huishij.com/upload/vod/20230108-1/188af09f90ddb43272d882ed83709e9b.jpg',
 'status': '更新8',
 'title': '东京复仇者 圣夜决战篇'},
         {'img': 'https://youku.youkuphoto.com/upload/vod/20230108-1/0429c0e7d82357ce91f688985d4549c2.jpg',
 'status': '更新8',
 'title': '为了养老金，去异界存八万金'},
         {'img': 'https://pic.feisuimg.com/upload/vod/20230108-1/c762120546ca4f9eaa94480709b860be.jpg',
 'status': '更新至08集',
 'title': '被众神捡到的男孩第二季'},
         {'img': 'https://pic1.zykpic.com/upload/vod/2023-01-08/16731924581.jpg',
 'status': '更新至08集',
 'title': '虚构推理第二季'},
         {'img': 'https://pic.feisuimg.com/upload/vod/20220220-1/928e05f97512ce08f286ee2c54e3be7f.jpg',
 'status': '更新289',
 'title': '火影忍者：博人传之次世代继承者'},
         {'img': 'https://pic1.zykpic.com/upload/vod/2023-01-08/16731101811.jpg',
 'status': '更新至05集',
 'title': '尼尔：机械纪元动画版'},
         {'img': 'https://pic.wujinpp.com/upload/vod/20230108-1/2210c3a1604718d4580e0aac84ee278e.jpg',
 'status': '更新至09集',
 'title': '不要欺负我，长瀞同学第二季'},
         {'img': 'https://youku.youkuphoto.com/upload/vod/20230108-1/30abb383d0467b0de2540e0f329a0e4c.jpg',
 'status': '更新至08集',
 'title': '最强阴阳师的异世界转生记'},
         {'img': 'https://pic.wujinpp.com/upload/vod/20221009-1/d4ac5d2a2747509779f4553e22eff760.jpg',
 'status': '更新至20集',
 'title': '蓝色监狱'},
         {'img': 'https://pic.wujinpp.com/upload/vod/20230108-1/ec43b56d4f51be98d90425a8656c97bb.jpg',
 'status': '更新至06集',
 'title': '魔王学院的不适合者第二季'}],
 'Thr': [{'img': 'https://youku.youkuphoto.com/upload/vod/20230105-1/8b7d9ca13adc04b60dbf64646fb75467.jpg',
 'status': '更新至08集',
 'title': '弦音-风舞高中弓道部-第二季'},
         {'img': 'https://youku.youkuphoto.com/upload/vod/20221226-1/001b41dbd315d6f9428269be8fb0dfd0.jpg',
 'status': '更新至08集',
 'title': '别当欧尼酱了！'},
         {'img': 'https://pic.feisuimg.com/upload/vod/20230105-1/e3d159c82609ed5ef01a5922d5cb4a6a.jpg',
 'status': '更新至08集',
 'title': '生而为狗 我很幸福'},
         {'img': 'https://pic.wujinpp.com/upload/vod/20230105-1/ef1046840b94ae88344b80c7b9de49ae.jpg',
 'status': '更新至8集',
 'title': '小智是女孩啦！'},
         {'img': 'https://youku.youkuphoto.com/upload/vod/20230112-1/cea8c6fd8a0570d82c79f6ff4bbe4bbb.jpg',
 'status': '更新7',
 'title': '大雪海的凯纳'},
         {'img': 'https://pic1.zykpic.com/upload/vod/2023-01-26/16747231491.jpg',
 'status': '更新至10集',
 'title': '终末的女武神第二季'}],
 'Tue': [{'img': 'https://pic.wujinpp.com/upload/vod/20230104-1/09dbc985acb1cf0d037604bdf2b794a8.jpg',
 'status': '更新至9集',
 'title': '冰属性男子与酷酷女同事'},
         {'img': 'https://pic.wujinpp.com/upload/vod/20230103-1/a869063f99af0bfe64fa7aae95baa560.jpg',
 'status': '更新至09集',
 'title': '不相信人类的冒险者们好像要去拯救世界'},
         {'img': 'https://pic1.zykpic.com/upload/vod/2023-01-10/16733121371.jpg',
 'status': '更新至08集',
 'title': '冰海战记第二季'},
         {'img': 'https://pic1.zykpic.com/upload/vod/2023-01-10/16733124441.jpg',
 'status': '更新至08集',
 'title': '英雄王，为了穷尽武道而转生 ～而后成为世界最强见习骑士♀～'},
         {'img': 'https://pic.wujinpp.com/upload/vod/20230110-1/454cc6cbd3106944715a6fe484995cba.jpg',
 'status': '更新至06集',
 'title': '久保同学不放过我'},
         {'img': 'https://pic1.zykpic.com/upload/vod/2023-01-10/16733122251.jpg',
 'status': '更新至04集',
 'title': '妖幻三重奏'}],
 'Wed': [{'img': 'https://pic1.zykpic.com/upload/vod/2023-01-11/16733688481.jpg',
 'status': '更新至8集',
 'title': '拥有超常技能的异世界流浪美食家'},
         {'img': 'https://youku.youkuphoto.com/upload/vod/20221005-1/a615cf8967baaf02b696849e402d4904.jpg',
 'status': '更新至20集',
 'title': '想要成为影之实力者！'},
         {'img': 'https://pic.wujinpp.com/upload/vod/20230110-1/5bdc1e570654c6503b3de5ed5cbea023.jpg',
 'status': '更新8',
 'title': '复仇者'},
         {'img': 'https://youku.youkuphoto.com/upload/vod/20230105-1/758a45b00c9a5c77614d7a877e281c71.jpg',
 'status': '更新至08集',
 'title': '文豪野犬第四季'},
         {'img': 'https://youku.youkuphoto.com/upload/vod/20230104-1/e9a09688e1c8603dfaab7d75aa7e473a.jpg',
 'status': '更新至08集',
 'title': '转生王女与天才千金的魔法革命'},
         {'img': 'https://youku.youkuphoto.com/upload/vod/20230112-1/f1dd1d9ca663ac4c2707196daaf3c284.jpg',
 'status': '更新至06集',
 'title': '因为太怕痛就全点防御力了第二季'}]}
2023-03-01 22:31:55 [scrapy.core.engine] INFO: Closing spider (finished)
2023-03-01 22:31:55 [scrapy.statscollectors] INFO: Dumping Scrapy stats:
{'downloader/request_bytes': 344,
 'downloader/request_count': 1,
 'downloader/request_method_count/GET': 1,
 'downloader/response_bytes': 37546,
 'downloader/response_count': 1,
 'downloader/response_status_count/200': 1,
 'elapsed_time_seconds': 2.259624,
 'finish_reason': 'finished',
 'finish_time': datetime.datetime(2023, 3, 1, 14, 31, 55, 635225),
 'httpcompression/response_bytes': 191923,
 'httpcompression/response_count': 1,
 'item_scraped_count': 1,
 'log_count/DEBUG': 5,
 'log_count/INFO': 10,
 'response_received_count': 1,
 'scheduler/dequeued': 1,
 'scheduler/dequeued/memory': 1,
 'scheduler/enqueued': 1,
 'scheduler/enqueued/memory': 1,
 'start_time': datetime.datetime(2023, 3, 1, 14, 31, 53, 375601)}
2023-03-01 22:31:55 [scrapy.core.engine] INFO: Spider closed (finished)
