2023-02-23 22:00:05 [scrapy.utils.log] INFO: Scrapy 2.7.1 started (bot: ACG)
2023-02-23 22:00:05 [scrapy.utils.log] INFO: Versions: lxml 4.9.2.0, libxml2 2.9.12, cssselect 1.2.0, parsel 1.7.0, w3lib 2.1.1, Twisted 22.10.0, Python 3.9.6 (tags/v3.9.6:db3ff76, Jun 28 2021, 15:26:21) [MSC v.1929 64 bit (AMD64)], pyOpenSSL 22.0.0 (OpenSSL 1.1.1n  15 Mar 2022), cryptography 36.0.2, Platform Windows-10-10.0.22621-SP0
2023-02-23 22:00:05 [scrapy.crawler] INFO: Overridden settings:
{'BOT_NAME': 'ACG',
 'LOG_FILE': 'log/scrapy_2023_2_23.log',
 'NEWSPIDER_MODULE': 'ACG.spiders',
 'REQUEST_FINGERPRINTER_IMPLEMENTATION': '2.7',
 'SPIDER_MODULES': ['ACG.spiders'],
 'TWISTED_REACTOR': 'twisted.internet.asyncioreactor.AsyncioSelectorReactor'}
2023-02-23 22:00:05 [asyncio] DEBUG: Using selector: SelectSelector
2023-02-23 22:00:05 [scrapy.utils.log] DEBUG: Using reactor: twisted.internet.asyncioreactor.AsyncioSelectorReactor
2023-02-23 22:00:05 [scrapy.utils.log] DEBUG: Using asyncio event loop: asyncio.windows_events._WindowsSelectorEventLoop
2023-02-23 22:00:05 [scrapy.extensions.telnet] INFO: Telnet Password: 628f3f9bdc290dc2
2023-02-23 22:00:05 [scrapy.middleware] INFO: Enabled extensions:
['scrapy.extensions.corestats.CoreStats',
 'scrapy.extensions.telnet.TelnetConsole',
 'scrapy.extensions.logstats.LogStats']
2023-02-23 22:00:06 [scrapy.middleware] INFO: Enabled downloader middlewares:
['scrapy.downloadermiddlewares.httpauth.HttpAuthMiddleware',
 'scrapy.downloadermiddlewares.downloadtimeout.DownloadTimeoutMiddleware',
 'scrapy.downloadermiddlewares.defaultheaders.DefaultHeadersMiddleware',
 'scrapy.downloadermiddlewares.useragent.UserAgentMiddleware',
 'scrapy.downloadermiddlewares.retry.RetryMiddleware',
 'scrapy.downloadermiddlewares.redirect.MetaRefreshMiddleware',
 'scrapy.downloadermiddlewares.httpcompression.HttpCompressionMiddleware',
 'scrapy.downloadermiddlewares.redirect.RedirectMiddleware',
 'scrapy.downloadermiddlewares.cookies.CookiesMiddleware',
 'scrapy.downloadermiddlewares.httpproxy.HttpProxyMiddleware',
 'scrapy.downloadermiddlewares.stats.DownloaderStats']
2023-02-23 22:00:06 [scrapy.middleware] INFO: Enabled spider middlewares:
['scrapy.spidermiddlewares.httperror.HttpErrorMiddleware',
 'scrapy.spidermiddlewares.offsite.OffsiteMiddleware',
 'scrapy.spidermiddlewares.referer.RefererMiddleware',
 'scrapy.spidermiddlewares.urllength.UrlLengthMiddleware',
 'scrapy.spidermiddlewares.depth.DepthMiddleware']
2023-02-23 22:00:06 [scrapy.middleware] INFO: Enabled item pipelines:
[]
2023-02-23 22:00:06 [scrapy.core.engine] INFO: Spider opened
2023-02-23 22:00:06 [scrapy.extensions.logstats] INFO: Crawled 0 pages (at 0 pages/min), scraped 0 items (at 0 items/min)
2023-02-23 22:00:06 [scrapy.extensions.telnet] INFO: Telnet console listening on 127.0.0.1:6023
2023-02-23 22:00:07 [filelock] DEBUG: Attempting to acquire lock 2335256270304 on D:\Python\lib\site-packages\tldextract\.suffix_cache/publicsuffix.org-tlds\de84b5ca2167d4c83e38fb162f2e8738.tldextract.json.lock
2023-02-23 22:00:07 [filelock] DEBUG: Lock 2335256270304 acquired on D:\Python\lib\site-packages\tldextract\.suffix_cache/publicsuffix.org-tlds\de84b5ca2167d4c83e38fb162f2e8738.tldextract.json.lock
2023-02-23 22:00:07 [filelock] DEBUG: Attempting to release lock 2335256270304 on D:\Python\lib\site-packages\tldextract\.suffix_cache/publicsuffix.org-tlds\de84b5ca2167d4c83e38fb162f2e8738.tldextract.json.lock
2023-02-23 22:00:07 [filelock] DEBUG: Lock 2335256270304 released on D:\Python\lib\site-packages\tldextract\.suffix_cache/publicsuffix.org-tlds\de84b5ca2167d4c83e38fb162f2e8738.tldextract.json.lock
2023-02-23 22:00:07 [scrapy.downloadermiddlewares.redirect] DEBUG: Redirecting (302) to <GET https://www.pixiv.net/users/105566118> from <GET https://www.pixiv.net/users/105566118/>
2023-02-23 22:00:08 [scrapy.core.engine] DEBUG: Crawled (404) <GET https://www.pixiv.net/users/105566118> (referer: None)
2023-02-23 22:00:08 [scrapy.spidermiddlewares.httperror] INFO: Ignoring response <404 https://www.pixiv.net/users/105566118>: HTTP status code is not handled or not allowed
2023-02-23 22:00:08 [scrapy.core.engine] INFO: Closing spider (finished)
2023-02-23 22:00:08 [scrapy.statscollectors] INFO: Dumping Scrapy stats:
{'downloader/request_bytes': 959,
 'downloader/request_count': 2,
 'downloader/request_method_count/GET': 2,
 'downloader/response_bytes': 10647,
 'downloader/response_count': 2,
 'downloader/response_status_count/302': 1,
 'downloader/response_status_count/404': 1,
 'elapsed_time_seconds': 1.841605,
 'finish_reason': 'finished',
 'finish_time': datetime.datetime(2023, 2, 23, 14, 0, 8, 218830),
 'httpcompression/response_bytes': 31209,
 'httpcompression/response_count': 1,
 'httperror/response_ignored_count': 1,
 'httperror/response_ignored_status_count/404': 1,
 'log_count/DEBUG': 9,
 'log_count/INFO': 11,
 'response_received_count': 1,
 'scheduler/dequeued': 2,
 'scheduler/dequeued/memory': 2,
 'scheduler/enqueued': 2,
 'scheduler/enqueued/memory': 2,
 'start_time': datetime.datetime(2023, 2, 23, 14, 0, 6, 377225)}
2023-02-23 22:00:08 [scrapy.core.engine] INFO: Spider closed (finished)
2023-02-23 22:00:53 [scrapy.utils.log] INFO: Scrapy 2.7.1 started (bot: ACG)
2023-02-23 22:00:53 [scrapy.utils.log] INFO: Versions: lxml 4.9.2.0, libxml2 2.9.12, cssselect 1.2.0, parsel 1.7.0, w3lib 2.1.1, Twisted 22.10.0, Python 3.9.6 (tags/v3.9.6:db3ff76, Jun 28 2021, 15:26:21) [MSC v.1929 64 bit (AMD64)], pyOpenSSL 22.0.0 (OpenSSL 1.1.1n  15 Mar 2022), cryptography 36.0.2, Platform Windows-10-10.0.22621-SP0
2023-02-23 22:00:53 [scrapy.crawler] INFO: Overridden settings:
{'BOT_NAME': 'ACG',
 'LOG_FILE': 'log/scrapy_2023_2_23.log',
 'NEWSPIDER_MODULE': 'ACG.spiders',
 'REQUEST_FINGERPRINTER_IMPLEMENTATION': '2.7',
 'SPIDER_MODULES': ['ACG.spiders'],
 'TWISTED_REACTOR': 'twisted.internet.asyncioreactor.AsyncioSelectorReactor'}
2023-02-23 22:00:53 [asyncio] DEBUG: Using selector: SelectSelector
2023-02-23 22:00:53 [scrapy.utils.log] DEBUG: Using reactor: twisted.internet.asyncioreactor.AsyncioSelectorReactor
2023-02-23 22:00:53 [scrapy.utils.log] DEBUG: Using asyncio event loop: asyncio.windows_events._WindowsSelectorEventLoop
2023-02-23 22:00:53 [scrapy.extensions.telnet] INFO: Telnet Password: 1e9ab3f3f916f37b
2023-02-23 22:00:53 [scrapy.middleware] INFO: Enabled extensions:
['scrapy.extensions.corestats.CoreStats',
 'scrapy.extensions.telnet.TelnetConsole',
 'scrapy.extensions.logstats.LogStats']
2023-02-23 22:00:53 [scrapy.middleware] INFO: Enabled downloader middlewares:
['scrapy.downloadermiddlewares.httpauth.HttpAuthMiddleware',
 'scrapy.downloadermiddlewares.downloadtimeout.DownloadTimeoutMiddleware',
 'scrapy.downloadermiddlewares.defaultheaders.DefaultHeadersMiddleware',
 'scrapy.downloadermiddlewares.useragent.UserAgentMiddleware',
 'scrapy.downloadermiddlewares.retry.RetryMiddleware',
 'scrapy.downloadermiddlewares.redirect.MetaRefreshMiddleware',
 'scrapy.downloadermiddlewares.httpcompression.HttpCompressionMiddleware',
 'scrapy.downloadermiddlewares.redirect.RedirectMiddleware',
 'scrapy.downloadermiddlewares.cookies.CookiesMiddleware',
 'scrapy.downloadermiddlewares.httpproxy.HttpProxyMiddleware',
 'scrapy.downloadermiddlewares.stats.DownloaderStats']
2023-02-23 22:00:53 [scrapy.middleware] INFO: Enabled spider middlewares:
['scrapy.spidermiddlewares.httperror.HttpErrorMiddleware',
 'scrapy.spidermiddlewares.offsite.OffsiteMiddleware',
 'scrapy.spidermiddlewares.referer.RefererMiddleware',
 'scrapy.spidermiddlewares.urllength.UrlLengthMiddleware',
 'scrapy.spidermiddlewares.depth.DepthMiddleware']
2023-02-23 22:00:53 [scrapy.middleware] INFO: Enabled item pipelines:
[]
2023-02-23 22:00:53 [scrapy.core.engine] INFO: Spider opened
2023-02-23 22:00:53 [scrapy.extensions.logstats] INFO: Crawled 0 pages (at 0 pages/min), scraped 0 items (at 0 items/min)
2023-02-23 22:00:53 [scrapy.extensions.telnet] INFO: Telnet console listening on 127.0.0.1:6023
2023-02-23 22:00:54 [filelock] DEBUG: Attempting to acquire lock 2319808153488 on D:\Python\lib\site-packages\tldextract\.suffix_cache/publicsuffix.org-tlds\de84b5ca2167d4c83e38fb162f2e8738.tldextract.json.lock
2023-02-23 22:00:54 [filelock] DEBUG: Lock 2319808153488 acquired on D:\Python\lib\site-packages\tldextract\.suffix_cache/publicsuffix.org-tlds\de84b5ca2167d4c83e38fb162f2e8738.tldextract.json.lock
2023-02-23 22:00:54 [filelock] DEBUG: Attempting to release lock 2319808153488 on D:\Python\lib\site-packages\tldextract\.suffix_cache/publicsuffix.org-tlds\de84b5ca2167d4c83e38fb162f2e8738.tldextract.json.lock
2023-02-23 22:00:54 [filelock] DEBUG: Lock 2319808153488 released on D:\Python\lib\site-packages\tldextract\.suffix_cache/publicsuffix.org-tlds\de84b5ca2167d4c83e38fb162f2e8738.tldextract.json.lock
2023-02-23 22:00:54 [scrapy.downloadermiddlewares.redirect] DEBUG: Redirecting (302) to <GET https://www.pixiv.net/artworks/105566118> from <GET https://www.pixiv.net/artworks/105566118/>
2023-02-23 22:00:55 [scrapy.core.engine] DEBUG: Crawled (200) <GET https://www.pixiv.net/artworks/105566118> (referer: None)
2023-02-23 22:00:55 [scrapy.core.scraper] ERROR: Spider error processing <GET https://www.pixiv.net/artworks/105566118> (referer: None)
Traceback (most recent call last):
  File "D:\Python\lib\site-packages\twisted\internet\defer.py", line 892, in _runCallbacks
    current.result = callback(  # type: ignore[misc]
  File "E:\Github_Local\Ideas\Scrapy\ACG\ACG\spiders\pixivworkid.py", line 26, in parse
    illustTags=[i['tag'] for i in illust_info['tags']['tags'].values()]
AttributeError: 'list' object has no attribute 'values'
2023-02-23 22:00:55 [scrapy.core.engine] INFO: Closing spider (finished)
2023-02-23 22:00:55 [scrapy.statscollectors] INFO: Dumping Scrapy stats:
{'downloader/request_bytes': 965,
 'downloader/request_count': 2,
 'downloader/request_method_count/GET': 2,
 'downloader/response_bytes': 14699,
 'downloader/response_count': 2,
 'downloader/response_status_count/200': 1,
 'downloader/response_status_count/302': 1,
 'elapsed_time_seconds': 1.825698,
 'finish_reason': 'finished',
 'finish_time': datetime.datetime(2023, 2, 23, 14, 0, 55, 606393),
 'httpcompression/response_bytes': 50291,
 'httpcompression/response_count': 1,
 'log_count/DEBUG': 9,
 'log_count/ERROR': 1,
 'log_count/INFO': 10,
 'response_received_count': 1,
 'scheduler/dequeued': 2,
 'scheduler/dequeued/memory': 2,
 'scheduler/enqueued': 2,
 'scheduler/enqueued/memory': 2,
 'spider_exceptions/AttributeError': 1,
 'start_time': datetime.datetime(2023, 2, 23, 14, 0, 53, 780695)}
2023-02-23 22:00:55 [scrapy.core.engine] INFO: Spider closed (finished)
2023-02-23 22:02:36 [scrapy.utils.log] INFO: Scrapy 2.7.1 started (bot: ACG)
2023-02-23 22:02:36 [scrapy.utils.log] INFO: Versions: lxml 4.9.2.0, libxml2 2.9.12, cssselect 1.2.0, parsel 1.7.0, w3lib 2.1.1, Twisted 22.10.0, Python 3.9.6 (tags/v3.9.6:db3ff76, Jun 28 2021, 15:26:21) [MSC v.1929 64 bit (AMD64)], pyOpenSSL 22.0.0 (OpenSSL 1.1.1n  15 Mar 2022), cryptography 36.0.2, Platform Windows-10-10.0.22621-SP0
2023-02-23 22:02:36 [scrapy.crawler] INFO: Overridden settings:
{'BOT_NAME': 'ACG',
 'LOG_FILE': 'log/scrapy_2023_2_23.log',
 'NEWSPIDER_MODULE': 'ACG.spiders',
 'REQUEST_FINGERPRINTER_IMPLEMENTATION': '2.7',
 'SPIDER_MODULES': ['ACG.spiders'],
 'TWISTED_REACTOR': 'twisted.internet.asyncioreactor.AsyncioSelectorReactor'}
2023-02-23 22:02:36 [asyncio] DEBUG: Using selector: SelectSelector
2023-02-23 22:02:36 [scrapy.utils.log] DEBUG: Using reactor: twisted.internet.asyncioreactor.AsyncioSelectorReactor
2023-02-23 22:02:36 [scrapy.utils.log] DEBUG: Using asyncio event loop: asyncio.windows_events._WindowsSelectorEventLoop
2023-02-23 22:02:36 [scrapy.extensions.telnet] INFO: Telnet Password: 27eb84e26e704af0
2023-02-23 22:02:36 [scrapy.middleware] INFO: Enabled extensions:
['scrapy.extensions.corestats.CoreStats',
 'scrapy.extensions.telnet.TelnetConsole',
 'scrapy.extensions.logstats.LogStats']
2023-02-23 22:02:36 [scrapy.middleware] INFO: Enabled downloader middlewares:
['scrapy.downloadermiddlewares.httpauth.HttpAuthMiddleware',
 'scrapy.downloadermiddlewares.downloadtimeout.DownloadTimeoutMiddleware',
 'scrapy.downloadermiddlewares.defaultheaders.DefaultHeadersMiddleware',
 'scrapy.downloadermiddlewares.useragent.UserAgentMiddleware',
 'scrapy.downloadermiddlewares.retry.RetryMiddleware',
 'scrapy.downloadermiddlewares.redirect.MetaRefreshMiddleware',
 'scrapy.downloadermiddlewares.httpcompression.HttpCompressionMiddleware',
 'scrapy.downloadermiddlewares.redirect.RedirectMiddleware',
 'scrapy.downloadermiddlewares.cookies.CookiesMiddleware',
 'scrapy.downloadermiddlewares.httpproxy.HttpProxyMiddleware',
 'scrapy.downloadermiddlewares.stats.DownloaderStats']
2023-02-23 22:02:36 [scrapy.middleware] INFO: Enabled spider middlewares:
['scrapy.spidermiddlewares.httperror.HttpErrorMiddleware',
 'scrapy.spidermiddlewares.offsite.OffsiteMiddleware',
 'scrapy.spidermiddlewares.referer.RefererMiddleware',
 'scrapy.spidermiddlewares.urllength.UrlLengthMiddleware',
 'scrapy.spidermiddlewares.depth.DepthMiddleware']
2023-02-23 22:02:36 [scrapy.middleware] INFO: Enabled item pipelines:
[]
2023-02-23 22:02:36 [scrapy.core.engine] INFO: Spider opened
2023-02-23 22:02:36 [scrapy.extensions.logstats] INFO: Crawled 0 pages (at 0 pages/min), scraped 0 items (at 0 items/min)
2023-02-23 22:02:36 [scrapy.extensions.telnet] INFO: Telnet console listening on 127.0.0.1:6023
2023-02-23 22:02:37 [filelock] DEBUG: Attempting to acquire lock 1929216396544 on D:\Python\lib\site-packages\tldextract\.suffix_cache/publicsuffix.org-tlds\de84b5ca2167d4c83e38fb162f2e8738.tldextract.json.lock
2023-02-23 22:02:37 [filelock] DEBUG: Lock 1929216396544 acquired on D:\Python\lib\site-packages\tldextract\.suffix_cache/publicsuffix.org-tlds\de84b5ca2167d4c83e38fb162f2e8738.tldextract.json.lock
2023-02-23 22:02:37 [filelock] DEBUG: Attempting to release lock 1929216396544 on D:\Python\lib\site-packages\tldextract\.suffix_cache/publicsuffix.org-tlds\de84b5ca2167d4c83e38fb162f2e8738.tldextract.json.lock
2023-02-23 22:02:37 [filelock] DEBUG: Lock 1929216396544 released on D:\Python\lib\site-packages\tldextract\.suffix_cache/publicsuffix.org-tlds\de84b5ca2167d4c83e38fb162f2e8738.tldextract.json.lock
2023-02-23 22:02:37 [scrapy.downloadermiddlewares.redirect] DEBUG: Redirecting (302) to <GET https://www.pixiv.net/artworks/105566118> from <GET https://www.pixiv.net/artworks/105566118/>
2023-02-23 22:02:38 [scrapy.core.engine] DEBUG: Crawled (200) <GET https://www.pixiv.net/artworks/105566118> (referer: None)
2023-02-23 22:02:38 [scrapy.core.engine] INFO: Closing spider (finished)
2023-02-23 22:02:38 [scrapy.statscollectors] INFO: Dumping Scrapy stats:
{'downloader/request_bytes': 965,
 'downloader/request_count': 2,
 'downloader/request_method_count/GET': 2,
 'downloader/response_bytes': 14613,
 'downloader/response_count': 2,
 'downloader/response_status_count/200': 1,
 'downloader/response_status_count/302': 1,
 'elapsed_time_seconds': 1.761743,
 'finish_reason': 'finished',
 'finish_time': datetime.datetime(2023, 2, 23, 14, 2, 38, 370757),
 'httpcompression/response_bytes': 50293,
 'httpcompression/response_count': 1,
 'log_count/DEBUG': 9,
 'log_count/INFO': 10,
 'response_received_count': 1,
 'scheduler/dequeued': 2,
 'scheduler/dequeued/memory': 2,
 'scheduler/enqueued': 2,
 'scheduler/enqueued/memory': 2,
 'start_time': datetime.datetime(2023, 2, 23, 14, 2, 36, 609014)}
2023-02-23 22:02:38 [scrapy.core.engine] INFO: Spider closed (finished)
2023-02-23 22:18:05 [scrapy.utils.log] INFO: Scrapy 2.7.1 started (bot: ACG)
2023-02-23 22:18:05 [scrapy.utils.log] INFO: Versions: lxml 4.9.2.0, libxml2 2.9.12, cssselect 1.2.0, parsel 1.7.0, w3lib 2.1.1, Twisted 22.10.0, Python 3.9.6 (tags/v3.9.6:db3ff76, Jun 28 2021, 15:26:21) [MSC v.1929 64 bit (AMD64)], pyOpenSSL 22.0.0 (OpenSSL 1.1.1n  15 Mar 2022), cryptography 36.0.2, Platform Windows-10-10.0.22621-SP0
2023-02-23 22:18:05 [scrapy.crawler] INFO: Overridden settings:
{'BOT_NAME': 'ACG',
 'LOG_FILE': 'log/scrapy_2023_2_23.log',
 'NEWSPIDER_MODULE': 'ACG.spiders',
 'REQUEST_FINGERPRINTER_IMPLEMENTATION': '2.7',
 'SPIDER_MODULES': ['ACG.spiders'],
 'TWISTED_REACTOR': 'twisted.internet.asyncioreactor.AsyncioSelectorReactor'}
2023-02-23 22:18:05 [asyncio] DEBUG: Using selector: SelectSelector
2023-02-23 22:18:05 [scrapy.utils.log] DEBUG: Using reactor: twisted.internet.asyncioreactor.AsyncioSelectorReactor
2023-02-23 22:18:05 [scrapy.utils.log] DEBUG: Using asyncio event loop: asyncio.windows_events._WindowsSelectorEventLoop
2023-02-23 22:18:05 [scrapy.extensions.telnet] INFO: Telnet Password: e4b120db38c0c9a8
2023-02-23 22:18:05 [scrapy.middleware] INFO: Enabled extensions:
['scrapy.extensions.corestats.CoreStats',
 'scrapy.extensions.telnet.TelnetConsole',
 'scrapy.extensions.logstats.LogStats']
2023-02-23 22:18:05 [scrapy.middleware] INFO: Enabled downloader middlewares:
['scrapy.downloadermiddlewares.httpauth.HttpAuthMiddleware',
 'scrapy.downloadermiddlewares.downloadtimeout.DownloadTimeoutMiddleware',
 'scrapy.downloadermiddlewares.defaultheaders.DefaultHeadersMiddleware',
 'scrapy.downloadermiddlewares.useragent.UserAgentMiddleware',
 'scrapy.downloadermiddlewares.retry.RetryMiddleware',
 'scrapy.downloadermiddlewares.redirect.MetaRefreshMiddleware',
 'scrapy.downloadermiddlewares.httpcompression.HttpCompressionMiddleware',
 'scrapy.downloadermiddlewares.redirect.RedirectMiddleware',
 'scrapy.downloadermiddlewares.cookies.CookiesMiddleware',
 'scrapy.downloadermiddlewares.httpproxy.HttpProxyMiddleware',
 'scrapy.downloadermiddlewares.stats.DownloaderStats']
2023-02-23 22:18:05 [scrapy.middleware] INFO: Enabled spider middlewares:
['scrapy.spidermiddlewares.httperror.HttpErrorMiddleware',
 'scrapy.spidermiddlewares.offsite.OffsiteMiddleware',
 'scrapy.spidermiddlewares.referer.RefererMiddleware',
 'scrapy.spidermiddlewares.urllength.UrlLengthMiddleware',
 'scrapy.spidermiddlewares.depth.DepthMiddleware']
2023-02-23 22:18:05 [scrapy.middleware] INFO: Enabled item pipelines:
[]
2023-02-23 22:18:05 [scrapy.core.engine] INFO: Spider opened
2023-02-23 22:18:05 [scrapy.extensions.logstats] INFO: Crawled 0 pages (at 0 pages/min), scraped 0 items (at 0 items/min)
2023-02-23 22:18:05 [scrapy.extensions.telnet] INFO: Telnet console listening on 127.0.0.1:6023
2023-02-23 22:18:07 [filelock] DEBUG: Attempting to acquire lock 2236469758368 on D:\Python\lib\site-packages\tldextract\.suffix_cache/publicsuffix.org-tlds\de84b5ca2167d4c83e38fb162f2e8738.tldextract.json.lock
2023-02-23 22:18:07 [filelock] DEBUG: Lock 2236469758368 acquired on D:\Python\lib\site-packages\tldextract\.suffix_cache/publicsuffix.org-tlds\de84b5ca2167d4c83e38fb162f2e8738.tldextract.json.lock
2023-02-23 22:18:07 [filelock] DEBUG: Attempting to release lock 2236469758368 on D:\Python\lib\site-packages\tldextract\.suffix_cache/publicsuffix.org-tlds\de84b5ca2167d4c83e38fb162f2e8738.tldextract.json.lock
2023-02-23 22:18:07 [filelock] DEBUG: Lock 2236469758368 released on D:\Python\lib\site-packages\tldextract\.suffix_cache/publicsuffix.org-tlds\de84b5ca2167d4c83e38fb162f2e8738.tldextract.json.lock
2023-02-23 22:18:07 [scrapy.downloadermiddlewares.redirect] DEBUG: Redirecting (302) to <GET https://www.pixiv.net/artworks/105566118> from <GET https://www.pixiv.net/artworks/105566118/>
2023-02-23 22:18:08 [scrapy.core.engine] DEBUG: Crawled (200) <GET https://www.pixiv.net/artworks/105566118> (referer: None)
2023-02-23 22:18:08 [scrapy.core.scraper] ERROR: Spider error processing <GET https://www.pixiv.net/artworks/105566118> (referer: None)
Traceback (most recent call last):
  File "D:\Python\lib\site-packages\twisted\internet\defer.py", line 892, in _runCallbacks
    current.result = callback(  # type: ignore[misc]
  File "E:\Github_Local\Ideas\Scrapy\ACG\ACG\spiders\pixivworkid.py", line 31, in parse
    ret=IllustInfos(illustId,illustTitle,illustDescription,illustUploadDate,illustTags,
  File "D:\Python\lib\site-packages\scrapy\item.py", line 75, in __init__
    for k, v in dict(*args, **kwargs).items():
TypeError: dict expected at most 1 argument, got 9
2023-02-23 22:18:08 [scrapy.core.engine] INFO: Closing spider (finished)
2023-02-23 22:18:08 [scrapy.statscollectors] INFO: Dumping Scrapy stats:
{'downloader/request_bytes': 965,
 'downloader/request_count': 2,
 'downloader/request_method_count/GET': 2,
 'downloader/response_bytes': 14732,
 'downloader/response_count': 2,
 'downloader/response_status_count/200': 1,
 'downloader/response_status_count/302': 1,
 'elapsed_time_seconds': 2.494957,
 'finish_reason': 'finished',
 'finish_time': datetime.datetime(2023, 2, 23, 14, 18, 8, 319325),
 'httpcompression/response_bytes': 50335,
 'httpcompression/response_count': 1,
 'log_count/DEBUG': 9,
 'log_count/ERROR': 1,
 'log_count/INFO': 10,
 'response_received_count': 1,
 'scheduler/dequeued': 2,
 'scheduler/dequeued/memory': 2,
 'scheduler/enqueued': 2,
 'scheduler/enqueued/memory': 2,
 'spider_exceptions/TypeError': 1,
 'start_time': datetime.datetime(2023, 2, 23, 14, 18, 5, 824368)}
2023-02-23 22:18:08 [scrapy.core.engine] INFO: Spider closed (finished)
2023-02-23 22:20:51 [scrapy.utils.log] INFO: Scrapy 2.7.1 started (bot: ACG)
2023-02-23 22:20:51 [scrapy.utils.log] INFO: Versions: lxml 4.9.2.0, libxml2 2.9.12, cssselect 1.2.0, parsel 1.7.0, w3lib 2.1.1, Twisted 22.10.0, Python 3.9.6 (tags/v3.9.6:db3ff76, Jun 28 2021, 15:26:21) [MSC v.1929 64 bit (AMD64)], pyOpenSSL 22.0.0 (OpenSSL 1.1.1n  15 Mar 2022), cryptography 36.0.2, Platform Windows-10-10.0.22621-SP0
2023-02-23 22:20:51 [scrapy.crawler] INFO: Overridden settings:
{'BOT_NAME': 'ACG',
 'LOG_FILE': 'log/scrapy_2023_2_23.log',
 'NEWSPIDER_MODULE': 'ACG.spiders',
 'REQUEST_FINGERPRINTER_IMPLEMENTATION': '2.7',
 'SPIDER_MODULES': ['ACG.spiders'],
 'TWISTED_REACTOR': 'twisted.internet.asyncioreactor.AsyncioSelectorReactor'}
2023-02-23 22:20:51 [asyncio] DEBUG: Using selector: SelectSelector
2023-02-23 22:20:51 [scrapy.utils.log] DEBUG: Using reactor: twisted.internet.asyncioreactor.AsyncioSelectorReactor
2023-02-23 22:20:51 [scrapy.utils.log] DEBUG: Using asyncio event loop: asyncio.windows_events._WindowsSelectorEventLoop
2023-02-23 22:20:51 [scrapy.extensions.telnet] INFO: Telnet Password: e85e8036fe506954
2023-02-23 22:20:51 [scrapy.middleware] INFO: Enabled extensions:
['scrapy.extensions.corestats.CoreStats',
 'scrapy.extensions.telnet.TelnetConsole',
 'scrapy.extensions.logstats.LogStats']
2023-02-23 22:20:51 [scrapy.middleware] INFO: Enabled downloader middlewares:
['scrapy.downloadermiddlewares.httpauth.HttpAuthMiddleware',
 'scrapy.downloadermiddlewares.downloadtimeout.DownloadTimeoutMiddleware',
 'scrapy.downloadermiddlewares.defaultheaders.DefaultHeadersMiddleware',
 'scrapy.downloadermiddlewares.useragent.UserAgentMiddleware',
 'scrapy.downloadermiddlewares.retry.RetryMiddleware',
 'scrapy.downloadermiddlewares.redirect.MetaRefreshMiddleware',
 'scrapy.downloadermiddlewares.httpcompression.HttpCompressionMiddleware',
 'scrapy.downloadermiddlewares.redirect.RedirectMiddleware',
 'scrapy.downloadermiddlewares.cookies.CookiesMiddleware',
 'scrapy.downloadermiddlewares.httpproxy.HttpProxyMiddleware',
 'scrapy.downloadermiddlewares.stats.DownloaderStats']
2023-02-23 22:20:51 [scrapy.middleware] INFO: Enabled spider middlewares:
['scrapy.spidermiddlewares.httperror.HttpErrorMiddleware',
 'scrapy.spidermiddlewares.offsite.OffsiteMiddleware',
 'scrapy.spidermiddlewares.referer.RefererMiddleware',
 'scrapy.spidermiddlewares.urllength.UrlLengthMiddleware',
 'scrapy.spidermiddlewares.depth.DepthMiddleware']
2023-02-23 22:20:51 [scrapy.middleware] INFO: Enabled item pipelines:
[]
2023-02-23 22:20:51 [scrapy.core.engine] INFO: Spider opened
2023-02-23 22:20:51 [scrapy.extensions.logstats] INFO: Crawled 0 pages (at 0 pages/min), scraped 0 items (at 0 items/min)
2023-02-23 22:20:51 [scrapy.extensions.telnet] INFO: Telnet console listening on 127.0.0.1:6023
2023-02-23 22:20:52 [filelock] DEBUG: Attempting to acquire lock 2598830216672 on D:\Python\lib\site-packages\tldextract\.suffix_cache/publicsuffix.org-tlds\de84b5ca2167d4c83e38fb162f2e8738.tldextract.json.lock
2023-02-23 22:20:52 [filelock] DEBUG: Lock 2598830216672 acquired on D:\Python\lib\site-packages\tldextract\.suffix_cache/publicsuffix.org-tlds\de84b5ca2167d4c83e38fb162f2e8738.tldextract.json.lock
2023-02-23 22:20:52 [filelock] DEBUG: Attempting to release lock 2598830216672 on D:\Python\lib\site-packages\tldextract\.suffix_cache/publicsuffix.org-tlds\de84b5ca2167d4c83e38fb162f2e8738.tldextract.json.lock
2023-02-23 22:20:52 [filelock] DEBUG: Lock 2598830216672 released on D:\Python\lib\site-packages\tldextract\.suffix_cache/publicsuffix.org-tlds\de84b5ca2167d4c83e38fb162f2e8738.tldextract.json.lock
2023-02-23 22:20:52 [scrapy.downloadermiddlewares.redirect] DEBUG: Redirecting (302) to <GET https://www.pixiv.net/artworks/105566118> from <GET https://www.pixiv.net/artworks/105566118/>
2023-02-23 22:20:53 [scrapy.core.engine] DEBUG: Crawled (200) <GET https://www.pixiv.net/artworks/105566118> (referer: None)
2023-02-23 22:20:53 [scrapy.core.scraper] ERROR: Spider error processing <GET https://www.pixiv.net/artworks/105566118> (referer: None)
Traceback (most recent call last):
  File "D:\Python\lib\site-packages\twisted\internet\defer.py", line 892, in _runCallbacks
    current.result = callback(  # type: ignore[misc]
  File "E:\Github_Local\Ideas\Scrapy\ACG\ACG\spiders\pixivworkid.py", line 31, in parse
    ret=IllustInfos(illustId,illustTitle,illustDescription,illustUploadDate,illustTags,
  File "D:\Python\lib\site-packages\scrapy\item.py", line 75, in __init__
    for k, v in dict(*args, **kwargs).items():
TypeError: dict expected at most 1 argument, got 9
2023-02-23 22:20:53 [scrapy.core.engine] INFO: Closing spider (finished)
2023-02-23 22:20:53 [scrapy.statscollectors] INFO: Dumping Scrapy stats:
{'downloader/request_bytes': 965,
 'downloader/request_count': 2,
 'downloader/request_method_count/GET': 2,
 'downloader/response_bytes': 14618,
 'downloader/response_count': 2,
 'downloader/response_status_count/200': 1,
 'downloader/response_status_count/302': 1,
 'elapsed_time_seconds': 1.780227,
 'finish_reason': 'finished',
 'finish_time': datetime.datetime(2023, 2, 23, 14, 20, 53, 307603),
 'httpcompression/response_bytes': 50287,
 'httpcompression/response_count': 1,
 'log_count/DEBUG': 9,
 'log_count/ERROR': 1,
 'log_count/INFO': 10,
 'response_received_count': 1,
 'scheduler/dequeued': 2,
 'scheduler/dequeued/memory': 2,
 'scheduler/enqueued': 2,
 'scheduler/enqueued/memory': 2,
 'spider_exceptions/TypeError': 1,
 'start_time': datetime.datetime(2023, 2, 23, 14, 20, 51, 527376)}
2023-02-23 22:20:53 [scrapy.core.engine] INFO: Spider closed (finished)
2023-02-23 22:23:17 [scrapy.utils.log] INFO: Scrapy 2.7.1 started (bot: ACG)
2023-02-23 22:23:17 [scrapy.utils.log] INFO: Versions: lxml 4.9.2.0, libxml2 2.9.12, cssselect 1.2.0, parsel 1.7.0, w3lib 2.1.1, Twisted 22.10.0, Python 3.9.6 (tags/v3.9.6:db3ff76, Jun 28 2021, 15:26:21) [MSC v.1929 64 bit (AMD64)], pyOpenSSL 22.0.0 (OpenSSL 1.1.1n  15 Mar 2022), cryptography 36.0.2, Platform Windows-10-10.0.22621-SP0
2023-02-23 22:23:17 [scrapy.crawler] INFO: Overridden settings:
{'BOT_NAME': 'ACG',
 'LOG_FILE': 'log/scrapy_2023_2_23.log',
 'NEWSPIDER_MODULE': 'ACG.spiders',
 'REQUEST_FINGERPRINTER_IMPLEMENTATION': '2.7',
 'SPIDER_MODULES': ['ACG.spiders'],
 'TWISTED_REACTOR': 'twisted.internet.asyncioreactor.AsyncioSelectorReactor'}
2023-02-23 22:23:17 [asyncio] DEBUG: Using selector: SelectSelector
2023-02-23 22:23:17 [scrapy.utils.log] DEBUG: Using reactor: twisted.internet.asyncioreactor.AsyncioSelectorReactor
2023-02-23 22:23:17 [scrapy.utils.log] DEBUG: Using asyncio event loop: asyncio.windows_events._WindowsSelectorEventLoop
2023-02-23 22:23:17 [scrapy.extensions.telnet] INFO: Telnet Password: ef873123185444de
2023-02-23 22:23:17 [scrapy.middleware] INFO: Enabled extensions:
['scrapy.extensions.corestats.CoreStats',
 'scrapy.extensions.telnet.TelnetConsole',
 'scrapy.extensions.logstats.LogStats']
2023-02-23 22:23:17 [scrapy.middleware] INFO: Enabled downloader middlewares:
['scrapy.downloadermiddlewares.httpauth.HttpAuthMiddleware',
 'scrapy.downloadermiddlewares.downloadtimeout.DownloadTimeoutMiddleware',
 'scrapy.downloadermiddlewares.defaultheaders.DefaultHeadersMiddleware',
 'scrapy.downloadermiddlewares.useragent.UserAgentMiddleware',
 'scrapy.downloadermiddlewares.retry.RetryMiddleware',
 'scrapy.downloadermiddlewares.redirect.MetaRefreshMiddleware',
 'scrapy.downloadermiddlewares.httpcompression.HttpCompressionMiddleware',
 'scrapy.downloadermiddlewares.redirect.RedirectMiddleware',
 'scrapy.downloadermiddlewares.cookies.CookiesMiddleware',
 'scrapy.downloadermiddlewares.httpproxy.HttpProxyMiddleware',
 'scrapy.downloadermiddlewares.stats.DownloaderStats']
2023-02-23 22:23:17 [scrapy.middleware] INFO: Enabled spider middlewares:
['scrapy.spidermiddlewares.httperror.HttpErrorMiddleware',
 'scrapy.spidermiddlewares.offsite.OffsiteMiddleware',
 'scrapy.spidermiddlewares.referer.RefererMiddleware',
 'scrapy.spidermiddlewares.urllength.UrlLengthMiddleware',
 'scrapy.spidermiddlewares.depth.DepthMiddleware']
2023-02-23 22:23:17 [scrapy.middleware] INFO: Enabled item pipelines:
[]
2023-02-23 22:23:17 [scrapy.core.engine] INFO: Spider opened
2023-02-23 22:23:17 [scrapy.extensions.logstats] INFO: Crawled 0 pages (at 0 pages/min), scraped 0 items (at 0 items/min)
2023-02-23 22:23:17 [scrapy.extensions.telnet] INFO: Telnet console listening on 127.0.0.1:6023
2023-02-23 22:23:19 [filelock] DEBUG: Attempting to acquire lock 2117054695120 on D:\Python\lib\site-packages\tldextract\.suffix_cache/publicsuffix.org-tlds\de84b5ca2167d4c83e38fb162f2e8738.tldextract.json.lock
2023-02-23 22:23:19 [filelock] DEBUG: Lock 2117054695120 acquired on D:\Python\lib\site-packages\tldextract\.suffix_cache/publicsuffix.org-tlds\de84b5ca2167d4c83e38fb162f2e8738.tldextract.json.lock
2023-02-23 22:23:19 [filelock] DEBUG: Attempting to release lock 2117054695120 on D:\Python\lib\site-packages\tldextract\.suffix_cache/publicsuffix.org-tlds\de84b5ca2167d4c83e38fb162f2e8738.tldextract.json.lock
2023-02-23 22:23:19 [filelock] DEBUG: Lock 2117054695120 released on D:\Python\lib\site-packages\tldextract\.suffix_cache/publicsuffix.org-tlds\de84b5ca2167d4c83e38fb162f2e8738.tldextract.json.lock
2023-02-23 22:23:19 [scrapy.downloadermiddlewares.redirect] DEBUG: Redirecting (302) to <GET https://www.pixiv.net/artworks/105566118> from <GET https://www.pixiv.net/artworks/105566118/>
2023-02-23 22:23:19 [scrapy.core.engine] DEBUG: Crawled (200) <GET https://www.pixiv.net/artworks/105566118> (referer: None)
2023-02-23 22:23:19 [scrapy.core.engine] INFO: Closing spider (finished)
2023-02-23 22:23:19 [scrapy.statscollectors] INFO: Dumping Scrapy stats:
{'downloader/request_bytes': 965,
 'downloader/request_count': 2,
 'downloader/request_method_count/GET': 2,
 'downloader/response_bytes': 14703,
 'downloader/response_count': 2,
 'downloader/response_status_count/200': 1,
 'downloader/response_status_count/302': 1,
 'elapsed_time_seconds': 1.929269,
 'finish_reason': 'finished',
 'finish_time': datetime.datetime(2023, 2, 23, 14, 23, 19, 779188),
 'httpcompression/response_bytes': 50294,
 'httpcompression/response_count': 1,
 'log_count/DEBUG': 9,
 'log_count/INFO': 10,
 'response_received_count': 1,
 'scheduler/dequeued': 2,
 'scheduler/dequeued/memory': 2,
 'scheduler/enqueued': 2,
 'scheduler/enqueued/memory': 2,
 'start_time': datetime.datetime(2023, 2, 23, 14, 23, 17, 849919)}
2023-02-23 22:23:19 [scrapy.core.engine] INFO: Spider closed (finished)
