2023-03-07 21:42:04 [scrapy.utils.log] INFO: Scrapy 2.7.1 started (bot: ACG)
2023-03-07 21:42:04 [scrapy.utils.log] INFO: Versions: lxml 4.9.2.0, libxml2 2.9.12, cssselect 1.2.0, parsel 1.7.0, w3lib 2.1.1, Twisted 22.10.0, Python 3.9.6 (tags/v3.9.6:db3ff76, Jun 28 2021, 15:26:21) [MSC v.1929 64 bit (AMD64)], pyOpenSSL 22.0.0 (OpenSSL 1.1.1n  15 Mar 2022), cryptography 36.0.2, Platform Windows-10-10.0.22621-SP0
2023-03-07 21:42:04 [scrapy.crawler] INFO: Overridden settings:
{'BOT_NAME': 'ACG',
 'LOG_FILE': 'log/scrapy_2023_3_7.log',
 'NEWSPIDER_MODULE': 'ACG.spiders',
 'REQUEST_FINGERPRINTER_IMPLEMENTATION': '2.7',
 'SPIDER_MODULES': ['ACG.spiders'],
 'TWISTED_REACTOR': 'twisted.internet.asyncioreactor.AsyncioSelectorReactor'}
2023-03-07 21:42:04 [asyncio] DEBUG: Using selector: SelectSelector
2023-03-07 21:42:04 [scrapy.utils.log] DEBUG: Using reactor: twisted.internet.asyncioreactor.AsyncioSelectorReactor
2023-03-07 21:42:04 [scrapy.utils.log] DEBUG: Using asyncio event loop: asyncio.windows_events._WindowsSelectorEventLoop
2023-03-07 21:42:04 [scrapy.extensions.telnet] INFO: Telnet Password: 81728c3144c902d4
2023-03-07 21:42:04 [scrapy.middleware] INFO: Enabled extensions:
['scrapy.extensions.corestats.CoreStats',
 'scrapy.extensions.telnet.TelnetConsole',
 'scrapy.extensions.logstats.LogStats']
2023-03-07 21:42:04 [scrapy.middleware] INFO: Enabled downloader middlewares:
['ACG.middlewares.DelayedRequestsMiddleware',
 'scrapy.downloadermiddlewares.httpauth.HttpAuthMiddleware',
 'scrapy.downloadermiddlewares.downloadtimeout.DownloadTimeoutMiddleware',
 'scrapy.downloadermiddlewares.defaultheaders.DefaultHeadersMiddleware',
 'scrapy.downloadermiddlewares.useragent.UserAgentMiddleware',
 'scrapy.downloadermiddlewares.retry.RetryMiddleware',
 'scrapy.downloadermiddlewares.redirect.MetaRefreshMiddleware',
 'scrapy.downloadermiddlewares.httpcompression.HttpCompressionMiddleware',
 'scrapy.downloadermiddlewares.redirect.RedirectMiddleware',
 'scrapy.downloadermiddlewares.cookies.CookiesMiddleware',
 'scrapy.downloadermiddlewares.httpproxy.HttpProxyMiddleware',
 'scrapy.downloadermiddlewares.stats.DownloaderStats']
2023-03-07 21:42:04 [scrapy.middleware] INFO: Enabled spider middlewares:
['scrapy.spidermiddlewares.httperror.HttpErrorMiddleware',
 'scrapy.spidermiddlewares.offsite.OffsiteMiddleware',
 'scrapy.spidermiddlewares.referer.RefererMiddleware',
 'scrapy.spidermiddlewares.urllength.UrlLengthMiddleware',
 'scrapy.spidermiddlewares.depth.DepthMiddleware']
2023-03-07 21:42:04 [scrapy.middleware] INFO: Enabled item pipelines:
[]
2023-03-07 21:42:04 [scrapy.core.engine] INFO: Spider opened
2023-03-07 21:42:04 [scrapy.extensions.logstats] INFO: Crawled 0 pages (at 0 pages/min), scraped 0 items (at 0 items/min)
2023-03-07 21:42:04 [scrapy.extensions.telnet] INFO: Telnet console listening on 127.0.0.1:6023
2023-03-07 21:42:05 [scrapy.core.engine] DEBUG: Crawled (404) <GET http://2302--2700.0227.world.chickengotogo.com:1223/o/> (referer: None)
2023-03-07 21:42:06 [filelock] DEBUG: Attempting to acquire lock 3018187832048 on D:\Python\lib\site-packages\tldextract\.suffix_cache/publicsuffix.org-tlds\de84b5ca2167d4c83e38fb162f2e8738.tldextract.json.lock
2023-03-07 21:42:06 [filelock] DEBUG: Lock 3018187832048 acquired on D:\Python\lib\site-packages\tldextract\.suffix_cache/publicsuffix.org-tlds\de84b5ca2167d4c83e38fb162f2e8738.tldextract.json.lock
2023-03-07 21:42:06 [filelock] DEBUG: Attempting to release lock 3018187832048 on D:\Python\lib\site-packages\tldextract\.suffix_cache/publicsuffix.org-tlds\de84b5ca2167d4c83e38fb162f2e8738.tldextract.json.lock
2023-03-07 21:42:06 [filelock] DEBUG: Lock 3018187832048 released on D:\Python\lib\site-packages\tldextract\.suffix_cache/publicsuffix.org-tlds\de84b5ca2167d4c83e38fb162f2e8738.tldextract.json.lock
2023-03-07 21:42:06 [scrapy.core.engine] DEBUG: Crawled (200) <GET https://www.jan.mmss888.com/> (referer: http://2302--2700.0227.world.chickengotogo.com:1223/o/)
2023-03-07 21:42:06 [scrapy.downloadermiddlewares.redirect] DEBUG: Redirecting (301) to <POST https://www.jan.mmss888.com/> from <POST https://www.jan.mmss888.com/member.php?mod=logging&action=login&loginsubmit=yes&infloat=yes&lssubmit=yes>
2023-03-07 21:42:07 [scrapy.core.engine] DEBUG: Crawled (200) <POST https://www.jan.mmss888.com/> (referer: https://www.jan.mmss888.com/)
2023-03-07 21:42:08 [scrapy.core.engine] DEBUG: Crawled (200) <GET https://www.jan.mmss888.com/> (referer: https://www.jan.mmss888.com/)
2023-03-07 21:42:09 [scrapy.core.engine] DEBUG: Crawled (200) <GET https://www.jan.mmss888.com/forum.php?mod=viewthread&tid=876199&extra=> (referer: https://www.jan.mmss888.com/)
2023-03-07 21:42:09 [scrapy.core.engine] DEBUG: Crawled (200) <GET https://www.jan.mmss888.com/home.php?mod=space&uid=2059673&do=doing&view=me&from=space> (referer: https://www.jan.mmss888.com/)
2023-03-07 21:42:09 [scrapy.core.engine] DEBUG: Crawled (200) <GET https://www.jan.mmss888.com/home.php?mod=spacecp&ac=credit&showcredit=1> (referer: https://www.jan.mmss888.com/)
2023-03-07 21:42:10 [scrapy.core.engine] DEBUG: Crawled (200) <POST https://www.jan.mmss888.com/home.php?mod=spacecp&ac=doing&view=me> (referer: https://www.jan.mmss888.com/home.php?mod=space&uid=2059673&do=doing&view=me&from=space)
2023-03-07 21:42:11 [scrapy.core.engine] DEBUG: Crawled (301) <POST https://www.jan.mmss888.com/forum.php?mod=post&action=reply&fid=72&tid=876199&extra=&replysubmit=yes&infloat=yes&handlekey=fastpost> (referer: https://www.jan.mmss888.com/forum.php?mod=viewthread&tid=876199&extra=)
2023-03-07 21:42:11 [scrapy.spidermiddlewares.httperror] INFO: Ignoring response <301 https://www.jan.mmss888.com/forum.php?mod=post&action=reply&fid=72&tid=876199&extra=&replysubmit=yes&infloat=yes&handlekey=fastpost>: HTTP status code is not handled or not allowed
2023-03-07 21:43:04 [scrapy.extensions.logstats] INFO: Crawled 9 pages (at 9 pages/min), scraped 0 items (at 0 items/min)
2023-03-07 21:43:11 [scrapy.core.engine] DEBUG: Crawled (200) <GET https://www.jan.mmss888.com/forum.php?mod=viewthread&tid=876189&extra=> (referer: https://www.jan.mmss888.com/)
2023-03-07 21:43:11 [scrapy.core.engine] DEBUG: Crawled (301) <POST https://www.jan.mmss888.com/forum.php?mod=post&action=reply&fid=72&tid=876189&extra=&replysubmit=yes&infloat=yes&handlekey=fastpost> (referer: https://www.jan.mmss888.com/forum.php?mod=viewthread&tid=876189&extra=)
2023-03-07 21:43:12 [scrapy.spidermiddlewares.httperror] INFO: Ignoring response <301 https://www.jan.mmss888.com/forum.php?mod=post&action=reply&fid=72&tid=876189&extra=&replysubmit=yes&infloat=yes&handlekey=fastpost>: HTTP status code is not handled or not allowed
2023-03-07 21:43:12 [scrapy.core.engine] DEBUG: Crawled (200) <POST https://www.jan.mmss888.com/home.php?mod=spacecp&ac=doing&view=me> (referer: https://www.jan.mmss888.com/home.php?mod=space&uid=2059673&do=doing&view=me&from=space)
2023-03-07 21:44:04 [scrapy.extensions.logstats] INFO: Crawled 12 pages (at 3 pages/min), scraped 0 items (at 0 items/min)
2023-03-07 21:44:13 [scrapy.core.engine] DEBUG: Crawled (200) <GET https://www.jan.mmss888.com/forum.php?mod=viewthread&tid=876187&extra=> (referer: https://www.jan.mmss888.com/)
2023-03-07 21:44:14 [scrapy.core.engine] DEBUG: Crawled (301) <POST https://www.jan.mmss888.com/home.php?mod=spacecp&ac=doing&view=me> (referer: https://www.jan.mmss888.com/home.php?mod=space&uid=2059673&do=doing&view=me&from=space)
2023-03-07 21:44:15 [scrapy.spidermiddlewares.httperror] INFO: Ignoring response <301 https://www.jan.mmss888.com/home.php?mod=spacecp&ac=doing&view=me>: HTTP status code is not handled or not allowed
2023-03-07 21:44:15 [scrapy.core.engine] DEBUG: Crawled (301) <POST https://www.jan.mmss888.com/forum.php?mod=post&action=reply&fid=40&tid=876187&extra=&replysubmit=yes&infloat=yes&handlekey=fastpost> (referer: https://www.jan.mmss888.com/forum.php?mod=viewthread&tid=876187&extra=)
2023-03-07 21:44:15 [scrapy.spidermiddlewares.httperror] INFO: Ignoring response <301 https://www.jan.mmss888.com/forum.php?mod=post&action=reply&fid=40&tid=876187&extra=&replysubmit=yes&infloat=yes&handlekey=fastpost>: HTTP status code is not handled or not allowed
2023-03-07 21:45:04 [scrapy.extensions.logstats] INFO: Crawled 15 pages (at 3 pages/min), scraped 0 items (at 0 items/min)
2023-03-07 21:45:15 [scrapy.downloadermiddlewares.retry] DEBUG: Retrying <POST https://www.jan.mmss888.com/home.php?mod=spacecp&ac=doing&view=me> (failed 1 times): [<twisted.python.failure.Failure twisted.internet.error.ConnectionDone: Connection was closed cleanly.>]
2023-03-07 21:46:04 [scrapy.extensions.logstats] INFO: Crawled 15 pages (at 0 pages/min), scraped 0 items (at 0 items/min)
2023-03-07 21:46:19 [scrapy.core.engine] DEBUG: Crawled (301) <POST https://www.jan.mmss888.com/home.php?mod=spacecp&ac=doing&view=me> (referer: https://www.jan.mmss888.com/home.php?mod=space&uid=2059673&do=doing&view=me&from=space)
2023-03-07 21:46:19 [scrapy.spidermiddlewares.httperror] INFO: Ignoring response <301 https://www.jan.mmss888.com/home.php?mod=spacecp&ac=doing&view=me>: HTTP status code is not handled or not allowed
2023-03-07 21:47:04 [scrapy.extensions.logstats] INFO: Crawled 16 pages (at 1 pages/min), scraped 0 items (at 0 items/min)
2023-03-07 21:48:04 [scrapy.extensions.logstats] INFO: Crawled 16 pages (at 0 pages/min), scraped 0 items (at 0 items/min)
2023-03-07 21:48:23 [scrapy.core.engine] DEBUG: Crawled (301) <POST https://www.jan.mmss888.com/home.php?mod=spacecp&ac=doing&view=me> (referer: https://www.jan.mmss888.com/home.php?mod=space&uid=2059673&do=doing&view=me&from=space)
2023-03-07 21:48:23 [scrapy.spidermiddlewares.httperror] INFO: Ignoring response <301 https://www.jan.mmss888.com/home.php?mod=spacecp&ac=doing&view=me>: HTTP status code is not handled or not allowed
2023-03-07 21:48:23 [py.warnings] WARNING: E:\Github_Local\Python_Application\Scrapy\ACG\ACG\spiders\sbook.py:105: ScrapyDeprecationWarning: Passing a 'spider' argument to ExecutionEngine.crawl is deprecated
  self.crawler.engine.crawl(req, spider)

2023-03-07 21:48:24 [scrapy.core.engine] DEBUG: Crawled (200) <GET https://www.jan.mmss888.com/home.php?mod=spacecp&ac=credit&showcredit=1> (referer: None)
2023-03-07 21:48:24 [scrapy.dupefilters] DEBUG: Filtered duplicate request: <GET https://www.jan.mmss888.com/home.php?mod=spacecp&ac=credit&showcredit=1> - no more duplicates will be shown (see DUPEFILTER_DEBUG to show all duplicates)
2023-03-07 21:48:24 [scrapy.core.engine] INFO: Closing spider (finished)
2023-03-07 21:48:24 [scrapy.statscollectors] INFO: Dumping Scrapy stats:
{'downloader/exception_count': 1,
 'downloader/exception_type_count/twisted.web._newclient.ResponseNeverReceived': 1,
 'downloader/request_bytes': 23643,
 'downloader/request_count': 20,
 'downloader/request_method_count/GET': 9,
 'downloader/request_method_count/POST': 11,
 'downloader/response_bytes': 140915,
 'downloader/response_count': 19,
 'downloader/response_status_count/200': 11,
 'downloader/response_status_count/301': 7,
 'downloader/response_status_count/404': 1,
 'dupefilter/filtered': 1,
 'elapsed_time_seconds': 379.687845,
 'finish_reason': 'finished',
 'finish_time': datetime.datetime(2023, 3, 7, 13, 48, 24, 434010),
 'httpcompression/response_bytes': 497759,
 'httpcompression/response_count': 12,
 'httperror/response_ignored_count': 6,
 'httperror/response_ignored_status_count/301': 6,
 'log_count/DEBUG': 28,
 'log_count/INFO': 22,
 'log_count/WARNING': 1,
 'request_depth_max': 5,
 'response_received_count': 18,
 'retry/count': 1,
 'retry/reason_count/twisted.web._newclient.ResponseNeverReceived': 1,
 'scheduler/dequeued': 20,
 'scheduler/dequeued/memory': 20,
 'scheduler/enqueued': 20,
 'scheduler/enqueued/memory': 20,
 'start_time': datetime.datetime(2023, 3, 7, 13, 42, 4, 746165)}
2023-03-07 21:48:24 [scrapy.core.engine] INFO: Spider closed (finished)
